{"/Users/christophosswald/kDrive-Privat/Software/order-platform/pi/frontend/src/router/guards.js": {"path":"/Users/christophosswald/kDrive-Privat/Software/order-platform/pi/frontend/src/router/guards.js","all":false,"statementMap":{"0":{"start":{"line":1,"column":0},"end":{"line":1,"column":44}},"2":{"start":{"line":3,"column":0},"end":{"line":3,"column":74}},"4":{"start":{"line":5,"column":0},"end":{"line":5,"column":43}},"5":{"start":{"line":6,"column":0},"end":{"line":6,"column":35}},"6":{"start":{"line":7,"column":0},"end":{"line":7,"column":90}},"7":{"start":{"line":8,"column":0},"end":{"line":8,"column":71}},"8":{"start":{"line":9,"column":0},"end":{"line":9,"column":5}},"9":{"start":{"line":10,"column":0},"end":{"line":10,"column":57}},"10":{"start":{"line":11,"column":0},"end":{"line":11,"column":48}},"11":{"start":{"line":12,"column":0},"end":{"line":12,"column":13}},"12":{"start":{"line":13,"column":0},"end":{"line":13,"column":37}},"13":{"start":{"line":14,"column":0},"end":{"line":14,"column":17}},"14":{"start":{"line":15,"column":0},"end":{"line":15,"column":34}},"15":{"start":{"line":16,"column":0},"end":{"line":16,"column":9}},"16":{"start":{"line":17,"column":0},"end":{"line":17,"column":7}},"17":{"start":{"line":18,"column":0},"end":{"line":18,"column":33}},"18":{"start":{"line":19,"column":0},"end":{"line":19,"column":49}},"19":{"start":{"line":20,"column":0},"end":{"line":20,"column":21}},"20":{"start":{"line":21,"column":0},"end":{"line":21,"column":9}},"21":{"start":{"line":22,"column":0},"end":{"line":22,"column":33}},"22":{"start":{"line":23,"column":0},"end":{"line":23,"column":7}},"23":{"start":{"line":24,"column":0},"end":{"line":24,"column":5}},"24":{"start":{"line":25,"column":0},"end":{"line":25,"column":71}},"25":{"start":{"line":26,"column":0},"end":{"line":26,"column":31}},"26":{"start":{"line":27,"column":0},"end":{"line":27,"column":5}},"27":{"start":{"line":28,"column":0},"end":{"line":28,"column":56}},"28":{"start":{"line":29,"column":0},"end":{"line":29,"column":64}},"29":{"start":{"line":30,"column":0},"end":{"line":30,"column":5}},"30":{"start":{"line":31,"column":0},"end":{"line":31,"column":35}},"31":{"start":{"line":32,"column":0},"end":{"line":32,"column":55}},"32":{"start":{"line":33,"column":0},"end":{"line":33,"column":49}},"33":{"start":{"line":34,"column":0},"end":{"line":34,"column":54}},"34":{"start":{"line":35,"column":0},"end":{"line":35,"column":70}},"35":{"start":{"line":36,"column":0},"end":{"line":36,"column":7}},"36":{"start":{"line":37,"column":0},"end":{"line":37,"column":5}},"37":{"start":{"line":38,"column":0},"end":{"line":38,"column":15}},"38":{"start":{"line":39,"column":0},"end":{"line":39,"column":4}},"39":{"start":{"line":40,"column":0},"end":{"line":40,"column":1}}},"s":{"0":1,"2":1,"4":1,"5":5,"6":10,"7":1,"8":1,"9":10,"10":1,"11":1,"12":1,"13":1,"14":0,"15":0,"16":1,"17":1,"18":1,"19":0,"20":0,"21":1,"22":1,"23":1,"24":10,"25":1,"26":1,"27":10,"28":1,"29":1,"30":10,"31":1,"32":1,"33":1,"34":1,"35":1,"36":1,"37":5,"38":5,"39":5},"branchMap":{"0":{"type":"branch","line":5,"loc":{"start":{"line":5,"column":7},"end":{"line":40,"column":1}},"locations":[{"start":{"line":5,"column":7},"end":{"line":40,"column":1}}]},"1":{"type":"branch","line":6,"loc":{"start":{"line":6,"column":20},"end":{"line":39,"column":3}},"locations":[{"start":{"line":6,"column":20},"end":{"line":39,"column":3}}]},"2":{"type":"branch","line":7,"loc":{"start":{"line":7,"column":30},"end":{"line":7,"column":57}},"locations":[{"start":{"line":7,"column":30},"end":{"line":7,"column":57}}]},"3":{"type":"branch","line":7,"loc":{"start":{"line":7,"column":58},"end":{"line":7,"column":87}},"locations":[{"start":{"line":7,"column":58},"end":{"line":7,"column":87}}]},"4":{"type":"branch","line":7,"loc":{"start":{"line":7,"column":89},"end":{"line":9,"column":5}},"locations":[{"start":{"line":7,"column":89},"end":{"line":9,"column":5}}]},"5":{"type":"branch","line":9,"loc":{"start":{"line":9,"column":4},"end":{"line":10,"column":31}},"locations":[{"start":{"line":9,"column":4},"end":{"line":10,"column":31}}]},"6":{"type":"branch","line":10,"loc":{"start":{"line":10,"column":31},"end":{"line":10,"column":54}},"locations":[{"start":{"line":10,"column":31},"end":{"line":10,"column":54}}]},"7":{"type":"branch","line":10,"loc":{"start":{"line":10,"column":56},"end":{"line":24,"column":5}},"locations":[{"start":{"line":10,"column":56},"end":{"line":24,"column":5}}]},"8":{"type":"branch","line":14,"loc":{"start":{"line":14,"column":10},"end":{"line":16,"column":9}},"locations":[{"start":{"line":14,"column":10},"end":{"line":16,"column":9}}]},"9":{"type":"branch","line":19,"loc":{"start":{"line":19,"column":48},"end":{"line":21,"column":9}},"locations":[{"start":{"line":19,"column":48},"end":{"line":21,"column":9}}]},"10":{"type":"branch","line":24,"loc":{"start":{"line":24,"column":4},"end":{"line":25,"column":30}},"locations":[{"start":{"line":24,"column":4},"end":{"line":25,"column":30}}]},"11":{"type":"branch","line":25,"loc":{"start":{"line":25,"column":30},"end":{"line":25,"column":68}},"locations":[{"start":{"line":25,"column":30},"end":{"line":25,"column":68}}]},"12":{"type":"branch","line":25,"loc":{"start":{"line":25,"column":70},"end":{"line":27,"column":5}},"locations":[{"start":{"line":25,"column":70},"end":{"line":27,"column":5}}]},"13":{"type":"branch","line":27,"loc":{"start":{"line":27,"column":4},"end":{"line":28,"column":31}},"locations":[{"start":{"line":27,"column":4},"end":{"line":28,"column":31}}]},"14":{"type":"branch","line":28,"loc":{"start":{"line":28,"column":31},"end":{"line":28,"column":53}},"locations":[{"start":{"line":28,"column":31},"end":{"line":28,"column":53}}]},"15":{"type":"branch","line":28,"loc":{"start":{"line":28,"column":55},"end":{"line":30,"column":5}},"locations":[{"start":{"line":28,"column":55},"end":{"line":30,"column":5}}]},"16":{"type":"branch","line":30,"loc":{"start":{"line":30,"column":4},"end":{"line":31,"column":34}},"locations":[{"start":{"line":30,"column":4},"end":{"line":31,"column":34}}]},"17":{"type":"branch","line":31,"loc":{"start":{"line":31,"column":34},"end":{"line":37,"column":5}},"locations":[{"start":{"line":31,"column":34},"end":{"line":37,"column":5}}]},"18":{"type":"branch","line":32,"loc":{"start":{"line":32,"column":49},"end":{"line":32,"column":54}},"locations":[{"start":{"line":32,"column":49},"end":{"line":32,"column":54}}]},"19":{"type":"branch","line":37,"loc":{"start":{"line":37,"column":4},"end":{"line":39,"column":2}},"locations":[{"start":{"line":37,"column":4},"end":{"line":39,"column":2}}]}},"b":{"0":[5],"1":[10],"2":[1],"3":[1],"4":[1],"5":[9],"6":[4],"7":[1],"8":[0],"9":[0],"10":[8],"11":[3],"12":[1],"13":[7],"14":[1],"15":[1],"16":[6],"17":[1],"18":[0],"19":[5]},"fnMap":{"0":{"name":"setupRouterGuards","decl":{"start":{"line":5,"column":7},"end":{"line":40,"column":1}},"loc":{"start":{"line":5,"column":7},"end":{"line":40,"column":1}},"line":5}},"f":{"0":5}}
,"/Users/christophosswald/kDrive-Privat/Software/order-platform/pi/frontend/src/store/index.js": {"path":"/Users/christophosswald/kDrive-Privat/Software/order-platform/pi/frontend/src/store/index.js","all":false,"statementMap":{"0":{"start":{"line":1,"column":0},"end":{"line":1,"column":59}},"1":{"start":{"line":2,"column":0},"end":{"line":2,"column":33}},"2":{"start":{"line":3,"column":0},"end":{"line":3,"column":8}},"9":{"start":{"line":10,"column":0},"end":{"line":10,"column":92}},"11":{"start":{"line":12,"column":0},"end":{"line":12,"column":47}},"12":{"start":{"line":13,"column":0},"end":{"line":13,"column":31}},"13":{"start":{"line":14,"column":0},"end":{"line":14,"column":35}},"14":{"start":{"line":15,"column":0},"end":{"line":15,"column":32}},"15":{"start":{"line":16,"column":0},"end":{"line":16,"column":30}},"17":{"start":{"line":18,"column":0},"end":{"line":18,"column":40}},"18":{"start":{"line":19,"column":0},"end":{"line":19,"column":69}},"19":{"start":{"line":20,"column":0},"end":{"line":20,"column":31}},"20":{"start":{"line":21,"column":0},"end":{"line":21,"column":42}},"22":{"start":{"line":23,"column":0},"end":{"line":23,"column":135}},"23":{"start":{"line":24,"column":0},"end":{"line":24,"column":32}},"25":{"start":{"line":26,"column":0},"end":{"line":26,"column":86}},"26":{"start":{"line":27,"column":0},"end":{"line":27,"column":38}},"28":{"start":{"line":29,"column":0},"end":{"line":29,"column":80}},"29":{"start":{"line":30,"column":0},"end":{"line":30,"column":30}},"31":{"start":{"line":32,"column":0},"end":{"line":32,"column":21}},"32":{"start":{"line":33,"column":0},"end":{"line":33,"column":49}},"33":{"start":{"line":34,"column":0},"end":{"line":34,"column":33}},"34":{"start":{"line":35,"column":0},"end":{"line":35,"column":42}},"35":{"start":{"line":36,"column":0},"end":{"line":36,"column":33}},"36":{"start":{"line":37,"column":0},"end":{"line":37,"column":22}},"37":{"start":{"line":38,"column":0},"end":{"line":38,"column":21}},"38":{"start":{"line":39,"column":0},"end":{"line":39,"column":10}},"39":{"start":{"line":40,"column":0},"end":{"line":40,"column":1}},"41":{"start":{"line":42,"column":0},"end":{"line":42,"column":45}},"42":{"start":{"line":43,"column":0},"end":{"line":43,"column":24}},"43":{"start":{"line":44,"column":0},"end":{"line":44,"column":34}},"44":{"start":{"line":45,"column":0},"end":{"line":45,"column":43}},"45":{"start":{"line":46,"column":0},"end":{"line":46,"column":66}},"46":{"start":{"line":47,"column":0},"end":{"line":47,"column":2}},"48":{"start":{"line":49,"column":0},"end":{"line":49,"column":29}},"49":{"start":{"line":50,"column":0},"end":{"line":50,"column":22}},"50":{"start":{"line":51,"column":0},"end":{"line":51,"column":28}},"51":{"start":{"line":52,"column":0},"end":{"line":52,"column":1}},"53":{"start":{"line":54,"column":0},"end":{"line":54,"column":44}},"54":{"start":{"line":55,"column":0},"end":{"line":55,"column":40}},"55":{"start":{"line":56,"column":0},"end":{"line":56,"column":1}},"57":{"start":{"line":58,"column":0},"end":{"line":58,"column":46}},"59":{"start":{"line":60,"column":0},"end":{"line":60,"column":40}},"60":{"start":{"line":61,"column":0},"end":{"line":61,"column":49}},"61":{"start":{"line":62,"column":0},"end":{"line":62,"column":7}},"62":{"start":{"line":63,"column":0},"end":{"line":63,"column":69}},"63":{"start":{"line":64,"column":0},"end":{"line":64,"column":11}},"64":{"start":{"line":65,"column":0},"end":{"line":65,"column":37}},"65":{"start":{"line":66,"column":0},"end":{"line":66,"column":3}},"66":{"start":{"line":67,"column":0},"end":{"line":67,"column":1}},"68":{"start":{"line":69,"column":0},"end":{"line":69,"column":33}},"69":{"start":{"line":70,"column":0},"end":{"line":70,"column":49}},"70":{"start":{"line":71,"column":0},"end":{"line":71,"column":7}},"71":{"start":{"line":72,"column":0},"end":{"line":72,"column":56}},"72":{"start":{"line":73,"column":0},"end":{"line":73,"column":20}},"73":{"start":{"line":74,"column":0},"end":{"line":74,"column":32}},"74":{"start":{"line":75,"column":0},"end":{"line":75,"column":51}},"75":{"start":{"line":76,"column":0},"end":{"line":76,"column":48}},"76":{"start":{"line":77,"column":0},"end":{"line":77,"column":77}},"77":{"start":{"line":78,"column":0},"end":{"line":78,"column":11}},"78":{"start":{"line":79,"column":0},"end":{"line":79,"column":47}},"79":{"start":{"line":80,"column":0},"end":{"line":80,"column":3}},"80":{"start":{"line":81,"column":0},"end":{"line":81,"column":1}},"82":{"start":{"line":83,"column":0},"end":{"line":83,"column":22}},"84":{"start":{"line":85,"column":0},"end":{"line":85,"column":41}},"85":{"start":{"line":86,"column":0},"end":{"line":86,"column":27}},"86":{"start":{"line":87,"column":0},"end":{"line":87,"column":24}},"87":{"start":{"line":88,"column":0},"end":{"line":88,"column":24}},"88":{"start":{"line":89,"column":0},"end":{"line":89,"column":39}},"89":{"start":{"line":90,"column":0},"end":{"line":90,"column":24}},"90":{"start":{"line":91,"column":0},"end":{"line":91,"column":19}},"91":{"start":{"line":92,"column":0},"end":{"line":92,"column":10}},"92":{"start":{"line":93,"column":0},"end":{"line":93,"column":3}},"93":{"start":{"line":94,"column":0},"end":{"line":94,"column":67}},"94":{"start":{"line":95,"column":0},"end":{"line":95,"column":12}},"95":{"start":{"line":96,"column":0},"end":{"line":96,"column":19}},"96":{"start":{"line":97,"column":0},"end":{"line":97,"column":32}},"97":{"start":{"line":98,"column":0},"end":{"line":98,"column":10}},"98":{"start":{"line":99,"column":0},"end":{"line":99,"column":3}},"99":{"start":{"line":100,"column":0},"end":{"line":100,"column":66}},"100":{"start":{"line":101,"column":0},"end":{"line":101,"column":56}},"101":{"start":{"line":102,"column":0},"end":{"line":102,"column":3}},"102":{"start":{"line":103,"column":0},"end":{"line":103,"column":20}},"103":{"start":{"line":104,"column":0},"end":{"line":104,"column":19}},"104":{"start":{"line":105,"column":0},"end":{"line":105,"column":32}},"105":{"start":{"line":106,"column":0},"end":{"line":106,"column":10}},"106":{"start":{"line":107,"column":0},"end":{"line":107,"column":3}},"107":{"start":{"line":108,"column":0},"end":{"line":108,"column":65}},"108":{"start":{"line":109,"column":0},"end":{"line":109,"column":98}},"109":{"start":{"line":110,"column":0},"end":{"line":110,"column":1}},"111":{"start":{"line":112,"column":0},"end":{"line":112,"column":30}},"112":{"start":{"line":113,"column":0},"end":{"line":113,"column":18}},"113":{"start":{"line":114,"column":0},"end":{"line":114,"column":41}},"114":{"start":{"line":115,"column":0},"end":{"line":115,"column":13}},"115":{"start":{"line":116,"column":0},"end":{"line":116,"column":32}},"116":{"start":{"line":117,"column":0},"end":{"line":117,"column":49}},"117":{"start":{"line":118,"column":0},"end":{"line":118,"column":18}},"118":{"start":{"line":119,"column":0},"end":{"line":119,"column":47}},"119":{"start":{"line":120,"column":0},"end":{"line":120,"column":10}},"120":{"start":{"line":121,"column":0},"end":{"line":121,"column":26}},"121":{"start":{"line":122,"column":0},"end":{"line":122,"column":37}},"122":{"start":{"line":123,"column":0},"end":{"line":123,"column":19}},"123":{"start":{"line":124,"column":0},"end":{"line":124,"column":19}},"124":{"start":{"line":125,"column":0},"end":{"line":125,"column":6}},"125":{"start":{"line":126,"column":0},"end":{"line":126,"column":3}},"126":{"start":{"line":127,"column":0},"end":{"line":127,"column":1}},"128":{"start":{"line":129,"column":0},"end":{"line":129,"column":50}},"130":{"start":{"line":131,"column":0},"end":{"line":131,"column":71}},"131":{"start":{"line":132,"column":0},"end":{"line":132,"column":40}},"133":{"start":{"line":134,"column":0},"end":{"line":134,"column":42}},"134":{"start":{"line":135,"column":0},"end":{"line":135,"column":49}},"135":{"start":{"line":136,"column":0},"end":{"line":136,"column":7}},"136":{"start":{"line":137,"column":0},"end":{"line":137,"column":71}},"137":{"start":{"line":138,"column":0},"end":{"line":138,"column":11}},"138":{"start":{"line":139,"column":0},"end":{"line":139,"column":16}},"139":{"start":{"line":140,"column":0},"end":{"line":140,"column":3}},"140":{"start":{"line":141,"column":0},"end":{"line":141,"column":1}},"142":{"start":{"line":143,"column":0},"end":{"line":143,"column":35}},"143":{"start":{"line":144,"column":0},"end":{"line":144,"column":49}},"144":{"start":{"line":145,"column":0},"end":{"line":145,"column":7}},"145":{"start":{"line":146,"column":0},"end":{"line":146,"column":58}},"146":{"start":{"line":147,"column":0},"end":{"line":147,"column":20}},"147":{"start":{"line":148,"column":0},"end":{"line":148,"column":32}},"148":{"start":{"line":149,"column":0},"end":{"line":149,"column":51}},"149":{"start":{"line":150,"column":0},"end":{"line":150,"column":48}},"150":{"start":{"line":151,"column":0},"end":{"line":151,"column":86}},"151":{"start":{"line":152,"column":0},"end":{"line":152,"column":11}},"152":{"start":{"line":153,"column":0},"end":{"line":153,"column":49}},"153":{"start":{"line":154,"column":0},"end":{"line":154,"column":3}},"154":{"start":{"line":155,"column":0},"end":{"line":155,"column":1}},"156":{"start":{"line":157,"column":0},"end":{"line":157,"column":24}},"158":{"start":{"line":159,"column":0},"end":{"line":159,"column":43}},"159":{"start":{"line":160,"column":0},"end":{"line":160,"column":36}},"160":{"start":{"line":161,"column":0},"end":{"line":161,"column":24}},"161":{"start":{"line":162,"column":0},"end":{"line":162,"column":24}},"162":{"start":{"line":163,"column":0},"end":{"line":163,"column":39}},"163":{"start":{"line":164,"column":0},"end":{"line":164,"column":24}},"164":{"start":{"line":165,"column":0},"end":{"line":165,"column":28}},"165":{"start":{"line":166,"column":0},"end":{"line":166,"column":10}},"166":{"start":{"line":167,"column":0},"end":{"line":167,"column":3}},"167":{"start":{"line":168,"column":0},"end":{"line":168,"column":67}},"168":{"start":{"line":169,"column":0},"end":{"line":169,"column":12}},"169":{"start":{"line":170,"column":0},"end":{"line":170,"column":28}},"170":{"start":{"line":171,"column":0},"end":{"line":171,"column":32}},"171":{"start":{"line":172,"column":0},"end":{"line":172,"column":10}},"172":{"start":{"line":173,"column":0},"end":{"line":173,"column":3}},"173":{"start":{"line":174,"column":0},"end":{"line":174,"column":67}},"174":{"start":{"line":175,"column":0},"end":{"line":175,"column":65}},"175":{"start":{"line":176,"column":0},"end":{"line":176,"column":3}},"176":{"start":{"line":177,"column":0},"end":{"line":177,"column":20}},"177":{"start":{"line":178,"column":0},"end":{"line":178,"column":28}},"178":{"start":{"line":179,"column":0},"end":{"line":179,"column":10}},"179":{"start":{"line":180,"column":0},"end":{"line":180,"column":3}},"180":{"start":{"line":181,"column":0},"end":{"line":181,"column":74}},"181":{"start":{"line":182,"column":0},"end":{"line":182,"column":26}},"182":{"start":{"line":183,"column":0},"end":{"line":183,"column":29}},"183":{"start":{"line":184,"column":0},"end":{"line":184,"column":26}},"184":{"start":{"line":185,"column":0},"end":{"line":185,"column":26}},"185":{"start":{"line":186,"column":0},"end":{"line":186,"column":4}},"186":{"start":{"line":187,"column":0},"end":{"line":187,"column":1}},"188":{"start":{"line":189,"column":0},"end":{"line":189,"column":39}},"189":{"start":{"line":190,"column":0},"end":{"line":190,"column":27}},"190":{"start":{"line":191,"column":0},"end":{"line":191,"column":32}},"191":{"start":{"line":192,"column":0},"end":{"line":192,"column":13}},"192":{"start":{"line":193,"column":0},"end":{"line":193,"column":32}},"193":{"start":{"line":194,"column":0},"end":{"line":194,"column":49}},"194":{"start":{"line":195,"column":0},"end":{"line":195,"column":18}},"195":{"start":{"line":196,"column":0},"end":{"line":196,"column":49}},"196":{"start":{"line":197,"column":0},"end":{"line":197,"column":10}},"197":{"start":{"line":198,"column":0},"end":{"line":198,"column":28}},"198":{"start":{"line":199,"column":0},"end":{"line":199,"column":37}},"199":{"start":{"line":200,"column":0},"end":{"line":200,"column":19}},"200":{"start":{"line":201,"column":0},"end":{"line":201,"column":19}},"201":{"start":{"line":202,"column":0},"end":{"line":202,"column":6}},"202":{"start":{"line":203,"column":0},"end":{"line":203,"column":3}},"203":{"start":{"line":204,"column":0},"end":{"line":204,"column":1}},"205":{"start":{"line":206,"column":0},"end":{"line":206,"column":39}},"206":{"start":{"line":207,"column":0},"end":{"line":207,"column":32}},"207":{"start":{"line":208,"column":0},"end":{"line":208,"column":32}},"208":{"start":{"line":209,"column":0},"end":{"line":209,"column":73}},"209":{"start":{"line":210,"column":0},"end":{"line":210,"column":1}},"211":{"start":{"line":212,"column":0},"end":{"line":212,"column":68}},"212":{"start":{"line":213,"column":0},"end":{"line":213,"column":31}},"213":{"start":{"line":214,"column":0},"end":{"line":214,"column":24}},"214":{"start":{"line":215,"column":0},"end":{"line":215,"column":70}},"215":{"start":{"line":216,"column":0},"end":{"line":216,"column":35}},"216":{"start":{"line":217,"column":0},"end":{"line":217,"column":1}},"218":{"start":{"line":219,"column":0},"end":{"line":219,"column":70}},"219":{"start":{"line":220,"column":0},"end":{"line":220,"column":32}},"220":{"start":{"line":221,"column":0},"end":{"line":221,"column":15}},"221":{"start":{"line":222,"column":0},"end":{"line":222,"column":36}},"222":{"start":{"line":223,"column":0},"end":{"line":223,"column":61}},"223":{"start":{"line":224,"column":0},"end":{"line":224,"column":42}},"224":{"start":{"line":225,"column":0},"end":{"line":225,"column":43}},"225":{"start":{"line":226,"column":0},"end":{"line":226,"column":58}},"226":{"start":{"line":227,"column":0},"end":{"line":227,"column":7}},"227":{"start":{"line":228,"column":0},"end":{"line":228,"column":5}},"228":{"start":{"line":229,"column":0},"end":{"line":229,"column":3}},"229":{"start":{"line":230,"column":0},"end":{"line":230,"column":14}},"230":{"start":{"line":231,"column":0},"end":{"line":231,"column":1}},"232":{"start":{"line":233,"column":0},"end":{"line":233,"column":72}},"233":{"start":{"line":234,"column":0},"end":{"line":234,"column":34}},"234":{"start":{"line":235,"column":0},"end":{"line":235,"column":36}},"235":{"start":{"line":236,"column":0},"end":{"line":236,"column":31}},"236":{"start":{"line":237,"column":0},"end":{"line":237,"column":75}},"237":{"start":{"line":238,"column":0},"end":{"line":238,"column":1}},"239":{"start":{"line":240,"column":0},"end":{"line":240,"column":47}},"240":{"start":{"line":241,"column":0},"end":{"line":241,"column":46}},"241":{"start":{"line":242,"column":0},"end":{"line":242,"column":37}},"242":{"start":{"line":243,"column":0},"end":{"line":243,"column":41}},"243":{"start":{"line":244,"column":0},"end":{"line":244,"column":5}},"244":{"start":{"line":245,"column":0},"end":{"line":245,"column":50}},"245":{"start":{"line":246,"column":0},"end":{"line":246,"column":29}},"246":{"start":{"line":247,"column":0},"end":{"line":247,"column":1}},"248":{"start":{"line":249,"column":0},"end":{"line":249,"column":45}},"249":{"start":{"line":250,"column":0},"end":{"line":250,"column":39}},"250":{"start":{"line":251,"column":0},"end":{"line":251,"column":35}},"251":{"start":{"line":252,"column":0},"end":{"line":252,"column":1}},"253":{"start":{"line":254,"column":0},"end":{"line":254,"column":78}},"254":{"start":{"line":255,"column":0},"end":{"line":255,"column":63}},"255":{"start":{"line":256,"column":0},"end":{"line":256,"column":33}},"256":{"start":{"line":257,"column":0},"end":{"line":257,"column":36}},"257":{"start":{"line":258,"column":0},"end":{"line":258,"column":31}},"258":{"start":{"line":259,"column":0},"end":{"line":259,"column":73}},"259":{"start":{"line":260,"column":0},"end":{"line":260,"column":1}},"261":{"start":{"line":262,"column":0},"end":{"line":262,"column":58}},"262":{"start":{"line":263,"column":0},"end":{"line":263,"column":24}},"263":{"start":{"line":264,"column":0},"end":{"line":264,"column":40}},"264":{"start":{"line":265,"column":0},"end":{"line":265,"column":29}},"265":{"start":{"line":266,"column":0},"end":{"line":266,"column":30}},"266":{"start":{"line":267,"column":0},"end":{"line":267,"column":39}},"267":{"start":{"line":268,"column":0},"end":{"line":268,"column":34}},"268":{"start":{"line":269,"column":0},"end":{"line":269,"column":61}},"269":{"start":{"line":270,"column":0},"end":{"line":270,"column":27}},"270":{"start":{"line":271,"column":0},"end":{"line":271,"column":51}},"271":{"start":{"line":272,"column":0},"end":{"line":272,"column":55}},"272":{"start":{"line":273,"column":0},"end":{"line":273,"column":26}},"273":{"start":{"line":274,"column":0},"end":{"line":274,"column":5}},"274":{"start":{"line":275,"column":0},"end":{"line":275,"column":45}},"275":{"start":{"line":276,"column":0},"end":{"line":276,"column":36}},"276":{"start":{"line":277,"column":0},"end":{"line":277,"column":41}},"277":{"start":{"line":278,"column":0},"end":{"line":278,"column":72}},"278":{"start":{"line":279,"column":0},"end":{"line":279,"column":26}},"279":{"start":{"line":280,"column":0},"end":{"line":280,"column":58}},"280":{"start":{"line":281,"column":0},"end":{"line":281,"column":58}},"281":{"start":{"line":282,"column":0},"end":{"line":282,"column":73}},"282":{"start":{"line":283,"column":0},"end":{"line":283,"column":7}},"283":{"start":{"line":284,"column":0},"end":{"line":284,"column":5}},"284":{"start":{"line":285,"column":0},"end":{"line":285,"column":22}},"285":{"start":{"line":286,"column":0},"end":{"line":286,"column":9}},"286":{"start":{"line":287,"column":0},"end":{"line":287,"column":3}},"287":{"start":{"line":288,"column":0},"end":{"line":288,"column":1}},"289":{"start":{"line":290,"column":0},"end":{"line":290,"column":29}},"290":{"start":{"line":291,"column":0},"end":{"line":291,"column":13}},"291":{"start":{"line":292,"column":0},"end":{"line":292,"column":6}},"292":{"start":{"line":293,"column":0},"end":{"line":293,"column":15}},"293":{"start":{"line":294,"column":0},"end":{"line":294,"column":12}},"294":{"start":{"line":295,"column":0},"end":{"line":295,"column":17}},"295":{"start":{"line":296,"column":0},"end":{"line":296,"column":23}},"296":{"start":{"line":297,"column":0},"end":{"line":297,"column":4}},"297":{"start":{"line":298,"column":0},"end":{"line":298,"column":32}},"298":{"start":{"line":299,"column":0},"end":{"line":299,"column":101}},"299":{"start":{"line":300,"column":0},"end":{"line":300,"column":36}},"300":{"start":{"line":301,"column":0},"end":{"line":301,"column":46}},"301":{"start":{"line":302,"column":0},"end":{"line":302,"column":37}},"302":{"start":{"line":303,"column":0},"end":{"line":303,"column":41}},"303":{"start":{"line":304,"column":0},"end":{"line":304,"column":5}},"304":{"start":{"line":305,"column":0},"end":{"line":305,"column":44}},"305":{"start":{"line":306,"column":0},"end":{"line":306,"column":48}},"306":{"start":{"line":307,"column":0},"end":{"line":307,"column":23}},"307":{"start":{"line":308,"column":0},"end":{"line":308,"column":20}},"308":{"start":{"line":309,"column":0},"end":{"line":309,"column":37}},"309":{"start":{"line":310,"column":0},"end":{"line":310,"column":18}},"310":{"start":{"line":311,"column":0},"end":{"line":311,"column":5}},"311":{"start":{"line":312,"column":0},"end":{"line":312,"column":25}},"312":{"start":{"line":313,"column":0},"end":{"line":313,"column":53}},"313":{"start":{"line":314,"column":0},"end":{"line":314,"column":20}},"314":{"start":{"line":315,"column":0},"end":{"line":315,"column":5}},"315":{"start":{"line":316,"column":0},"end":{"line":316,"column":3}},"316":{"start":{"line":317,"column":0},"end":{"line":317,"column":27}},"317":{"start":{"line":318,"column":0},"end":{"line":318,"column":40}},"318":{"start":{"line":319,"column":0},"end":{"line":319,"column":32}},"319":{"start":{"line":320,"column":0},"end":{"line":320,"column":59}},"320":{"start":{"line":321,"column":0},"end":{"line":321,"column":18}},"321":{"start":{"line":322,"column":0},"end":{"line":322,"column":5}},"322":{"start":{"line":323,"column":0},"end":{"line":323,"column":72}},"323":{"start":{"line":324,"column":0},"end":{"line":324,"column":59}},"324":{"start":{"line":325,"column":0},"end":{"line":325,"column":57}},"325":{"start":{"line":326,"column":0},"end":{"line":326,"column":70}},"326":{"start":{"line":327,"column":0},"end":{"line":327,"column":18}},"327":{"start":{"line":328,"column":0},"end":{"line":328,"column":5}},"328":{"start":{"line":329,"column":0},"end":{"line":329,"column":3}},"329":{"start":{"line":330,"column":0},"end":{"line":330,"column":38}},"330":{"start":{"line":331,"column":0},"end":{"line":331,"column":50}},"331":{"start":{"line":332,"column":0},"end":{"line":332,"column":40}},"332":{"start":{"line":333,"column":0},"end":{"line":333,"column":10}},"333":{"start":{"line":334,"column":0},"end":{"line":334,"column":29}},"334":{"start":{"line":335,"column":0},"end":{"line":335,"column":30}},"335":{"start":{"line":336,"column":0},"end":{"line":336,"column":35}},"336":{"start":{"line":337,"column":0},"end":{"line":337,"column":48}},"337":{"start":{"line":338,"column":0},"end":{"line":338,"column":52}},"338":{"start":{"line":339,"column":0},"end":{"line":339,"column":3}},"339":{"start":{"line":340,"column":0},"end":{"line":340,"column":17}},"340":{"start":{"line":341,"column":0},"end":{"line":341,"column":26}},"341":{"start":{"line":342,"column":0},"end":{"line":342,"column":15}},"342":{"start":{"line":343,"column":0},"end":{"line":343,"column":3}},"343":{"start":{"line":344,"column":0},"end":{"line":344,"column":24}},"344":{"start":{"line":345,"column":0},"end":{"line":345,"column":72}},"345":{"start":{"line":346,"column":0},"end":{"line":346,"column":20}},"346":{"start":{"line":347,"column":0},"end":{"line":347,"column":16}},"347":{"start":{"line":348,"column":0},"end":{"line":348,"column":21}},"348":{"start":{"line":349,"column":0},"end":{"line":349,"column":18}},"349":{"start":{"line":350,"column":0},"end":{"line":350,"column":20}},"350":{"start":{"line":351,"column":0},"end":{"line":351,"column":4}},"351":{"start":{"line":352,"column":0},"end":{"line":352,"column":13}},"352":{"start":{"line":353,"column":0},"end":{"line":353,"column":1}},"354":{"start":{"line":355,"column":0},"end":{"line":355,"column":40}},"355":{"start":{"line":356,"column":0},"end":{"line":356,"column":70}},"356":{"start":{"line":357,"column":0},"end":{"line":357,"column":1}},"358":{"start":{"line":359,"column":0},"end":{"line":359,"column":43}},"359":{"start":{"line":360,"column":0},"end":{"line":360,"column":60}},"360":{"start":{"line":361,"column":0},"end":{"line":361,"column":16}},"361":{"start":{"line":362,"column":0},"end":{"line":362,"column":40}},"362":{"start":{"line":363,"column":0},"end":{"line":363,"column":17}},"363":{"start":{"line":364,"column":0},"end":{"line":364,"column":1}},"365":{"start":{"line":366,"column":0},"end":{"line":366,"column":47}},"366":{"start":{"line":367,"column":0},"end":{"line":367,"column":48}},"367":{"start":{"line":368,"column":0},"end":{"line":368,"column":37}},"368":{"start":{"line":369,"column":0},"end":{"line":369,"column":35}},"369":{"start":{"line":370,"column":0},"end":{"line":370,"column":62}},"370":{"start":{"line":371,"column":0},"end":{"line":371,"column":26}},"371":{"start":{"line":372,"column":0},"end":{"line":372,"column":5}},"372":{"start":{"line":373,"column":0},"end":{"line":373,"column":15}},"373":{"start":{"line":374,"column":0},"end":{"line":374,"column":4}},"374":{"start":{"line":375,"column":0},"end":{"line":375,"column":1}},"376":{"start":{"line":377,"column":0},"end":{"line":377,"column":87}},"378":{"start":{"line":379,"column":0},"end":{"line":379,"column":49}},"379":{"start":{"line":380,"column":0},"end":{"line":380,"column":32}},"380":{"start":{"line":381,"column":0},"end":{"line":381,"column":33}},"381":{"start":{"line":382,"column":0},"end":{"line":382,"column":54}},"382":{"start":{"line":383,"column":0},"end":{"line":383,"column":2}},"384":{"start":{"line":385,"column":0},"end":{"line":385,"column":46}},"385":{"start":{"line":386,"column":0},"end":{"line":386,"column":32}},"386":{"start":{"line":387,"column":0},"end":{"line":387,"column":33}},"387":{"start":{"line":388,"column":0},"end":{"line":388,"column":77}},"388":{"start":{"line":389,"column":0},"end":{"line":389,"column":2}},"390":{"start":{"line":391,"column":0},"end":{"line":391,"column":46}},"391":{"start":{"line":392,"column":0},"end":{"line":392,"column":32}},"392":{"start":{"line":393,"column":0},"end":{"line":393,"column":33}},"393":{"start":{"line":394,"column":0},"end":{"line":394,"column":72}},"394":{"start":{"line":395,"column":0},"end":{"line":395,"column":2}},"396":{"start":{"line":397,"column":0},"end":{"line":397,"column":47}},"397":{"start":{"line":398,"column":0},"end":{"line":398,"column":59}},"398":{"start":{"line":399,"column":0},"end":{"line":399,"column":1}},"400":{"start":{"line":401,"column":0},"end":{"line":401,"column":93}},"401":{"start":{"line":402,"column":0},"end":{"line":402,"column":32}},"402":{"start":{"line":403,"column":0},"end":{"line":403,"column":12}},"403":{"start":{"line":404,"column":0},"end":{"line":404,"column":42}},"404":{"start":{"line":405,"column":0},"end":{"line":405,"column":16}},"405":{"start":{"line":406,"column":0},"end":{"line":406,"column":3}},"406":{"start":{"line":407,"column":0},"end":{"line":407,"column":65}},"407":{"start":{"line":408,"column":0},"end":{"line":408,"column":42}},"408":{"start":{"line":409,"column":0},"end":{"line":409,"column":45}},"409":{"start":{"line":410,"column":0},"end":{"line":410,"column":16}},"410":{"start":{"line":411,"column":0},"end":{"line":411,"column":3}},"411":{"start":{"line":412,"column":0},"end":{"line":412,"column":82}},"412":{"start":{"line":413,"column":0},"end":{"line":413,"column":40}},"413":{"start":{"line":414,"column":0},"end":{"line":414,"column":78}},"414":{"start":{"line":415,"column":0},"end":{"line":415,"column":3}},"415":{"start":{"line":416,"column":0},"end":{"line":416,"column":46}},"416":{"start":{"line":417,"column":0},"end":{"line":417,"column":17}},"417":{"start":{"line":418,"column":0},"end":{"line":418,"column":26}},"418":{"start":{"line":419,"column":0},"end":{"line":419,"column":15}},"419":{"start":{"line":420,"column":0},"end":{"line":420,"column":3}},"420":{"start":{"line":421,"column":0},"end":{"line":421,"column":24}},"421":{"start":{"line":422,"column":0},"end":{"line":422,"column":72}},"422":{"start":{"line":423,"column":0},"end":{"line":423,"column":25}},"423":{"start":{"line":424,"column":0},"end":{"line":424,"column":37}},"424":{"start":{"line":425,"column":0},"end":{"line":425,"column":16}},"425":{"start":{"line":426,"column":0},"end":{"line":426,"column":19}},"426":{"start":{"line":427,"column":0},"end":{"line":427,"column":4}},"427":{"start":{"line":428,"column":0},"end":{"line":428,"column":13}},"428":{"start":{"line":429,"column":0},"end":{"line":429,"column":1}},"430":{"start":{"line":431,"column":0},"end":{"line":431,"column":37}},"431":{"start":{"line":432,"column":0},"end":{"line":432,"column":57}},"432":{"start":{"line":433,"column":0},"end":{"line":433,"column":1}},"434":{"start":{"line":435,"column":0},"end":{"line":435,"column":31}},"435":{"start":{"line":436,"column":0},"end":{"line":436,"column":24}},"436":{"start":{"line":437,"column":0},"end":{"line":437,"column":48}},"437":{"start":{"line":438,"column":0},"end":{"line":438,"column":1}},"439":{"start":{"line":440,"column":0},"end":{"line":440,"column":39}},"440":{"start":{"line":441,"column":0},"end":{"line":441,"column":33}},"441":{"start":{"line":442,"column":0},"end":{"line":442,"column":43}},"442":{"start":{"line":443,"column":0},"end":{"line":443,"column":26}},"443":{"start":{"line":444,"column":0},"end":{"line":444,"column":23}},"444":{"start":{"line":445,"column":0},"end":{"line":445,"column":12}},"445":{"start":{"line":446,"column":0},"end":{"line":446,"column":3}},"446":{"start":{"line":447,"column":0},"end":{"line":447,"column":7}},"447":{"start":{"line":448,"column":0},"end":{"line":448,"column":37}},"448":{"start":{"line":449,"column":0},"end":{"line":449,"column":20}},"449":{"start":{"line":450,"column":0},"end":{"line":450,"column":27}},"450":{"start":{"line":451,"column":0},"end":{"line":451,"column":29}},"451":{"start":{"line":452,"column":0},"end":{"line":452,"column":34}},"452":{"start":{"line":453,"column":0},"end":{"line":453,"column":11}},"453":{"start":{"line":454,"column":0},"end":{"line":454,"column":23}},"454":{"start":{"line":455,"column":0},"end":{"line":455,"column":12}},"455":{"start":{"line":456,"column":0},"end":{"line":456,"column":3}},"456":{"start":{"line":457,"column":0},"end":{"line":457,"column":1}},"458":{"start":{"line":459,"column":0},"end":{"line":459,"column":40}},"459":{"start":{"line":460,"column":0},"end":{"line":460,"column":32}},"460":{"start":{"line":461,"column":0},"end":{"line":461,"column":74}},"461":{"start":{"line":462,"column":0},"end":{"line":462,"column":43}},"462":{"start":{"line":463,"column":0},"end":{"line":463,"column":1}},"464":{"start":{"line":465,"column":0},"end":{"line":465,"column":45}},"466":{"start":{"line":467,"column":0},"end":{"line":467,"column":83}},"468":{"start":{"line":469,"column":0},"end":{"line":469,"column":38}},"469":{"start":{"line":470,"column":0},"end":{"line":470,"column":26}},"470":{"start":{"line":471,"column":0},"end":{"line":471,"column":56}},"471":{"start":{"line":472,"column":0},"end":{"line":472,"column":51}},"472":{"start":{"line":473,"column":0},"end":{"line":473,"column":1}},"474":{"start":{"line":475,"column":0},"end":{"line":475,"column":37}},"475":{"start":{"line":476,"column":0},"end":{"line":476,"column":25}},"476":{"start":{"line":477,"column":0},"end":{"line":477,"column":1}},"478":{"start":{"line":479,"column":0},"end":{"line":479,"column":36}},"479":{"start":{"line":480,"column":0},"end":{"line":480,"column":34}},"480":{"start":{"line":481,"column":0},"end":{"line":481,"column":47}},"481":{"start":{"line":482,"column":0},"end":{"line":482,"column":51}},"482":{"start":{"line":483,"column":0},"end":{"line":483,"column":1}},"484":{"start":{"line":485,"column":0},"end":{"line":485,"column":43}},"485":{"start":{"line":486,"column":0},"end":{"line":486,"column":33}},"486":{"start":{"line":487,"column":0},"end":{"line":487,"column":19}},"487":{"start":{"line":488,"column":0},"end":{"line":488,"column":34}},"488":{"start":{"line":489,"column":0},"end":{"line":489,"column":4}},"489":{"start":{"line":490,"column":0},"end":{"line":490,"column":24}},"490":{"start":{"line":491,"column":0},"end":{"line":491,"column":1}},"492":{"start":{"line":493,"column":0},"end":{"line":493,"column":43}},"493":{"start":{"line":494,"column":0},"end":{"line":494,"column":30}},"494":{"start":{"line":495,"column":0},"end":{"line":495,"column":35}},"495":{"start":{"line":496,"column":0},"end":{"line":496,"column":40}},"496":{"start":{"line":497,"column":0},"end":{"line":497,"column":83}},"497":{"start":{"line":498,"column":0},"end":{"line":498,"column":1}}},"s":{"0":1,"1":1,"2":1,"9":1,"11":1,"12":1,"13":1,"14":1,"15":1,"17":1,"18":1,"19":1,"20":1,"22":1,"23":1,"25":1,"26":1,"28":1,"29":1,"31":1,"32":1,"33":2,"34":2,"35":2,"36":0,"37":0,"38":2,"39":2,"41":1,"42":9,"43":9,"44":9,"45":9,"46":9,"48":1,"49":3,"50":3,"51":3,"53":1,"54":1,"55":1,"57":1,"59":1,"60":1,"61":1,"62":1,"63":1,"64":0,"65":0,"66":1,"68":2,"69":2,"70":2,"71":2,"72":2,"73":0,"74":2,"75":0,"76":2,"77":2,"78":0,"79":0,"80":2,"82":1,"84":1,"85":1,"86":1,"87":1,"88":1,"89":1,"90":0,"91":0,"92":0,"93":1,"94":1,"95":0,"96":0,"97":0,"98":0,"99":1,"100":1,"101":1,"102":1,"103":1,"104":1,"105":1,"106":1,"107":0,"108":0,"109":0,"111":1,"112":2,"113":2,"114":2,"115":2,"116":2,"117":2,"118":1,"119":1,"120":1,"121":1,"122":1,"123":1,"124":1,"125":1,"126":2,"128":1,"130":1,"131":1,"133":0,"134":0,"135":0,"136":0,"137":0,"138":0,"139":0,"140":0,"142":2,"143":2,"144":2,"145":2,"146":2,"147":0,"148":2,"149":0,"150":2,"151":2,"152":0,"153":0,"154":2,"156":1,"158":1,"159":0,"160":0,"161":0,"162":0,"163":0,"164":0,"165":0,"166":0,"167":0,"168":0,"169":0,"170":0,"171":0,"172":0,"173":0,"174":0,"175":0,"176":0,"177":0,"178":0,"179":0,"180":0,"181":0,"182":0,"183":0,"184":0,"185":0,"186":0,"188":1,"189":1,"190":1,"191":1,"192":1,"193":1,"194":1,"195":1,"196":1,"197":0,"198":0,"199":0,"200":0,"201":0,"202":0,"203":1,"205":1,"206":15,"207":15,"208":15,"209":15,"211":1,"212":3,"213":3,"214":3,"215":3,"216":3,"218":1,"219":3,"220":3,"221":3,"222":2,"223":2,"224":2,"225":2,"226":2,"227":2,"228":2,"229":3,"230":3,"232":1,"233":2,"234":2,"235":2,"236":2,"237":2,"239":1,"240":13,"241":1,"242":1,"243":13,"244":13,"245":13,"246":13,"248":1,"249":13,"250":13,"251":13,"253":1,"254":1,"255":12,"256":12,"257":12,"258":12,"259":12,"261":1,"262":0,"263":0,"264":0,"265":0,"266":0,"267":0,"268":0,"269":0,"270":0,"271":0,"272":0,"273":0,"274":0,"275":0,"276":0,"277":0,"278":0,"279":0,"280":0,"281":0,"282":0,"283":0,"284":0,"285":0,"286":0,"287":0,"289":1,"290":12,"291":12,"292":12,"293":12,"294":12,"295":12,"296":12,"297":12,"298":12,"299":12,"300":12,"301":1,"302":1,"303":12,"304":12,"305":12,"306":12,"307":3,"308":1,"309":1,"310":1,"311":3,"312":1,"313":1,"314":1,"315":3,"316":12,"317":1,"318":1,"319":0,"320":0,"321":0,"322":1,"323":1,"324":0,"325":0,"326":0,"327":0,"328":1,"329":11,"330":11,"331":11,"332":11,"333":3,"334":3,"335":3,"336":3,"337":11,"338":11,"339":12,"340":1,"341":1,"342":1,"343":10,"344":10,"345":10,"346":10,"347":10,"348":10,"349":10,"350":10,"351":10,"352":10,"354":1,"355":1,"356":1,"358":1,"359":3,"360":3,"361":3,"362":2,"363":3,"365":1,"366":3,"367":3,"368":3,"369":3,"370":1,"371":1,"372":3,"373":3,"374":3,"376":1,"378":1,"379":1,"380":1,"381":1,"382":1,"384":1,"385":0,"386":0,"387":0,"388":0,"390":1,"391":1,"392":1,"393":1,"394":1,"396":1,"397":1,"398":1,"400":1,"401":2,"402":2,"403":0,"404":0,"405":0,"406":2,"407":2,"408":0,"409":0,"410":0,"411":2,"412":2,"413":2,"414":2,"415":2,"416":2,"417":1,"418":1,"419":1,"420":1,"421":1,"422":1,"423":1,"424":1,"425":1,"426":1,"427":1,"428":1,"430":1,"431":0,"432":0,"434":1,"435":6,"436":6,"437":6,"439":1,"440":0,"441":0,"442":0,"443":0,"444":0,"445":0,"446":0,"447":0,"448":0,"449":0,"450":0,"451":0,"452":0,"453":0,"454":0,"455":0,"456":0,"458":1,"459":0,"460":0,"461":0,"462":0,"464":1,"466":1,"468":1,"469":16,"470":16,"471":16,"472":16,"474":1,"475":16,"476":16,"478":1,"479":1,"480":1,"481":1,"482":1,"484":1,"485":0,"486":0,"487":0,"488":0,"489":0,"490":0,"492":1,"493":0,"494":0,"495":0,"496":0,"497":0},"branchMap":{"0":{"type":"branch","line":33,"loc":{"start":{"line":33,"column":7},"end":{"line":40,"column":1}},"locations":[{"start":{"line":33,"column":7},"end":{"line":40,"column":1}}]},"1":{"type":"branch","line":35,"loc":{"start":{"line":35,"column":18},"end":{"line":35,"column":42}},"locations":[{"start":{"line":35,"column":18},"end":{"line":35,"column":42}}]},"2":{"type":"branch","line":42,"loc":{"start":{"line":42,"column":38},"end":{"line":47,"column":2}},"locations":[{"start":{"line":42,"column":38},"end":{"line":47,"column":2}}]},"3":{"type":"branch","line":45,"loc":{"start":{"line":45,"column":32},"end":{"line":45,"column":43}},"locations":[{"start":{"line":45,"column":32},"end":{"line":45,"column":43}}]},"4":{"type":"branch","line":46,"loc":{"start":{"line":46,"column":59},"end":{"line":46,"column":66}},"locations":[{"start":{"line":46,"column":59},"end":{"line":46,"column":66}}]},"5":{"type":"branch","line":46,"loc":{"start":{"line":46,"column":23},"end":{"line":46,"column":57}},"locations":[{"start":{"line":46,"column":23},"end":{"line":46,"column":57}}]},"6":{"type":"branch","line":49,"loc":{"start":{"line":49,"column":7},"end":{"line":52,"column":1}},"locations":[{"start":{"line":49,"column":7},"end":{"line":52,"column":1}}]},"7":{"type":"branch","line":54,"loc":{"start":{"line":54,"column":7},"end":{"line":56,"column":1}},"locations":[{"start":{"line":54,"column":7},"end":{"line":56,"column":1}}]},"8":{"type":"branch","line":55,"loc":{"start":{"line":55,"column":33},"end":{"line":55,"column":40}},"locations":[{"start":{"line":55,"column":33},"end":{"line":55,"column":40}}]},"9":{"type":"branch","line":60,"loc":{"start":{"line":60,"column":0},"end":{"line":67,"column":1}},"locations":[{"start":{"line":60,"column":0},"end":{"line":67,"column":1}}]},"10":{"type":"branch","line":61,"loc":{"start":{"line":61,"column":43},"end":{"line":61,"column":49}},"locations":[{"start":{"line":61,"column":43},"end":{"line":61,"column":49}}]},"11":{"type":"branch","line":64,"loc":{"start":{"line":64,"column":4},"end":{"line":66,"column":3}},"locations":[{"start":{"line":64,"column":4},"end":{"line":66,"column":3}}]},"12":{"type":"branch","line":69,"loc":{"start":{"line":69,"column":0},"end":{"line":81,"column":1}},"locations":[{"start":{"line":69,"column":0},"end":{"line":81,"column":1}}]},"13":{"type":"branch","line":70,"loc":{"start":{"line":70,"column":43},"end":{"line":70,"column":49}},"locations":[{"start":{"line":70,"column":43},"end":{"line":70,"column":49}}]},"14":{"type":"branch","line":73,"loc":{"start":{"line":73,"column":14},"end":{"line":75,"column":19}},"locations":[{"start":{"line":73,"column":14},"end":{"line":75,"column":19}}]},"15":{"type":"branch","line":75,"loc":{"start":{"line":75,"column":20},"end":{"line":75,"column":43}},"locations":[{"start":{"line":75,"column":20},"end":{"line":75,"column":43}}]},"16":{"type":"branch","line":75,"loc":{"start":{"line":75,"column":45},"end":{"line":77,"column":74}},"locations":[{"start":{"line":75,"column":45},"end":{"line":77,"column":74}}]},"17":{"type":"branch","line":78,"loc":{"start":{"line":78,"column":4},"end":{"line":80,"column":3}},"locations":[{"start":{"line":78,"column":4},"end":{"line":80,"column":3}}]},"18":{"type":"branch","line":85,"loc":{"start":{"line":85,"column":7},"end":{"line":110,"column":1}},"locations":[{"start":{"line":85,"column":7},"end":{"line":110,"column":1}}]},"19":{"type":"branch","line":86,"loc":{"start":{"line":86,"column":21},"end":{"line":86,"column":27}},"locations":[{"start":{"line":86,"column":21},"end":{"line":86,"column":27}}]},"20":{"type":"branch","line":88,"loc":{"start":{"line":88,"column":18},"end":{"line":88,"column":24}},"locations":[{"start":{"line":88,"column":18},"end":{"line":88,"column":24}}]},"21":{"type":"branch","line":90,"loc":{"start":{"line":90,"column":23},"end":{"line":93,"column":3}},"locations":[{"start":{"line":90,"column":23},"end":{"line":93,"column":3}}]},"22":{"type":"branch","line":95,"loc":{"start":{"line":95,"column":11},"end":{"line":99,"column":3}},"locations":[{"start":{"line":95,"column":11},"end":{"line":99,"column":3}}]},"23":{"type":"branch","line":107,"loc":{"start":{"line":107,"column":2},"end":{"line":110,"column":1}},"locations":[{"start":{"line":107,"column":2},"end":{"line":110,"column":1}}]},"24":{"type":"branch","line":94,"loc":{"start":{"line":94,"column":27},"end":{"line":94,"column":66}},"locations":[{"start":{"line":94,"column":27},"end":{"line":94,"column":66}}]},"25":{"type":"branch","line":112,"loc":{"start":{"line":112,"column":7},"end":{"line":127,"column":1}},"locations":[{"start":{"line":112,"column":7},"end":{"line":127,"column":1}}]},"26":{"type":"branch","line":114,"loc":{"start":{"line":114,"column":17},"end":{"line":114,"column":41}},"locations":[{"start":{"line":114,"column":17},"end":{"line":114,"column":41}}]},"27":{"type":"branch","line":117,"loc":{"start":{"line":117,"column":43},"end":{"line":117,"column":49}},"locations":[{"start":{"line":117,"column":43},"end":{"line":117,"column":49}}]},"28":{"type":"branch","line":118,"loc":{"start":{"line":118,"column":17},"end":{"line":126,"column":3}},"locations":[{"start":{"line":118,"column":17},"end":{"line":126,"column":3}}]},"29":{"type":"branch","line":143,"loc":{"start":{"line":143,"column":0},"end":{"line":155,"column":1}},"locations":[{"start":{"line":143,"column":0},"end":{"line":155,"column":1}}]},"30":{"type":"branch","line":144,"loc":{"start":{"line":144,"column":43},"end":{"line":144,"column":49}},"locations":[{"start":{"line":144,"column":43},"end":{"line":144,"column":49}}]},"31":{"type":"branch","line":147,"loc":{"start":{"line":147,"column":14},"end":{"line":149,"column":19}},"locations":[{"start":{"line":147,"column":14},"end":{"line":149,"column":19}}]},"32":{"type":"branch","line":149,"loc":{"start":{"line":149,"column":20},"end":{"line":149,"column":43}},"locations":[{"start":{"line":149,"column":20},"end":{"line":149,"column":43}}]},"33":{"type":"branch","line":149,"loc":{"start":{"line":149,"column":45},"end":{"line":151,"column":83}},"locations":[{"start":{"line":149,"column":45},"end":{"line":151,"column":83}}]},"34":{"type":"branch","line":152,"loc":{"start":{"line":152,"column":4},"end":{"line":154,"column":3}},"locations":[{"start":{"line":152,"column":4},"end":{"line":154,"column":3}}]},"35":{"type":"branch","line":189,"loc":{"start":{"line":189,"column":7},"end":{"line":204,"column":1}},"locations":[{"start":{"line":189,"column":7},"end":{"line":204,"column":1}}]},"36":{"type":"branch","line":191,"loc":{"start":{"line":191,"column":17},"end":{"line":191,"column":32}},"locations":[{"start":{"line":191,"column":17},"end":{"line":191,"column":32}}]},"37":{"type":"branch","line":194,"loc":{"start":{"line":194,"column":43},"end":{"line":194,"column":49}},"locations":[{"start":{"line":194,"column":43},"end":{"line":194,"column":49}}]},"38":{"type":"branch","line":197,"loc":{"start":{"line":197,"column":3},"end":{"line":203,"column":3}},"locations":[{"start":{"line":197,"column":3},"end":{"line":203,"column":3}}]},"39":{"type":"branch","line":206,"loc":{"start":{"line":206,"column":7},"end":{"line":210,"column":1}},"locations":[{"start":{"line":206,"column":7},"end":{"line":210,"column":1}}]},"40":{"type":"branch","line":208,"loc":{"start":{"line":208,"column":21},"end":{"line":208,"column":32}},"locations":[{"start":{"line":208,"column":21},"end":{"line":208,"column":32}}]},"41":{"type":"branch","line":209,"loc":{"start":{"line":209,"column":40},"end":{"line":209,"column":65}},"locations":[{"start":{"line":209,"column":40},"end":{"line":209,"column":65}}]},"42":{"type":"branch","line":209,"loc":{"start":{"line":209,"column":66},"end":{"line":209,"column":73}},"locations":[{"start":{"line":209,"column":66},"end":{"line":209,"column":73}}]},"43":{"type":"branch","line":212,"loc":{"start":{"line":212,"column":7},"end":{"line":217,"column":1}},"locations":[{"start":{"line":212,"column":7},"end":{"line":217,"column":1}}]},"44":{"type":"branch","line":215,"loc":{"start":{"line":215,"column":12},"end":{"line":215,"column":69}},"locations":[{"start":{"line":215,"column":12},"end":{"line":215,"column":69}}]},"45":{"type":"branch","line":216,"loc":{"start":{"line":216,"column":12},"end":{"line":216,"column":31}},"locations":[{"start":{"line":216,"column":12},"end":{"line":216,"column":31}}]},"46":{"type":"branch","line":219,"loc":{"start":{"line":219,"column":7},"end":{"line":231,"column":1}},"locations":[{"start":{"line":219,"column":7},"end":{"line":231,"column":1}}]},"47":{"type":"branch","line":222,"loc":{"start":{"line":222,"column":35},"end":{"line":229,"column":3}},"locations":[{"start":{"line":222,"column":35},"end":{"line":229,"column":3}}]},"48":{"type":"branch","line":223,"loc":{"start":{"line":223,"column":22},"end":{"line":223,"column":51}},"locations":[{"start":{"line":223,"column":22},"end":{"line":223,"column":51}}]},"49":{"type":"branch","line":223,"loc":{"start":{"line":223,"column":53},"end":{"line":223,"column":61}},"locations":[{"start":{"line":223,"column":53},"end":{"line":223,"column":61}}]},"50":{"type":"branch","line":224,"loc":{"start":{"line":224,"column":34},"end":{"line":224,"column":39}},"locations":[{"start":{"line":224,"column":34},"end":{"line":224,"column":39}}]},"51":{"type":"branch","line":226,"loc":{"start":{"line":226,"column":53},"end":{"line":226,"column":57}},"locations":[{"start":{"line":226,"column":53},"end":{"line":226,"column":57}}]},"52":{"type":"branch","line":233,"loc":{"start":{"line":233,"column":7},"end":{"line":238,"column":1}},"locations":[{"start":{"line":233,"column":7},"end":{"line":238,"column":1}}]},"53":{"type":"branch","line":235,"loc":{"start":{"line":235,"column":25},"end":{"line":235,"column":36}},"locations":[{"start":{"line":235,"column":25},"end":{"line":235,"column":36}}]},"54":{"type":"branch","line":236,"loc":{"start":{"line":236,"column":27},"end":{"line":236,"column":31}},"locations":[{"start":{"line":236,"column":27},"end":{"line":236,"column":31}}]},"55":{"type":"branch","line":240,"loc":{"start":{"line":240,"column":7},"end":{"line":247,"column":1}},"locations":[{"start":{"line":240,"column":7},"end":{"line":247,"column":1}}]},"56":{"type":"branch","line":241,"loc":{"start":{"line":241,"column":26},"end":{"line":241,"column":31}},"locations":[{"start":{"line":241,"column":26},"end":{"line":241,"column":31}}]},"57":{"type":"branch","line":241,"loc":{"start":{"line":241,"column":37},"end":{"line":244,"column":4}},"locations":[{"start":{"line":241,"column":37},"end":{"line":244,"column":4}}]},"58":{"type":"branch","line":243,"loc":{"start":{"line":243,"column":35},"end":{"line":243,"column":39}},"locations":[{"start":{"line":243,"column":35},"end":{"line":243,"column":39}}]},"59":{"type":"branch","line":249,"loc":{"start":{"line":249,"column":7},"end":{"line":252,"column":1}},"locations":[{"start":{"line":249,"column":7},"end":{"line":252,"column":1}}]},"60":{"type":"branch","line":251,"loc":{"start":{"line":251,"column":11},"end":{"line":251,"column":30}},"locations":[{"start":{"line":251,"column":11},"end":{"line":251,"column":30}}]},"61":{"type":"branch","line":251,"loc":{"start":{"line":251,"column":31},"end":{"line":251,"column":35}},"locations":[{"start":{"line":251,"column":31},"end":{"line":251,"column":35}}]},"62":{"type":"branch","line":255,"loc":{"start":{"line":255,"column":7},"end":{"line":260,"column":1}},"locations":[{"start":{"line":255,"column":7},"end":{"line":260,"column":1}}]},"63":{"type":"branch","line":257,"loc":{"start":{"line":257,"column":25},"end":{"line":257,"column":36}},"locations":[{"start":{"line":257,"column":25},"end":{"line":257,"column":36}}]},"64":{"type":"branch","line":257,"loc":{"start":{"line":257,"column":32},"end":{"line":258,"column":27}},"locations":[{"start":{"line":257,"column":32},"end":{"line":258,"column":27}}]},"65":{"type":"branch","line":258,"loc":{"start":{"line":258,"column":27},"end":{"line":258,"column":31}},"locations":[{"start":{"line":258,"column":27},"end":{"line":258,"column":31}}]},"66":{"type":"branch","line":290,"loc":{"start":{"line":290,"column":7},"end":{"line":353,"column":1}},"locations":[{"start":{"line":290,"column":7},"end":{"line":353,"column":1}}]},"67":{"type":"branch","line":299,"loc":{"start":{"line":299,"column":34},"end":{"line":299,"column":64}},"locations":[{"start":{"line":299,"column":34},"end":{"line":299,"column":64}}]},"68":{"type":"branch","line":299,"loc":{"start":{"line":299,"column":65},"end":{"line":299,"column":94}},"locations":[{"start":{"line":299,"column":65},"end":{"line":299,"column":94}}]},"69":{"type":"branch","line":300,"loc":{"start":{"line":300,"column":30},"end":{"line":300,"column":35}},"locations":[{"start":{"line":300,"column":30},"end":{"line":300,"column":35}}]},"70":{"type":"branch","line":301,"loc":{"start":{"line":301,"column":26},"end":{"line":301,"column":31}},"locations":[{"start":{"line":301,"column":26},"end":{"line":301,"column":31}}]},"71":{"type":"branch","line":305,"loc":{"start":{"line":305,"column":39},"end":{"line":305,"column":43}},"locations":[{"start":{"line":305,"column":39},"end":{"line":305,"column":43}}]},"72":{"type":"branch","line":307,"loc":{"start":{"line":307,"column":22},"end":{"line":316,"column":3}},"locations":[{"start":{"line":307,"column":22},"end":{"line":316,"column":3}}]},"73":{"type":"branch","line":308,"loc":{"start":{"line":308,"column":19},"end":{"line":311,"column":5}},"locations":[{"start":{"line":308,"column":19},"end":{"line":311,"column":5}}]},"74":{"type":"branch","line":311,"loc":{"start":{"line":311,"column":4},"end":{"line":312,"column":24}},"locations":[{"start":{"line":311,"column":4},"end":{"line":312,"column":24}}]},"75":{"type":"branch","line":312,"loc":{"start":{"line":312,"column":24},"end":{"line":315,"column":5}},"locations":[{"start":{"line":312,"column":24},"end":{"line":315,"column":5}}]},"76":{"type":"branch","line":316,"loc":{"start":{"line":316,"column":2},"end":{"line":317,"column":26}},"locations":[{"start":{"line":316,"column":2},"end":{"line":317,"column":26}}]},"77":{"type":"branch","line":317,"loc":{"start":{"line":317,"column":26},"end":{"line":329,"column":3}},"locations":[{"start":{"line":317,"column":26},"end":{"line":329,"column":3}}]},"78":{"type":"branch","line":319,"loc":{"start":{"line":319,"column":31},"end":{"line":322,"column":5}},"locations":[{"start":{"line":319,"column":31},"end":{"line":322,"column":5}}]},"79":{"type":"branch","line":324,"loc":{"start":{"line":324,"column":58},"end":{"line":328,"column":5}},"locations":[{"start":{"line":324,"column":58},"end":{"line":328,"column":5}}]},"80":{"type":"branch","line":329,"loc":{"start":{"line":329,"column":2},"end":{"line":340,"column":16}},"locations":[{"start":{"line":329,"column":2},"end":{"line":340,"column":16}}]},"81":{"type":"branch","line":340,"loc":{"start":{"line":340,"column":16},"end":{"line":343,"column":3}},"locations":[{"start":{"line":340,"column":16},"end":{"line":343,"column":3}}]},"82":{"type":"branch","line":343,"loc":{"start":{"line":343,"column":2},"end":{"line":353,"column":1}},"locations":[{"start":{"line":343,"column":2},"end":{"line":353,"column":1}}]},"83":{"type":"branch","line":301,"loc":{"start":{"line":301,"column":37},"end":{"line":304,"column":4}},"locations":[{"start":{"line":301,"column":37},"end":{"line":304,"column":4}}]},"84":{"type":"branch","line":303,"loc":{"start":{"line":303,"column":35},"end":{"line":303,"column":39}},"locations":[{"start":{"line":303,"column":35},"end":{"line":303,"column":39}}]},"85":{"type":"branch","line":333,"loc":{"start":{"line":333,"column":4},"end":{"line":338,"column":51}},"locations":[{"start":{"line":333,"column":4},"end":{"line":338,"column":51}}]},"86":{"type":"branch","line":336,"loc":{"start":{"line":336,"column":14},"end":{"line":336,"column":19}},"locations":[{"start":{"line":336,"column":14},"end":{"line":336,"column":19}}]},"87":{"type":"branch","line":336,"loc":{"start":{"line":336,"column":33},"end":{"line":337,"column":45}},"locations":[{"start":{"line":336,"column":33},"end":{"line":337,"column":45}}]},"88":{"type":"branch","line":337,"loc":{"start":{"line":337,"column":46},"end":{"line":338,"column":51}},"locations":[{"start":{"line":337,"column":46},"end":{"line":338,"column":51}}]},"89":{"type":"branch","line":355,"loc":{"start":{"line":355,"column":7},"end":{"line":357,"column":1}},"locations":[{"start":{"line":355,"column":7},"end":{"line":357,"column":1}}]},"90":{"type":"branch","line":356,"loc":{"start":{"line":356,"column":43},"end":{"line":356,"column":69}},"locations":[{"start":{"line":356,"column":43},"end":{"line":356,"column":69}}]},"91":{"type":"branch","line":359,"loc":{"start":{"line":359,"column":7},"end":{"line":364,"column":1}},"locations":[{"start":{"line":359,"column":7},"end":{"line":364,"column":1}}]},"92":{"type":"branch","line":361,"loc":{"start":{"line":361,"column":10},"end":{"line":361,"column":16}},"locations":[{"start":{"line":361,"column":10},"end":{"line":361,"column":16}}]},"93":{"type":"branch","line":362,"loc":{"start":{"line":362,"column":18},"end":{"line":362,"column":40}},"locations":[{"start":{"line":362,"column":18},"end":{"line":362,"column":40}}]},"94":{"type":"branch","line":362,"loc":{"start":{"line":362,"column":39},"end":{"line":363,"column":17}},"locations":[{"start":{"line":362,"column":39},"end":{"line":363,"column":17}}]},"95":{"type":"branch","line":360,"loc":{"start":{"line":360,"column":33},"end":{"line":360,"column":59}},"locations":[{"start":{"line":360,"column":33},"end":{"line":360,"column":59}}]},"96":{"type":"branch","line":366,"loc":{"start":{"line":366,"column":7},"end":{"line":375,"column":1}},"locations":[{"start":{"line":366,"column":7},"end":{"line":375,"column":1}}]},"97":{"type":"branch","line":367,"loc":{"start":{"line":367,"column":40},"end":{"line":374,"column":3}},"locations":[{"start":{"line":367,"column":40},"end":{"line":374,"column":3}}]},"98":{"type":"branch","line":368,"loc":{"start":{"line":368,"column":29},"end":{"line":368,"column":37}},"locations":[{"start":{"line":368,"column":29},"end":{"line":368,"column":37}}]},"99":{"type":"branch","line":370,"loc":{"start":{"line":370,"column":61},"end":{"line":372,"column":5}},"locations":[{"start":{"line":370,"column":61},"end":{"line":372,"column":5}}]},"100":{"type":"branch","line":379,"loc":{"start":{"line":379,"column":42},"end":{"line":383,"column":2}},"locations":[{"start":{"line":379,"column":42},"end":{"line":383,"column":2}}]},"101":{"type":"branch","line":381,"loc":{"start":{"line":381,"column":28},"end":{"line":381,"column":33}},"locations":[{"start":{"line":381,"column":28},"end":{"line":381,"column":33}}]},"102":{"type":"branch","line":391,"loc":{"start":{"line":391,"column":39},"end":{"line":395,"column":2}},"locations":[{"start":{"line":391,"column":39},"end":{"line":395,"column":2}}]},"103":{"type":"branch","line":393,"loc":{"start":{"line":393,"column":28},"end":{"line":393,"column":33}},"locations":[{"start":{"line":393,"column":28},"end":{"line":393,"column":33}}]},"104":{"type":"branch","line":401,"loc":{"start":{"line":401,"column":7},"end":{"line":429,"column":1}},"locations":[{"start":{"line":401,"column":7},"end":{"line":429,"column":1}}]},"105":{"type":"branch","line":403,"loc":{"start":{"line":403,"column":11},"end":{"line":406,"column":3}},"locations":[{"start":{"line":403,"column":11},"end":{"line":406,"column":3}}]},"106":{"type":"branch","line":408,"loc":{"start":{"line":408,"column":41},"end":{"line":411,"column":3}},"locations":[{"start":{"line":408,"column":41},"end":{"line":411,"column":3}}]},"107":{"type":"branch","line":412,"loc":{"start":{"line":412,"column":32},"end":{"line":412,"column":52}},"locations":[{"start":{"line":412,"column":32},"end":{"line":412,"column":52}}]},"108":{"type":"branch","line":412,"loc":{"start":{"line":412,"column":78},"end":{"line":412,"column":82}},"locations":[{"start":{"line":412,"column":78},"end":{"line":412,"column":82}}]},"109":{"type":"branch","line":416,"loc":{"start":{"line":416,"column":41},"end":{"line":416,"column":45}},"locations":[{"start":{"line":416,"column":41},"end":{"line":416,"column":45}}]},"110":{"type":"branch","line":417,"loc":{"start":{"line":417,"column":16},"end":{"line":429,"column":1}},"locations":[{"start":{"line":417,"column":16},"end":{"line":429,"column":1}}]},"111":{"type":"branch","line":414,"loc":{"start":{"line":414,"column":4},"end":{"line":414,"column":77}},"locations":[{"start":{"line":414,"column":4},"end":{"line":414,"column":77}}]},"112":{"type":"branch","line":435,"loc":{"start":{"line":435,"column":7},"end":{"line":438,"column":1}},"locations":[{"start":{"line":435,"column":7},"end":{"line":438,"column":1}}]},"113":{"type":"branch","line":437,"loc":{"start":{"line":437,"column":19},"end":{"line":437,"column":47}},"locations":[{"start":{"line":437,"column":19},"end":{"line":437,"column":47}}]},"114":{"type":"branch","line":469,"loc":{"start":{"line":469,"column":7},"end":{"line":473,"column":1}},"locations":[{"start":{"line":469,"column":7},"end":{"line":473,"column":1}}]},"115":{"type":"branch","line":471,"loc":{"start":{"line":471,"column":10},"end":{"line":471,"column":56}},"locations":[{"start":{"line":471,"column":10},"end":{"line":471,"column":56}}]},"116":{"type":"branch","line":475,"loc":{"start":{"line":475,"column":7},"end":{"line":477,"column":1}},"locations":[{"start":{"line":475,"column":7},"end":{"line":477,"column":1}}]},"117":{"type":"branch","line":479,"loc":{"start":{"line":479,"column":7},"end":{"line":483,"column":1}},"locations":[{"start":{"line":479,"column":7},"end":{"line":483,"column":1}}]},"118":{"type":"branch","line":480,"loc":{"start":{"line":480,"column":22},"end":{"line":480,"column":34}},"locations":[{"start":{"line":480,"column":22},"end":{"line":480,"column":34}}]}},"b":{"0":[2],"1":[1],"2":[9],"3":[0],"4":[0],"5":[9],"6":[3],"7":[1],"8":[0],"9":[1],"10":[0],"11":[0],"12":[2],"13":[0],"14":[0],"15":[0],"16":[0],"17":[0],"18":[1],"19":[0],"20":[0],"21":[0],"22":[0],"23":[0],"24":[1],"25":[2],"26":[1],"27":[0],"28":[1],"29":[2],"30":[0],"31":[0],"32":[0],"33":[0],"34":[0],"35":[1],"36":[0],"37":[0],"38":[0],"39":[15],"40":[0],"41":[0],"42":[0],"43":[3],"44":[1],"45":[1],"46":[3],"47":[2],"48":[0],"49":[0],"50":[0],"51":[0],"52":[2],"53":[0],"54":[0],"55":[13],"56":[0],"57":[1],"58":[0],"59":[13],"60":[1],"61":[12],"62":[12],"63":[9],"64":[3],"65":[0],"66":[12],"67":[0],"68":[0],"69":[10],"70":[0],"71":[0],"72":[3],"73":[1],"74":[2],"75":[1],"76":[11],"77":[1],"78":[0],"79":[0],"80":[11],"81":[1],"82":[10],"83":[1],"84":[0],"85":[3],"86":[2],"87":[2],"88":[2],"89":[1],"90":[1],"91":[3],"92":[0],"93":[1],"94":[2],"95":[3],"96":[3],"97":[3],"98":[0],"99":[1],"100":[1],"101":[0],"102":[1],"103":[0],"104":[2],"105":[0],"106":[0],"107":[0],"108":[0],"109":[0],"110":[1],"111":[1],"112":[6],"113":[4],"114":[16],"115":[0],"116":[16],"117":[1],"118":[0]},"fnMap":{"0":{"name":"showToast","decl":{"start":{"line":33,"column":7},"end":{"line":40,"column":1}},"loc":{"start":{"line":33,"column":7},"end":{"line":40,"column":1}},"line":33},"1":{"name":"clearCart","decl":{"start":{"line":49,"column":7},"end":{"line":52,"column":1}},"loc":{"start":{"line":49,"column":7},"end":{"line":52,"column":1}},"line":49},"2":{"name":"setOrderDiscount","decl":{"start":{"line":54,"column":7},"end":{"line":56,"column":1}},"loc":{"start":{"line":54,"column":7},"end":{"line":56,"column":1}},"line":54},"3":{"name":"persistWaiterSession","decl":{"start":{"line":60,"column":0},"end":{"line":67,"column":1}},"loc":{"start":{"line":60,"column":0},"end":{"line":67,"column":1}},"line":60},"4":{"name":"restoreWaiterSession","decl":{"start":{"line":69,"column":0},"end":{"line":81,"column":1}},"loc":{"start":{"line":69,"column":0},"end":{"line":81,"column":1}},"line":69},"5":{"name":"validateWaiterSession","decl":{"start":{"line":85,"column":7},"end":{"line":110,"column":1}},"loc":{"start":{"line":85,"column":7},"end":{"line":110,"column":1}},"line":85},"6":{"name":"setWaiter","decl":{"start":{"line":112,"column":7},"end":{"line":127,"column":1}},"loc":{"start":{"line":112,"column":7},"end":{"line":127,"column":1}},"line":112},"7":{"name":"persistRegisterSession","decl":{"start":{"line":134,"column":0},"end":{"line":141,"column":1}},"loc":{"start":{"line":134,"column":0},"end":{"line":141,"column":1}},"line":134},"8":{"name":"restoreRegisterSession","decl":{"start":{"line":143,"column":0},"end":{"line":155,"column":1}},"loc":{"start":{"line":143,"column":0},"end":{"line":155,"column":1}},"line":143},"9":{"name":"validateRegisterSession","decl":{"start":{"line":159,"column":7},"end":{"line":187,"column":1}},"loc":{"start":{"line":159,"column":7},"end":{"line":187,"column":1}},"line":159},"10":{"name":"setRegisterSession","decl":{"start":{"line":189,"column":7},"end":{"line":204,"column":1}},"loc":{"start":{"line":189,"column":7},"end":{"line":204,"column":1}},"line":189},"11":{"name":"getArticle","decl":{"start":{"line":206,"column":7},"end":{"line":210,"column":1}},"loc":{"start":{"line":206,"column":7},"end":{"line":210,"column":1}},"line":206},"12":{"name":"cartQtyForArticle","decl":{"start":{"line":212,"column":7},"end":{"line":217,"column":1}},"loc":{"start":{"line":212,"column":7},"end":{"line":217,"column":1}},"line":212},"13":{"name":"cartQtyForAddition","decl":{"start":{"line":219,"column":7},"end":{"line":231,"column":1}},"loc":{"start":{"line":219,"column":7},"end":{"line":231,"column":1}},"line":219},"14":{"name":"availableAdditionQty","decl":{"start":{"line":233,"column":7},"end":{"line":238,"column":1}},"loc":{"start":{"line":233,"column":7},"end":{"line":238,"column":1}},"line":233},"15":{"name":"additionsSignature","decl":{"start":{"line":240,"column":7},"end":{"line":247,"column":1}},"loc":{"start":{"line":240,"column":7},"end":{"line":247,"column":1}},"line":240},"16":{"name":"discountSignature","decl":{"start":{"line":249,"column":7},"end":{"line":252,"column":1}},"loc":{"start":{"line":249,"column":7},"end":{"line":252,"column":1}},"line":249},"17":{"name":"availableQty","decl":{"start":{"line":255,"column":7},"end":{"line":260,"column":1}},"loc":{"start":{"line":255,"column":7},"end":{"line":260,"column":1}},"line":255},"18":{"name":"patchEventArticles","decl":{"start":{"line":262,"column":7},"end":{"line":288,"column":1}},"loc":{"start":{"line":262,"column":7},"end":{"line":288,"column":1}},"line":262},"19":{"name":"addCartLine","decl":{"start":{"line":290,"column":7},"end":{"line":353,"column":1}},"loc":{"start":{"line":290,"column":7},"end":{"line":353,"column":1}},"line":290},"20":{"name":"removeCartLine","decl":{"start":{"line":355,"column":7},"end":{"line":357,"column":1}},"loc":{"start":{"line":355,"column":7},"end":{"line":357,"column":1}},"line":355},"21":{"name":"decrementCartLine","decl":{"start":{"line":359,"column":7},"end":{"line":364,"column":1}},"loc":{"start":{"line":359,"column":7},"end":{"line":364,"column":1}},"line":359},"22":{"name":"updateCartLine","decl":{"start":{"line":366,"column":7},"end":{"line":375,"column":1}},"loc":{"start":{"line":366,"column":7},"end":{"line":375,"column":1}},"line":366},"23":{"name":"addVoucherCartLine","decl":{"start":{"line":401,"column":7},"end":{"line":429,"column":1}},"loc":{"start":{"line":401,"column":7},"end":{"line":429,"column":1}},"line":401},"24":{"name":"cartLineLabel","decl":{"start":{"line":431,"column":7},"end":{"line":433,"column":1}},"loc":{"start":{"line":431,"column":7},"end":{"line":433,"column":1}},"line":431},"25":{"name":"bundleReady","decl":{"start":{"line":435,"column":7},"end":{"line":438,"column":1}},"loc":{"start":{"line":435,"column":7},"end":{"line":438,"column":1}},"line":435},"26":{"name":"refreshBundle","decl":{"start":{"line":440,"column":7},"end":{"line":457,"column":1}},"loc":{"start":{"line":440,"column":7},"end":{"line":457,"column":1}},"line":440},"27":{"name":"articleName","decl":{"start":{"line":459,"column":7},"end":{"line":463,"column":1}},"loc":{"start":{"line":459,"column":7},"end":{"line":463,"column":1}},"line":459},"28":{"name":"setAdminUnlocked","decl":{"start":{"line":469,"column":7},"end":{"line":473,"column":1}},"loc":{"start":{"line":469,"column":7},"end":{"line":473,"column":1}},"line":469},"29":{"name":"clearAdminSession","decl":{"start":{"line":475,"column":7},"end":{"line":477,"column":1}},"loc":{"start":{"line":475,"column":7},"end":{"line":477,"column":1}},"line":475},"30":{"name":"adminRequiresPin","decl":{"start":{"line":479,"column":7},"end":{"line":483,"column":1}},"loc":{"start":{"line":479,"column":7},"end":{"line":483,"column":1}},"line":479},"31":{"name":"verifyAdminPin","decl":{"start":{"line":485,"column":7},"end":{"line":491,"column":1}},"loc":{"start":{"line":485,"column":7},"end":{"line":491,"column":1}},"line":485},"32":{"name":"stockArticlesForEvent","decl":{"start":{"line":493,"column":7},"end":{"line":498,"column":1}},"loc":{"start":{"line":493,"column":7},"end":{"line":498,"column":1}},"line":493}},"f":{"0":2,"1":3,"2":1,"3":1,"4":2,"5":1,"6":2,"7":0,"8":2,"9":0,"10":1,"11":15,"12":3,"13":3,"14":2,"15":13,"16":13,"17":12,"18":0,"19":12,"20":1,"21":3,"22":3,"23":2,"24":0,"25":6,"26":0,"27":0,"28":16,"29":16,"30":1,"31":0,"32":0}}
,"/Users/christophosswald/kDrive-Privat/Software/order-platform/pi/frontend/src/utils/bundleHelpers.js": {"path":"/Users/christophosswald/kDrive-Privat/Software/order-platform/pi/frontend/src/utils/bundleHelpers.js","all":false,"statementMap":{"0":{"start":{"line":1,"column":0},"end":{"line":1,"column":3}},"1":{"start":{"line":2,"column":0},"end":{"line":2,"column":49}},"2":{"start":{"line":3,"column":0},"end":{"line":3,"column":42}},"3":{"start":{"line":4,"column":0},"end":{"line":4,"column":3}},"4":{"start":{"line":5,"column":0},"end":{"line":5,"column":41}},"5":{"start":{"line":6,"column":0},"end":{"line":6,"column":51}},"6":{"start":{"line":7,"column":0},"end":{"line":7,"column":61}},"7":{"start":{"line":8,"column":0},"end":{"line":8,"column":47}},"8":{"start":{"line":9,"column":0},"end":{"line":9,"column":26}},"9":{"start":{"line":10,"column":0},"end":{"line":10,"column":1}},"11":{"start":{"line":12,"column":0},"end":{"line":12,"column":44}},"12":{"start":{"line":13,"column":0},"end":{"line":13,"column":28}},"13":{"start":{"line":14,"column":0},"end":{"line":14,"column":39}},"14":{"start":{"line":15,"column":0},"end":{"line":15,"column":46}},"15":{"start":{"line":16,"column":0},"end":{"line":16,"column":13}},"16":{"start":{"line":17,"column":0},"end":{"line":17,"column":1}},"18":{"start":{"line":19,"column":0},"end":{"line":19,"column":39}},"19":{"start":{"line":20,"column":0},"end":{"line":20,"column":74}},"20":{"start":{"line":21,"column":0},"end":{"line":21,"column":1}},"22":{"start":{"line":23,"column":0},"end":{"line":23,"column":65}},"23":{"start":{"line":24,"column":0},"end":{"line":24,"column":51}},"24":{"start":{"line":25,"column":0},"end":{"line":25,"column":16}},"25":{"start":{"line":26,"column":0},"end":{"line":26,"column":38}},"26":{"start":{"line":27,"column":0},"end":{"line":27,"column":48}},"27":{"start":{"line":28,"column":0},"end":{"line":28,"column":14}},"28":{"start":{"line":29,"column":0},"end":{"line":29,"column":41}},"29":{"start":{"line":30,"column":0},"end":{"line":30,"column":45}},"30":{"start":{"line":31,"column":0},"end":{"line":31,"column":6}},"31":{"start":{"line":32,"column":0},"end":{"line":32,"column":3}},"32":{"start":{"line":33,"column":0},"end":{"line":33,"column":12}},"33":{"start":{"line":34,"column":0},"end":{"line":34,"column":1}},"35":{"start":{"line":36,"column":0},"end":{"line":36,"column":3}},"36":{"start":{"line":37,"column":0},"end":{"line":37,"column":97}},"37":{"start":{"line":38,"column":0},"end":{"line":38,"column":28}},"38":{"start":{"line":39,"column":0},"end":{"line":39,"column":25}},"39":{"start":{"line":40,"column":0},"end":{"line":40,"column":67}},"40":{"start":{"line":41,"column":0},"end":{"line":41,"column":3}},"41":{"start":{"line":42,"column":0},"end":{"line":42,"column":73}},"42":{"start":{"line":43,"column":0},"end":{"line":43,"column":49}},"43":{"start":{"line":44,"column":0},"end":{"line":44,"column":68}},"44":{"start":{"line":45,"column":0},"end":{"line":45,"column":35}},"45":{"start":{"line":46,"column":0},"end":{"line":46,"column":60}},"46":{"start":{"line":47,"column":0},"end":{"line":47,"column":1}},"48":{"start":{"line":49,"column":0},"end":{"line":49,"column":36}},"49":{"start":{"line":50,"column":0},"end":{"line":50,"column":58}},"50":{"start":{"line":51,"column":0},"end":{"line":51,"column":56}},"51":{"start":{"line":52,"column":0},"end":{"line":52,"column":56}},"52":{"start":{"line":53,"column":0},"end":{"line":53,"column":56}},"53":{"start":{"line":54,"column":0},"end":{"line":54,"column":27}},"54":{"start":{"line":55,"column":0},"end":{"line":55,"column":86}},"55":{"start":{"line":56,"column":0},"end":{"line":56,"column":40}},"56":{"start":{"line":57,"column":0},"end":{"line":57,"column":1}},"58":{"start":{"line":59,"column":0},"end":{"line":59,"column":96}},"59":{"start":{"line":60,"column":0},"end":{"line":60,"column":47}},"60":{"start":{"line":61,"column":0},"end":{"line":61,"column":74}},"61":{"start":{"line":62,"column":0},"end":{"line":62,"column":43}},"62":{"start":{"line":63,"column":0},"end":{"line":63,"column":36}},"63":{"start":{"line":64,"column":0},"end":{"line":64,"column":1}},"65":{"start":{"line":66,"column":0},"end":{"line":66,"column":3}},"66":{"start":{"line":67,"column":0},"end":{"line":67,"column":96}},"67":{"start":{"line":68,"column":0},"end":{"line":68,"column":48}},"68":{"start":{"line":69,"column":0},"end":{"line":69,"column":49}},"69":{"start":{"line":70,"column":0},"end":{"line":70,"column":3}},"70":{"start":{"line":71,"column":0},"end":{"line":71,"column":52}},"71":{"start":{"line":72,"column":0},"end":{"line":72,"column":81}},"72":{"start":{"line":73,"column":0},"end":{"line":73,"column":16}},"73":{"start":{"line":74,"column":0},"end":{"line":74,"column":43}},"74":{"start":{"line":75,"column":0},"end":{"line":75,"column":37}},"75":{"start":{"line":76,"column":0},"end":{"line":76,"column":23}},"76":{"start":{"line":77,"column":0},"end":{"line":77,"column":85}},"77":{"start":{"line":78,"column":0},"end":{"line":78,"column":44}},"78":{"start":{"line":79,"column":0},"end":{"line":79,"column":10}},"79":{"start":{"line":80,"column":0},"end":{"line":80,"column":56}},"80":{"start":{"line":81,"column":0},"end":{"line":81,"column":32}},"81":{"start":{"line":82,"column":0},"end":{"line":82,"column":5}},"82":{"start":{"line":83,"column":0},"end":{"line":83,"column":26}},"83":{"start":{"line":84,"column":0},"end":{"line":84,"column":3}},"84":{"start":{"line":85,"column":0},"end":{"line":85,"column":12}},"85":{"start":{"line":86,"column":0},"end":{"line":86,"column":1}},"87":{"start":{"line":88,"column":0},"end":{"line":88,"column":27}},"88":{"start":{"line":89,"column":0},"end":{"line":89,"column":65}},"89":{"start":{"line":90,"column":0},"end":{"line":90,"column":3}},"90":{"start":{"line":91,"column":0},"end":{"line":91,"column":49}},"91":{"start":{"line":92,"column":0},"end":{"line":92,"column":42}},"92":{"start":{"line":93,"column":0},"end":{"line":93,"column":37}},"93":{"start":{"line":94,"column":0},"end":{"line":94,"column":37}},"94":{"start":{"line":95,"column":0},"end":{"line":95,"column":1}},"96":{"start":{"line":97,"column":0},"end":{"line":97,"column":3}},"97":{"start":{"line":98,"column":0},"end":{"line":98,"column":54}},"98":{"start":{"line":99,"column":0},"end":{"line":99,"column":24}},"99":{"start":{"line":100,"column":0},"end":{"line":100,"column":28}},"100":{"start":{"line":101,"column":0},"end":{"line":101,"column":40}},"101":{"start":{"line":102,"column":0},"end":{"line":102,"column":3}},"102":{"start":{"line":103,"column":0},"end":{"line":103,"column":64}},"103":{"start":{"line":104,"column":0},"end":{"line":104,"column":49}},"104":{"start":{"line":105,"column":0},"end":{"line":105,"column":43}},"105":{"start":{"line":106,"column":0},"end":{"line":106,"column":30}},"106":{"start":{"line":107,"column":0},"end":{"line":107,"column":30}},"107":{"start":{"line":108,"column":0},"end":{"line":108,"column":50}},"108":{"start":{"line":109,"column":0},"end":{"line":109,"column":59}},"109":{"start":{"line":110,"column":0},"end":{"line":110,"column":3}},"110":{"start":{"line":111,"column":0},"end":{"line":111,"column":13}},"111":{"start":{"line":112,"column":0},"end":{"line":112,"column":1}},"113":{"start":{"line":114,"column":0},"end":{"line":114,"column":3}},"114":{"start":{"line":115,"column":0},"end":{"line":115,"column":24}},"115":{"start":{"line":116,"column":0},"end":{"line":116,"column":31}},"116":{"start":{"line":117,"column":0},"end":{"line":117,"column":58}},"117":{"start":{"line":118,"column":0},"end":{"line":118,"column":3}},"118":{"start":{"line":119,"column":0},"end":{"line":119,"column":51}},"119":{"start":{"line":120,"column":0},"end":{"line":120,"column":56}},"120":{"start":{"line":121,"column":0},"end":{"line":121,"column":1}},"122":{"start":{"line":123,"column":0},"end":{"line":123,"column":54}},"123":{"start":{"line":124,"column":0},"end":{"line":124,"column":32}},"124":{"start":{"line":125,"column":0},"end":{"line":125,"column":86}},"125":{"start":{"line":126,"column":0},"end":{"line":126,"column":1}},"127":{"start":{"line":128,"column":0},"end":{"line":128,"column":74}},"128":{"start":{"line":129,"column":0},"end":{"line":129,"column":40}},"129":{"start":{"line":130,"column":0},"end":{"line":130,"column":45}},"130":{"start":{"line":131,"column":0},"end":{"line":131,"column":43}},"131":{"start":{"line":132,"column":0},"end":{"line":132,"column":60}},"132":{"start":{"line":133,"column":0},"end":{"line":133,"column":3}},"133":{"start":{"line":134,"column":0},"end":{"line":134,"column":67}},"134":{"start":{"line":135,"column":0},"end":{"line":135,"column":31}},"135":{"start":{"line":136,"column":0},"end":{"line":136,"column":1}},"137":{"start":{"line":138,"column":0},"end":{"line":138,"column":68}},"138":{"start":{"line":139,"column":0},"end":{"line":139,"column":57}},"139":{"start":{"line":140,"column":0},"end":{"line":140,"column":16}},"140":{"start":{"line":141,"column":0},"end":{"line":141,"column":47}},"141":{"start":{"line"
[...]
},"4":{"type":"branch","line":16,"loc":{"start":{"line":16,"column":7},"end":{"line":24,"column":1}},"locations":[{"start":{"line":16,"column":7},"end":{"line":24,"column":1}}]},"5":{"type":"branch","line":17,"loc":{"start":{"line":17,"column":19},"end":{"line":17,"column":34}},"locations":[{"start":{"line":17,"column":19},"end":{"line":17,"column":34}}]},"6":{"type":"branch","line":18,"loc":{"start":{"line":18,"column":26},"end":{"line":18,"column":40}},"locations":[{"start":{"line":18,"column":26},"end":{"line":18,"column":40}}]},"7":{"type":"branch","line":18,"loc":{"start":{"line":18,"column":42},"end":{"line":20,"column":38}},"locations":[{"start":{"line":18,"column":42},"end":{"line":20,"column":38}}]},"8":{"type":"branch","line":20,"loc":{"start":{"line":20,"column":38},"end":{"line":22,"column":3}},"locations":[{"start":{"line":20,"column":38},"end":{"line":22,"column":3}}]},"9":{"type":"branch","line":21,"loc":{"start":{"line":21,"column":61},"end":{"line":21,"column":72}},"locations":[{"start":{"line":21,"column":61},"end":{"line":21,"column":72}}]},"10":{"type":"branch","line":22,"loc":{"start":{"line":22,"column":2},"end":{"line":23,"column":25}},"locations":[{"start":{"line":22,"column":2},"end":{"line":23,"column":25}}]},"11":{"type":"branch","line":23,"loc":{"start":{"line":23,"column":26},"end":{"line":23,"column":36}},"locations":[{"start":{"line":23,"column":26},"end":{"line":23,"column":36}}]},"12":{"type":"branch","line":21,"loc":{"start":{"line":21,"column":16},"end":{"line":21,"column":46}},"locations":[{"start":{"line":21,"column":16},"end":{"line":21,"column":46}}]},"13":{"type":"branch","line":27,"loc":{"start":{"line":27,"column":7},"end":{"line":31,"column":1}},"locations":[{"start":{"line":27,"column":7},"end":{"line":31,"column":1}}]},"14":{"type":"branch","line":29,"loc":{"start":{"line":29,"column":59},"end":{"line":31,"column":1}},"locations":[{"start":{"line":29,"column":59},"end":{"line":31,"column":1}}]},"15":{"type":"branch","line":33,"loc":{"start":{"line":33,"column":7},"end":{"line":35,"column":1}},"locations":[{"start":{"line":33,"column":7},"end":{"line":35,"column":1}}]},"16":{"type":"branch","line":34,"loc":{"start":{"line":34,"column":64},"end":{"line":34,"column":68}},"locations":[{"start":{"line":34,"column":64},"end":{"line":34,"column":68}}]},"17":{"type":"branch","line":37,"loc":{"start":{"line":37,"column":7},"end":{"line":45,"column":1}},"locations":[{"start":{"line":37,"column":7},"end":{"line":45,"column":1}}]},"18":{"type":"branch","line":41,"loc":{"start":{"line":41,"column":52},"end":{"line":41,"column":56}},"locations":[{"start":{"line":41,"column":52},"end":{"line":41,"column":56}}]},"19":{"type":"branch","line":42,"loc":{"start":{"line":42,"column":55},"end":{"line":42,"column":60}},"locations":[{"start":{"line":42,"column":55},"end":{"line":42,"column":60}}]}},"b":{"0":[3],"1":[0],"2":[1],"3":[0],"4":[2],"5":[1],"6":[1],"7":[1],"8":[4],"9":[3],"10":[1],"11":[0],"12":[12],"13":[2],"14":[1],"15":[3],"16":[0],"17":[2],"18":[0],"19":[0]},"fnMap":{"0":{"name":"paymentTypeLabel","decl":{"start":{"line":10,"column":7},"end":{"line":13,"column":1}},"loc":{"start":{"line":10,"column":7},"end":{"line":13,"column":1}},"line":10},"1":{"name":"eventPaymentTypes","decl":{"start":{"line":16,"column":7},"end":{"line":24,"column":1}},"loc":{"start":{"line":16,"column":7},"end":{"line":24,"column":1}},"line":16},"2":{"name":"eventTwintQrDataUrl","decl":{"start":{"line":27,"column":7},"end":{"line":31,"column":1}},"loc":{"start":{"line":27,"column":7},"end":{"line":31,"column":1}},"line":27},"3":{"name":"buildPayment","decl":{"start":{"line":33,"column":7},"end":{"line":35,"column":1}},"loc":{"start":{"line":33,"column":7},"end":{"line":35,"column":1}},"line":33},"4":{"name":"buildStripeTerminalPayment","decl":{"start":{"line":37,"column":7},"end":{"line":45,"column":1}},"loc":{"start":{"line":37,"column":7},"end":{"line":45,"column":1}},"line":37}},"f":{"0":3,"1":2,"2":2,"3":3,"4":2}}
,"/Users/christophosswald/kDrive-Privat/Software/order-platform/pi/frontend/src/utils/resolvePayment.js": {"path":"/Users/christophosswald/kDrive-Privat/Software/order-platform/pi/frontend/src/utils/resolvePayment.js","all":false,"statementMap":{"0":{"start":{"line":1,"column":0},"end":{"line":1,"column":49}},"1":{"start":{"line":2,"column":0},"end":{"line":2,"column":70}},"2":{"start":{"line":3,"column":0},"end":{"line":3,"column":63}},"3":{"start":{"line":4,"column":0},"end":{"line":4,"column":85}},"4":{"start":{"line":5,"column":0},"end":{"line":5,"column":8}},"10":{"start":{"line":11,"column":0},"end":{"line":11,"column":45}},"12":{"start":{"line":13,"column":0},"end":{"line":13,"column":102}},"13":{"start":{"line":14,"column":0},"end":{"line":14,"column":66}},"14":{"start":{"line":15,"column":0},"end":{"line":15,"column":38}},"15":{"start":{"line":16,"column":0},"end":{"line":16,"column":45}},"16":{"start":{"line":17,"column":0},"end":{"line":17,"column":3}},"18":{"start":{"line":19,"column":0},"end":{"line":19,"column":53}},"19":{"start":{"line":20,"column":0},"end":{"line":20,"column":67}},"20":{"start":{"line":21,"column":0},"end":{"line":21,"column":67}},"21":{"start":{"line":22,"column":0},"end":{"line":22,"column":13}},"22":{"start":{"line":23,"column":0},"end":{"line":23,"column":25}},"23":{"start":{"line":24,"column":0},"end":{"line":24,"column":3}},"25":{"start":{"line":26,"column":0},"end":{"line":26,"column":34}},"26":{"start":{"line":27,"column":0},"end":{"line":27,"column":7}},"27":{"start":{"line":28,"column":0},"end":{"line":28,"column":50}},"28":{"start":{"line":29,"column":0},"end":{"line":29,"column":24}},"29":{"start":{"line":30,"column":0},"end":{"line":30,"column":18}},"30":{"start":{"line":31,"column":0},"end":{"line":31,"column":31}},"31":{"start":{"line":32,"column":0},"end":{"line":32,"column":20}},"32":{"start":{"line":33,"column":0},"end":{"line":33,"column":6}},"33":{"start":{"line":34,"column":0},"end":{"line":34,"column":84}},"34":{"start":{"line":35,"column":0},"end":{"line":35,"column":13}},"35":{"start":{"line":36,"column":0},"end":{"line":36,"column":37}},"36":{"start":{"line":37,"column":0},"end":{"line":37,"column":3}},"37":{"start":{"line":38,"column":0},"end":{"line":38,"column":1}}},"s":{"0":1,"1":1,"2":1,"3":1,"4":1,"10":1,"12":1,"13":3,"14":3,"15":1,"16":1,"18":2,"19":2,"20":2,"21":3,"22":1,"23":1,"25":1,"26":1,"27":1,"28":1,"29":1,"30":1,"31":1,"32":1,"33":1,"34":1,"35":1,"36":1,"37":3},"branchMap":{"0":{"type":"branch","line":13,"loc":{"start":{"line":13,"column":7},"end":{"line":38,"column":1}},"locations":[{"start":{"line":13,"column":7},"end":{"line":38,"column":1}}]},"1":{"type":"branch","line":15,"loc":{"start":{"line":15,"column":37},"end":{"line":17,"column":3}},"locations":[{"start":{"line":15,"column":37},"end":{"line":17,"column":3}}]},"2":{"type":"branch","line":17,"loc":{"start":{"line":17,"column":2},"end":{"line":22,"column":12}},"locations":[{"start":{"line":17,"column":2},"end":{"line":22,"column":12}}]},"3":{"type":"branch","line":22,"loc":{"start":{"line":22,"column":12},"end":{"line":37,"column":3}},"locations":[{"start":{"line":22,"column":12},"end":{"line":37,"column":3}}]}},"b":{"0":[3],"1":[1],"2":[2],"3":[1]},"fnMap":{"0":{"name":"resolvePaymentsForAmount","decl":{"start":{"line":13,"column":7},"end":{"line":38,"column":1}},"loc":{"start":{"line":13,"column":7},"end":{"line":38,"column":1}},"line":13}},"f":{"0":3}}
,"/Users/christophosswald/kDrive-Privat/Software/order-platform/pi/frontend/src/utils/splitPay.js": {"path":"/Users/christophosswald/kDrive-Privat/Software/order-platform/pi/frontend/src/utils/splitPay.js","all":false,"statementMap":{"0":{"start":{"line":1,"column":0},"end":{"line":1,"column":66}},"1":{"start":{"line":2,"column":0},"end":{"line":2,"column":37}},"2":{"start":{"line":3,"column":0},"end":{"line":3,"column":51}},"3":{"start":{"line":4,"column":0},"end":{"line":4,"column":55}},"4":{"start":{"line":5,"column":0},"end":{"line":5,"column":62}},"5":{"start":{"line":6,"column":0},"end":{"line":6,"column":22}},"6":{"start":{"line":7,"column":0},"end":{"line":7,"column":51}},"7":{"start":{"line":8,"column":0},"end":{"line":8,"column":3}},"8":{"start":{"line":9,"column":0},"end":{"line":9,"column":52}},"9":{"start":{"line":10,"column":0},"end":{"line":10,"column":1}},"11":{"start":{"line":12,"column":0},"end":{"line":12,"column":45}},"12":{"start":{"line":13,"column":0},"end":{"line":13,"column":68}},"13":{"start":{"line":14,"column":0},"end":{"line":14,"column":1}},"15":{"start":{"line":16,"column":0},"end":{"line":16,"column":52}},"16":{"start":{"line":17,"column":0},"end":{"line":17,"column":36}},"17":{"start":{"line":18,"column":0},"end":{"line":18,"column":60}},"18":{"start":{"line":19,"column":0},"end":{"line":19,"column":6}},"19":{"start":{"line":20,"column":0},"end":{"line":20,"column":3}},"20":{"start":{"line":21,"column":0},"end":{"line":21,"column":1}},"22":{"start":{"line":23,"column":0},"end":{"line":23,"column":77}},"23":{"start":{"line":24,"column":0},"end":{"line":24,"column":73}},"24":{"start":{"line":25,"column":0},"end":{"line":25,"column":1}}},"s":{"0":1,"1":1,"2":6,"3":6,"4":6,"5":6,"6":4,"7":4,"8":6,"9":6,"11":1,"12":1,"13":1,"15":1,"16":1,"17":1,"18":1,"19":1,"20":1,"22":1,"23":2,"24":2},"branchMap":{"0":{"type":"branch","line":2,"loc":{"start":{"line":2,"column":7},"end":{"line":10,"column":1}},"locations":[{"start":{"line":2,"column":7},"end":{"line":10,"column":1}}]},"1":{"type":"branch","line":3,"loc":{"start":{"line":3,"column":46},"end":{"line":3,"column":50}},"locations":[{"start":{"line":3,"column":46},"end":{"line":3,"column":50}}]},"2":{"type":"branch","line":4,"loc":{"start":{"line":4,"column":50},"end":{"line":4,"column":54}},"locations":[{"start":{"line":4,"column":50},"end":{"line":4,"column":54}}]},"3":{"type":"branch","line":5,"loc":{"start":{"line":5,"column":57},"end":{"line":5,"column":61}},"locations":[{"start":{"line":5,"column":57},"end":{"line":5,"column":61}}]},"4":{"type":"branch","line":6,"loc":{"start":{"line":6,"column":21},"end":{"line":8,"column":3}},"locations":[{"start":{"line":6,"column":21},"end":{"line":8,"column":3}}]},"5":{"type":"branch","line":8,"loc":{"start":{"line":8,"column":2},"end":{"line":9,"column":41}},"locations":[{"start":{"line":8,"column":2},"end":{"line":9,"column":41}}]},"6":{"type":"branch","line":9,"loc":{"start":{"line":9,"column":41},"end":{"line":9,"column":45}},"locations":[{"start":{"line":9,"column":41},"end":{"line":9,"column":45}}]},"7":{"type":"branch","line":12,"loc":{"start":{"line":12,"column":7},"end":{"line":14,"column":1}},"locations":[{"start":{"line":12,"column":7},"end":{"line":14,"column":1}}]},"8":{"type":"branch","line":13,"loc":{"start":{"line":13,"column":17},"end":{"line":13,"column":22}},"locations":[{"start":{"line":13,"column":17},"end":{"line":13,"column":22}}]},"9":{"type":"branch","line":13,"loc":{"start":{"line":13,"column":31},"end":{"line":13,"column":64}},"locations":[{"start":{"line":13,"column":31},"end":{"line":13,"column":64}}]},"10":{"type":"branch","line":16,"loc":{"start":{"line":16,"column":7},"end":{"line":21,"column":1}},"locations":[{"start":{"line":16,"column":7},"end":{"line":21,"column":1}}]},"11":{"type":"branch","line":17,"loc":{"start":{"line":17,"column":22},"end":{"line":17,"column":27}},"locations":[{"start":{"line":17,"column":22},"end":{"line":17,"column":27}}]},"12":{"type":"branch","line":18,"loc":{"start":{"line":18,"column":4},"end":{"line":18,"column":59}},"locations":[{"start":{"line":18,"column":4},"end":{"line":18,"column":59}}]},"13":{"type":"branch","line":18,"loc":{"start":{"line":18,"column":54},"end":{"line":18,"column":58}},"locations":[{"start":{"line":18,"column":54},"end":{"line":18,"column":58}}]},"14":{"type":"branch","line":23,"loc":{"start":{"line":23,"column":7},"end":{"line":25,"column":1}},"locations":[{"start":{"line":23,"column":7},"end":{"line":25,"column":1}}]}},"b":{"0":[6],"1":[1],"2":[0],"3":[2],"4":[4],"5":[2],"6":[0],"7":[1],"8":[0],"9":[2],"10":[1],"11":[0],"12":[3],"13":[0],"14":[2]},"fnMap":{"0":{"name":"groupBasketCents","decl":{"start":{"line":2,"column":7},"end":{"line":10,"column":1}},"loc":{"start":{"line":2,"column":7},"end":{"line":10,"column":1}},"line":2},"1":{"name":"sumGroupBasketCents","decl":{"start":{"line":12,"column":7},"end":{"line":14,"column":1}},"loc":{"start":{"line":12,"column":7},"end":{"line":14,"column":1}},"line":12},"2":{"name":"sumVoucherCreditCents","decl":{"start":{"line":16,"column":7},"end":{"line":21,"column":1}},"loc":{"start":{"line":16,"column":7},"end":{"line":21,"column":1}},"line":16},"3":{"name":"basketCentsAfterVoucher","decl":{"start":{"line":23,"column":7},"end":{"line":25,"column":1}},"loc":{"start":{"line":23,"column":7},"end":{"line":25,"column":1}},"line":23}},"f":{"0":6,"1":1,"2":1,"3":2}}
,"/Users/christophosswald/kDrive-Privat/Software/order-platform/pi/frontend/src/utils/stripeTerminalAvailability.js": {"path":"/Users/christophosswald/kDrive-Privat/Software/order-platform/pi/frontend/src/utils/stripeTerminalAvailability.js","all":false,"statementMap":{"0":{"start":{"line":1,"column":0},"end":{"line":1,"column":47}},"1":{"start":{"line":2,"column":0},"end":{"line":2,"column":74}},"3":{"start":{"line":4,"column":0},"end":{"line":4,"column":23}},"4":{"start":{"line":5,"column":0},"end":{"line":5,"column":58}},"6":{"start":{"line":7,"column":0},"end":{"line":7,"column":48}},"7":{"start":{"line":8,"column":0},"end":{"line":8,"column":55}},"8":{"start":{"line":9,"column":0},"end":{"line":9,"column":1}},"10":{"start":{"line":11,"column":0},"end":{"line":11,"column":58}},"11":{"start":{"line":12,"column":0},"end":{"line":12,"column":24}},"12":{"start":{"line":13,"column":0},"end":{"line":13,"column":49}},"13":{"start":{"line":14,"column":0},"end":{"line":14,"column":73}},"14":{"start":{"line":15,"column":0},"end":{"line":15,"column":3}},"15":{"start":{"line":16,"column":0},"end":{"line":16,"column":7}},"16":{"start":{"line":17,"column":0},"end":{"line":17,"column":48}},"17":{"start":{"line":18,"column":0},"end":{"line":18,"column":18}},"18":{"start":{"line":19,"column":0},"end":{"line":19,"column":14}},"19":{"start":{"line":20,"column":0},"end":{"line":20,"column":41}},"20":{"start":{"line":21,"column":0},"end":{"line":21,"column":34}},"21":{"start":{"line":22,"column":0},"end":{"line":22,"column":5}},"22":{"start":{"line":23,"column":0},"end":{"line":23,"column":11}},"23":{"start":{"line":24,"column":0},"end":{"line":24,"column":70}},"24":{"start":{"line":25,"column":0},"end":{"line":25,"column":3}},"25":{"start":{"line":26,"column":0},"end":{"line":26,"column":71}},"26":{"start":{"line":27,"column":0},"end":{"line":27,"column":1}},"28":{"start":{"line":29,"column":0},"end":{"line":29,"column":70}},"29":{"start":{"line":30,"column":0},"end":{"line":30,"column":63}},"30":{"start":{"line":31,"column":0},"end":{"line":31,"column":58}},"31":{"start":{"line":32,"column":0},"end":{"line":32,"column":13}},"32":{"start":{"line":33,"column":0},"end":{"line":33,"column":1}},"34":{"start":{"line":35,"column":0},"end":{"line":35,"column":51}},"35":{"start":{"line":36,"column":0},"end":{"line":36,"column":53}},"36":{"start":{"line":37,"column":0},"end":{"line":37,"column":63}},"37":{"start":{"line":38,"column":0},"end":{"line":38,"column":67}},"38":{"start":{"line":39,"column":0},"end":{"line":39,"column":10}},"39":{"start":{"line":40,"column":0},"end":{"line":40,"column":29}},"40":{"start":{"line":41,"column":0},"end":{"line":41,"column":28}},"41":{"start":{"line":42,"column":0},"end":{"line":42,"column":28}},"42":{"start":{"line":43,"column":0},"end":{"line":43,"column":3}},"43":{"start":{"line":44,"column":0},"end":{"line":44,"column":1}}},"s":{"0":1,"1":1,"3":1,"4":1,"6":1,"7":2,"8":2,"10":1,"11":6,"12":6,"13":1,"14":1,"15":5,"16":5,"17":4,"18":4,"19":6,"20":6,"21":6,"22":6,"23":1,"24":1,"25":5,"26":5,"28":1,"29":6,"30":3,"31":2,"32":2,"34":1,"35":1,"36":1,"37":1,"38":1,"39":1,"40":1,"41":1,"42":1,"43":1},"branchMap":{"0":{"type":"branch","line":7,"loc":{"start":{"line":7,"column":7},"end":{"line":9,"column":1}},"locations":[{"start":{"line":7,"column":7},"end":{"line":9,"column":1}}]},"1":{"type":"branch","line":8,"loc":{"start":{"line":8,"column":38},"end":{"line":8,"column":55}},"locations":[{"start":{"line":8,"column":38},"end":{"line":8,"column":55}}]},"2":{"type":"branch","line":11,"loc":{"start":{"line":11,"column":7},"end":{"line":27,"column":1}},"locations":[{"start":{"line":11,"column":7},"end":{"line":27,"column":1}}]},"3":{"type":"branch","line":13,"loc":{"start":{"line":13,"column":13},"end":{"line":13,"column":46}},"locations":[{"start":{"line":13,"column":13},"end":{"line":13,"column":46}}]},"4":{"type":"branch","line":13,"loc":{"start":{"line":13,"column":48},"end":{"line":15,"column":3}},"locations":[{"start":{"line":13,"column":48},"end":{"line":15,"column":3}}]},"5":{"type":"branch","line":15,"loc":{"start":{"line":15,"column":2},"end":{"line":17,"column":48}},"locations":[{"start":{"line":15,"column":2},"end":{"line":17,"column":48}}]},"6":{"type":"branch","line":17,"loc":{"start":{"line":17,"column":47},"end":{"line":20,"column":39}},"locations":[{"start":{"line":17,"column":47},"end":{"line":20,"column":39}}]},"7":{"type":"branch","line":21,"loc":{"start":{"line":21,"column":17},"end":{"line":21,"column":25}},"locations":[{"start":{"line":21,"column":17},"end":{"line":21,"column":25}}]},"8":{"type":"branch","line":21,"loc":{"start":{"line":21,"column":26},"end":{"line":21,"column":33}},"locations":[{"start":{"line":21,"column":26},"end":{"line":21,"column":33}}]},"9":{"type":"branch","line":23,"loc":{"start":{"line":23,"column":4},"end":{"line":25,"column":3}},"locations":[{"start":{"line":23,"column":4},"end":{"line":25,"column":3}}]},"10":{"type":"branch","line":25,"loc":{"start":{"line":25,"column":2},"end":{"line":27,"column":1}},"locations":[{"start":{"line":25,"column":2},"end":{"line":27,"column":1}}]},"11":{"type":"branch","line":29,"loc":{"start":{"line":29,"column":7},"end":{"line":33,"column":1}},"locations":[{"start":{"line":29,"column":7},"end":{"line":33,"column":1}}]},"12":{"type":"branch","line":30,"loc":{"start":{"line":30,"column":21},"end":{"line":33,"column":1}},"locations":[{"start":{"line":30,"column":21},"end":{"line":33,"column":1}}]},"13":{"type":"branch","line":31,"loc":{"start":{"line":31,"column":19},"end":{"line":31,"column":58}},"locations":[{"start":{"line":31,"column":19},"end":{"line":31,"column":58}}]},"14":{"type":"branch","line":31,"loc":{"start":{"line":31,"column":57},"end":{"line":33,"column":1}},"locations":[{"start":{"line":31,"column":57},"end":{"line":33,"column":1}}]},"15":{"type":"branch","line":35,"loc":{"start":{"line":35,"column":7},"end":{"line":44,"column":1}},"locations":[{"start":{"line":35,"column":7},"end":{"line":44,"column":1}}]},"16":{"type":"branch","line":42,"loc":{"start":{"line":42,"column":15},"end":{"line":42,"column":27}},"locations":[{"start":{"line":42,"column":15},"end":{"line":42,"column":27}}]}},"b":{"0":[2],"1":[1],"2":[6],"3":[3],"4":[1],"5":[5],"6":[4],"7":[4],"8":[3],"9":[1],"10":[5],"11":[6],"12":[3],"13":[1],"14":[2],"15":[1],"16":[0]},"fnMap":{"0":{"name":"isStripeTerminalAndroidReady","decl":{"start":{"line":7,"column":7},"end":{"line":9,"column":1}},"loc":{"start":{"line":7,"column":7},"end":{"line":9,"column":1}},"line":7},"1":{"name":"checkCloudReachable","decl":{"start":{"line":11,"column":7},"end":{"line":27,"column":1}},"loc":{"start":{"line":11,"column":7},"end":{"line":27,"column":1}},"line":11},"2":{"name":"stripeTerminalDisabledHint","decl":{"start":{"line":29,"column":7},"end":{"line":33,"column":1}},"loc":{"start":{"line":29,"column":7},"end":{"line":33,"column":1}},"line":29},"3":{"name":"stripeTerminalPickerEntry","decl":{"start":{"line":35,"column":7},"end":{"line":44,"column":1}},"loc":{"start":{"line":35,"column":7},"end":{"line":44,"column":1}},"line":35}},"f":{"0":2,"1":6,"2":6,"3":1}}
}
