{"/Users/christophosswald/kDrive-Privat/Software/order-platform/pi/frontend/src/router/guards.js": {"path":"/Users/christophosswald/kDrive-Privat/Software/order-platform/pi/frontend/src/router/guards.js","statementMap":{"0":{"start":{"line":3,"column":30},"end":{"line":3,"column":null}},"1":{"start":{"line":6,"column":2},"end":{"line":39,"column":null}},"2":{"start":{"line":7,"column":4},"end":{"line":9,"column":null}},"3":{"start":{"line":8,"column":6},"end":{"line":8,"column":null}},"4":{"start":{"line":10,"column":4},"end":{"line":24,"column":null}},"5":{"start":{"line":11,"column":6},"end":{"line":17,"column":null}},"6":{"start":{"line":12,"column":8},"end":{"line":16,"column":null}},"7":{"start":{"line":13,"column":10},"end":{"line":13,"column":null}},"8":{"start":{"line":18,"column":6},"end":{"line":23,"column":null}},"9":{"start":{"line":19,"column":8},"end":{"line":21,"column":null}},"10":{"start":{"line":20,"column":10},"end":{"line":20,"column":null}},"11":{"start":{"line":22,"column":8},"end":{"line":22,"column":null}},"12":{"start":{"line":25,"column":4},"end":{"line":27,"column":null}},"13":{"start":{"line":26,"column":6},"end":{"line":26,"column":null}},"14":{"start":{"line":28,"column":4},"end":{"line":30,"column":null}},"15":{"start":{"line":29,"column":6},"end":{"line":29,"column":null}},"16":{"start":{"line":31,"column":4},"end":{"line":37,"column":null}},"17":{"start":{"line":32,"column":19},"end":{"line":32,"column":null}},"18":{"start":{"line":33,"column":22},"end":{"line":33,"column":null}},"19":{"start":{"line":34,"column":6},"end":{"line":36,"column":null}},"20":{"start":{"line":35,"column":8},"end":{"line":35,"column":null}},"21":{"start":{"line":38,"column":4},"end":{"line":38,"column":null}}},"fnMap":{"0":{"name":"setupRouterGuards","decl":{"start":{"line":5,"column":16},"end":{"line":5,"column":33}},"loc":{"start":{"line":5,"column":42},"end":{"line":40,"column":null}},"line":5},"1":{"name":"(anonymous_1)","decl":{"start":{"line":6,"column":20},"end":{"line":6,"column":25}},"loc":{"start":{"line":6,"column":34},"end":{"line":39,"column":3}},"line":6}},"branchMap":{"0":{"loc":{"start":{"line":7,"column":4},"end":{"line":9,"column":null}},"type":"if","locations":[{"start":{"line":7,"column":4},"end":{"line":9,"column":null}},{"start":{},"end":{}}],"line":7},"1":{"loc":{"start":{"line":7,"column":8},"end":{"line":7,"column":87}},"type":"binary-expr","locations":[{"start":{"line":7,"column":8},"end":{"line":7,"column":29}},{"start":{"line":7,"column":33},"end":{"line":7,"column":57}},{"start":{"line":7,"column":61},"end":{"line":7,"column":87}}],"line":7},"2":{"loc":{"start":{"line":10,"column":4},"end":{"line":24,"column":null}},"type":"if","locations":[{"start":{"line":10,"column":4},"end":{"line":24,"column":null}},{"start":{},"end":{}}],"line":10},"3":{"loc":{"start":{"line":10,"column":8},"end":{"line":10,"column":54}},"type":"binary-expr","locations":[{"start":{"line":10,"column":8},"end":{"line":10,"column":30}},{"start":{"line":10,"column":34},"end":{"line":10,"column":54}}],"line":10},"4":{"loc":{"start":{"line":11,"column":6},"end":{"line":17,"column":null}},"type":"if","locations":[{"start":{"line":11,"column":6},"end":{"line":17,"column":null}},{"start":{},"end":{}}],"line":11},"5":{"loc":{"start":{"line":18,"column":6},"end":{"line":23,"column":null}},"type":"if","locations":[{"start":{"line":18,"column":6},"end":{"line":23,"column":null}},{"start":{},"end":{}}],"line":18},"6":{"loc":{"start":{"line":19,"column":8},"end":{"line":21,"column":null}},"type":"if","locations":[{"start":{"line":19,"column":8},"end":{"line":21,"column":null}},{"start":{},"end":{}}],"line":19},"7":{"loc":{"start":{"line":25,"column":4},"end":{"line":27,"column":null}},"type":"if","locations":[{"start":{"line":25,"column":4},"end":{"line":27,"column":null}},{"start":{},"end":{}}],"line":25},"8":{"loc":{"start":{"line":25,"column":8},"end":{"line":25,"column":68}},"type":"binary-expr","locations":[{"start":{"line":25,"column":8},"end":{"line":25,"column":29}},{"start":{"line":25,"column":33},"end":{"line":25,"column":68}}],"line":25},"9":{"loc":{"start":{"line":28,"column":4},"end":{"line":30,"column":null}},"type":"if","locations":[{"start":{"line":28,"column":4},"end":{"line":30,"column":null}},{"start":{},"end":{}}],"line":28},"10":{"loc":{"start":{"line":28,"column":8},"end":{"line":28,"column":53}},"type":"binary-expr","locations":[{"start":{"line":28,"column":8},"end":{"line":28,"column":30}},{"start":{"line":28,"column":34},"end":{"line":28,"column":53}}],"line":28},"11":{"loc":{"start":{"line":31,"column":4},"end":{"line":37,"column":null}},"type":"if","locations":[{"start":{"line":31,"column":4},"end":{"line":37,"column":null}},{"start":{},"end":{}}],"line":31},"12":{"loc":{"start":{"line":32,"column":26},"end":{"line":32,"column":54}},"type":"binary-expr","locations":[{"start":{"line":32,"column":26},"end":{"line":32,"column":48}},{"start":{"line":32,"column":52},"end":{"line":32,"column":54}}],"line":32},"13":{"loc":{"start":{"line":34,"column":6},"end":{"line":36,"column":null}},"type":"if","locations":[{"start":{"line":34,"column":6},"end":{"line":36,"column":null}},{"start":{},"end":{}}],"line":34},"14":{"loc":{"start":{"line":34,"column":10},"end":{"line":34,"column":51}},"type":"binary-expr","locations":[{"start":{"line":34,"column":10},"end":{"line":34,"column":18}},{"start":{"line":34,"column":22},"end":{"line":34,"column":51}}],"line":34}},"s":{"0":1,"1":6,"2":11,"3":1,"4":10,"5":2,"6":1,"7":1,"8":2,"9":2,"10":1,"11":1,"12":8,"13":1,"14":7,"15":1,"16":6,"17":1,"18":1,"19":1,"20":1,"21":5},"f":{"0":6,"1":11},"b":{"0":[1,10],"1":[11,2,1],"2":[2,8],"3":[10,5],"4":[1,1],"5":[2,0],"6":[1,1],"7":[1,7],"8":[8,3],"9":[1,6],"10":[7,1],"11":[1,5],"12":[1,0],"13":[1,0],"14":[1,1]},"meta":{"lastBranch":15,"lastFunction":2,"lastStatement":22,"seen":{"s:3:30:3:Infinity":0,"f:5:16:5:33":0,"s:6:2:39:Infinity":1,"f:6:20:6:25":1,"b:7:4:9:Infinity:undefined:undefined:undefined:undefined":0,"s:7:4:9:Infinity":2,"b:7:8:7:29:7:33:7:57:7:61:7:87":1,"s:8:6:8:Infinity":3,"b:10:4:24:Infinity:undefined:undefined:undefined:undefined":2,"s:10:4:24:Infinity":4,"b:10:8:10:30:10:34:10:54":3,"b:11:6:17:Infinity:undefined:undefined:undefined:undefined":4,"s:11:6:17:Infinity":5,"s:12:8:16:Infinity":6,"s:13:10:13:Infinity":7,"b:18:6:23:Infinity:undefined:undefined:undefined:undefined":5,"s:18:6:23:Infinity":8,"b:19:8:21:Infinity:undefined:undefined:undefined:undefined":6,"s:19:8:21:Infinity":9,"s:20:10:20:Infinity":10,"s:22:8:22:Infinity":11,"b:25:4:27:Infinity:undefined:undefined:undefined:undefined":7,"s:25:4:27:Infinity":12,"b:25:8:25:29:25:33:25:68":8,"s:26:6:26:Infinity":13,"b:28:4:30:Infinity:undefined:undefined:undefined:undefined":9,"s:28:4:30:Infinity":14,"b:28:8:28:30:28:34:28:53":10,"s:29:6:29:Infinity":15,"b:31:4:37:Infinity:undefined:undefined:undefined:undefined":11,"s:31:4:37:Infinity":16,"s:32:19:32:Infinity":17,"b:32:26:32:48:32:52:32:54":12,"s:33:22:33:Infinity":18,"b:34:6:36:Infinity:undefined:undefined:undefined:undefined":13,"s:34:6:36:Infinity":19,"b:34:10:34:18:34:22:34:51":14,"s:35:8:35:Infinity":20,"s:38:4:38:Infinity":21}}}
,"/Users/christophosswald/kDrive-Privat/Software/order-platform/pi/frontend/src/store/index.js": {"path":"/Users/christophosswald/kDrive-Privat/Software/order-platform/pi/frontend/src/store/index.js","statementMap":{"0":{"start":{"line":13,"column":21},"end":{"line":13,"column":null}},"1":{"start":{"line":14,"column":25},"end":{"line":14,"column":null}},"2":{"start":{"line":15,"column":24},"end":{"line":15,"column":null}},"3":{"start":{"line":16,"column":19},"end":{"line":16,"column":null}},"4":{"start":{"line":18,"column":30},"end":{"line":18,"column":null}},"5":{"start":{"line":20,"column":21},"end":{"line":20,"column":null}},"6":{"start":{"line":21,"column":32},"end":{"line":21,"column":null}},"7":{"start":{"line":24,"column":24},"end":{"line":24,"column":null}},"8":{"start":{"line":27,"column":28},"end":{"line":27,"column":null}},"9":{"start":{"line":30,"column":20},"end":{"line":30,"column":null}},"10":{"start":{"line":32,"column":17},"end":{"line":32,"column":null}},"11":{"start":{"line":34,"column":2},"end":{"line":34,"column":null}},"12":{"start":{"line":35,"column":2},"end":{"line":35,"column":null}},"13":{"start":{"line":35,"column":18},"end":{"line":35,"column":null}},"14":{"start":{"line":36,"column":2},"end":{"line":39,"column":null}},"15":{"start":{"line":37,"column":4},"end":{"line":37,"column":null}},"16":{"start":{"line":38,"column":4},"end":{"line":38,"column":null}},"17":{"start":{"line":42,"column":28},"end":{"line":47,"column":null}},"18":{"start":{"line":43,"column":12},"end":{"line":43,"column":null}},"19":{"start":{"line":44,"column":13},"end":{"line":44,"column":null}},"20":{"start":{"line":45,"column":2},"end":{"line":45,"column":null}},"21":{"start":{"line":45,"column":32},"end":{"line":45,"column":null}},"22":{"start":{"line":46,"column":2},"end":{"line":46,"column":null}},"23":{"start":{"line":46,"column":30},"end":{"line":46,"column":57}},"24":{"start":{"line":50,"column":2},"end":{"line":50,"column":null}},"25":{"start":{"line":51,"column":2},"end":{"line":51,"column":null}},"26":{"start":{"line":55,"column":2},"end":{"line":55,"column":null}},"27":{"start":{"line":58,"column":27},"end":{"line":58,"column":null}},"28":{"start":{"line":61,"column":2},"end":{"line":61,"column":null}},"29":{"start":{"line":61,"column":43},"end":{"line":61,"column":null}},"30":{"start":{"line":62,"column":2},"end":{"line":66,"column":null}},"31":{"start":{"line":63,"column":4},"end":{"line":63,"column":null}},"32":{"start":{"line":70,"column":2},"end":{"line":70,"column":null}},"33":{"start":{"line":70,"column":43},"end":{"line":70,"column":null}},"34":{"start":{"line":71,"column":2},"end":{"line":80,"column":null}},"35":{"start":{"line":72,"column":16},"end":{"line":72,"column":null}},"36":{"start":{"line":73,"column":4},"end":{"line":73,"column":null}},"37":{"start":{"line":73,"column":14},"end":{"line":73,"column":null}},"38":{"start":{"line":74,"column":17},"end":{"line":74,"column":null}},"39":{"start":{"line":75,"column":4},"end":{"line":75,"column":null}},"40":{"start":{"line":75,"column":45},"end":{"line":75,"column":null}},"41":{"start":{"line":76,"column":4},"end":{"line":76,"column":null}},"42":{"start":{"line":77,"column":4},"end":{"line":77,"column":null}},"43":{"start":{"line":79,"column":4},"end":{"line":79,"column":null}},"44":{"start":{"line":83,"column":0},"end":{"line":83,"column":null}},"45":{"start":{"line":86,"column":2},"end":{"line":86,"column":null}},"46":{"start":{"line":86,"column":21},"end":{"line":86,"column":null}},"47":{"start":{"line":87,"column":12},"end":{"line":87,"column":null}},"48":{"start":{"line":88,"column":2},"end":{"line":88,"column":null}},"49":{"start":{"line":88,"column":18},"end":{"line":88,"column":null}},"50":{"start":{"line":89,"column":18},"end":{"line":89,"column":null}},"51":{"start":{"line":90,"column":2},"end":{"line":93,"column":null}},"52":{"start":{"line":91,"column":4},"end":{"line":91,"column":null}},"53":{"start":{"line":92,"column":4},"end":{"line":92,"column":null}},"54":{"start":{"line":94,"column":13},"end":{"line":94,"column":null}},"55":{"start":{"line":94,"column":34},"end":{"line":94,"column":66}},"56":{"start":{"line":95,"column":2},"end":{"line":99,"column":null}},"57":{"start":{"line":96,"column":4},"end":{"line":96,"column":null}},"58":{"start":{"line":97,"column":4},"end":{"line":97,"column":null}},"59":{"start":{"line":98,"column":4},"end":{"line":98,"column":null}},"60":{"start":{"line":100,"column":21},"end":{"line":102,"column":null}},"61":{"start":{"line":101,"column":11},"end":{"line":101,"column":55}},"62":{"start":{"line":103,"column":2},"end":{"line":107,"column":null}},"63":{"start":{"line":104,"column":4},"end":{"line":104,"column":null}},"64":{"start":{"line":105,"column":4},"end":{"line":105,"column":null}},"65":{"start":{"line":106,"column":4},"end":{"line":106,"column":null}},"66":{"start":{"line":108,"column":2},"end":{"line":108,"column":null}},"67":{"start":{"line":109,"column":2},"end":{"line":109,"column":null}},"68":{"start":{"line":113,"column":2},"end":{"line":113,"column":null}},"69":{"start":{"line":114,"column":2},"end":{"line":114,"column":null}},"70":{"start":{"line":114,"column":17},"end":{"line":114,"column":null}},"71":{"start":{"line":115,"column":2},"end":{"line":115,"column":null}},"72":{"start":{"line":116,"column":2},"end":{"line":116,"column":null}},"73":{"start":{"line":117,"column":2},"end":{"line":117,"column":null}},"74":{"start":{"line":117,"column":43},"end":{"line":117,"column":null}},"75":{"start":{"line":118,"column":2},"end":{"line":126,"column":null}},"76":{"start":{"line":119,"column":4},"end":{"line":119,"column":null}},"77":{"start":{"line":121,"column":4},"end":{"line":125,"column":null}},"78":{"start":{"line":129,"column":29},"end":{"line":129,"column":null}},"79":{"start":{"line":132,"column":30},"end":{"line":132,"column":null}},"80":{"start":{"line":135,"column":2},"end":{"line":135,"column":null}},"81":{"start":{"line":135,"column":43},"end":{"line":135,"column":null}},"82":{"start":{"line":136,"column":2},"end":{"line":140,"column":null}},"83":{"start":{"line":137,"column":4},"end":{"line":137,"column":null}},"84":{"start":{"line":144,"column":2},"end":{"line":144,"column":null}},"85":{"start":{"line":144,"column":43},"end":{"line":144,"column":null}},"86":{"start":{"line":145,"column":2},"end":{"line":154,"column":null}},"87":{"start":{"line":146,"column":16},"end":{"line":146,"column":null}},"88":{"start":{"line":147,"column":4},"end":{"line":147,"column":null}},"89":{"start":{"line":147,"column":14},"end":{"line":147,"column":null}},"90":{"start":{"line":148,"column":17},"end":{"line":148,"column":null}},"91":{"start":{"line":149,"column":4},"end":{"line":149,"column":null}},"92":{"start":{"line":149,"column":45},"end":{"line":149,"column":null}},"93":{"start":{"line":150,"column":4},"end":{"line":150,"column":null}},"94":{"start":{"line":151,"column":4},"end":{"line":151,"column":null}},"95":{"start":{"line":153,"column":4},"end":{"line":153,"column":null}},"96":{"start":{"line":157,"column":0},"end":{"line":157,"column":null}},"97":{"start":{"line":160,"column":2},"end":{"line":160,"column":null}},"98":{"start":{"line":160,"column":30},"end":{"line":160,"column":null}},"99":{"start":{"line":161,"column":12},"end":{"line":161,"column":null}},"100":{"start":{"line":162,"column":2},"end":{"line":162,"column":null}},"101":{"start":{"line":162,"column":18},"end":{"line":162,"column":null}},"102":{"start":{"line":163,"column":18},"end":{"line":163,"column":null}},"103":{"start":{"line":164,"column":2},"end":{"line":167,"column":null}},"104":{"start":{"line":165,"column":4},"end":{"line":165,"column":null}},"105":{"start":{"line":166,"column":4},"end":{"line":166,"column":null}},"106":{"start":{"line":168,"column":13},"end":{"line":168,"column":null}},"107":{"start":{"line":168,"column":34},"end":{"line":168,"column":66}},"108":{"start":{"line":169,"column":2},"end":{"line":173,"column":null}},"109":{"start":{"line":170,"column":4},"end":{"line":170,"column":null}},"110":{"start":{"line":171,"column":4},"end":{"line":171,"column":null}},"111":{"start":{"line":172,"column":4},"end":{"line":172,"column":null}},"112":{"start":{"line":174,"column":21},"end":{"line":176,"column":null}},"113":{"start":{"line":175,"column":11},"end":{"line":175,"column":64}},"114":{"start":{"line":177,"column":2},"end":{"line":180,"column":null}},"115":{"start":{"line":178,"column":4},"end":{"line":178,"column":null}},"116":{"start":{"line":179,"column":4},"end":{"line":179,"column":null}},"117":{"start":{"line":181,"column":2},"end":{"line":181,"column":null}},"118":{"start":{"line":182,"column":2},"end":{"line":186,"column":null}},"119":{"start":{"line":190,"column":2},"end":{"line":190,"column":null}},"120":{"start":{"line":191,"column":2},"end":{"line":191,"column":null}},"121":{"start":{"line":191,"column":17},"end":{"line":191,"column":null}},"122":{"start":{"line":192,"column":2},"end":{"line":192,"column":null}},"123":{"start":{"line":193,"column":2},"end":{"line":193,"column":null}},"124":{"start":{"line":194,"column":2},"end":{"line":194,"column":null}},"125":{"start":{"line":194,"column":43},"end":{"line":194,"column":null}},"126":{"start":{"line":195,"column":2},"end":{"line":203,"column":null}},"127":{"start":{"line":196,"column":4},"end":{"line":196,"column":null}},"128":{"start":{"line":198,"column":4},"end":{"line":202,"column":null}},"129":{"start":{"line":207,"column":13},"end":{"line":207,"column":null}},"130":{"start":{"line":208,"column":2},"end":{"line":208,"column":null}},"131":{"start":{"line":208,"column":21},"end":{"line":208,"column":null}},"132":{"start":{"line":209,"column":2},"end":{"line":209,"column":null}},"133":{"start":{"line":213,"column":14},"end":{"line":213,"column":null}},"134":{"start":{"line":214,"column":2},"end":{"line":216,"column":null}},"135":{"start":{"line":215,"column":19},"end":{"line":215,"column":69}},"136":{"start":{"line":216,"column":22},"end":{"line":216,"column":31}},"137":{"start":{"line":220,"column":14},"end":{"line":220,"column":null}},"138":{"start":{"line":221,"column":14},"end":{"line":221,"column":null}},"139":{"start":{"line":222,"column":2},"end":{"line":229,"column":null}},"140":{"start":{"line":223,"column":4},"end":{"line":223,"column":null}},"141":{"start":{"line":223,"column":53},"end":{"line":223,"column":null}},"142":{"start":{"line":224,"column":4},"end":{"line":228,"column":null}},"143":{"start":{"line":225,"column":6},"end":{"line":227,"column":null}},"144":{"start":{"line":226,"column":8},"end":{"line":226,"column":null}},"145":{"start":{"line":230,"column":2},"end":{"line":230,"column":null}},"146":{"start":{"line":234,"column":12},"end":{"line":234,"column":null}},"147":{"start":{"line":235,"column":2},"end":{"line":235,"column":null}},"148":{"start":{"line":235,"column":25},"end":{"line":235,"column":null}},"149":{"start":{"line":236,"column":16},"end":{"line":236,"column":null}},"150":{"start":{"line":237,"column":2},"end":{"line":237,"column":null}},"151":{"start":{"line":241,"column":15},"end":{"line":244,"column":null}},"152":{"start":{"line":241,"column":45},"end":{"line":244,"column":3}},"153":{"start":{"line":245,"column":2},"end":{"line":245,"column":null}},"154":{"start":{"line":245,"column":22},"end":{"line":245,"column":49}},"155":{"start":{"line":246,"column":2},"end":{"line":246,"column":null}},"156":{"start":{"line":250,"column":11},"end":{"line":250,"column":null}},"157":{"start":{"line":251,"column":2},"end":{"line":251,"column":null}},"158":{"start":{"line":256,"column":12},"end":{"line":256,"column":null}},"159":{"start":{"line":257,"column":2},"end":{"line":257,"column":null}},"160":{"start":{"line":257,"column":25},"end":{"line":257,"column":null}},"161":{"start":{"line":258,"column":16},"end":{"line":258,"column":null}},"162":{"start":{"line":259,"column":2},"end":{"line":259,"column":null}},"163":{"start":{"line":263,"column":12},"end":{"line":263,"column":null}},"164":{"start":{"line":264,"column":2},"end":{"line":264,"column":null}},"165":{"start":{"line":264,"column":34},"end":{"line":264,"column":null}},"166":{"start":{"line":265,"column":14},"end":{"line":265,"column":null}},"167":{"start":{"line":266,"column":2},"end":{"line":287,"column":null}},"168":{"start":{"line":267,"column":4},"end":{"line":267,"column":null}},"169":{"start":{"line":267,"column":31},"end":{"line":267,"column":null}},"170":{"start":{"line":268,"column":17},"end":{"line":268,"column":null}},"171":{"start":{"line":269,"column":4},"end":{"line":274,"column":null}},"172":{"start":{"line":270,"column":16},"end":{"line":270,"column":null}},"173":{"start":{"line":271,"column":23},"end":{"line":271,"column":null}},"174":{"start":{"line":272,"column":6},"end":{"line":273,"column":null}},"175":{"start":{"line":272,"column":20},"end":{"line":272,"column":null}},"176":{"start":{"line":273,"column":11},"end":{"line":273,"column":null}},"177":{"start":{"line":275,"column":4},"end":{"line":284,"column":null}},"178":{"start":{"line":276,"column":6},"end":{"line":276,"column":null}},"179":{"start":{"line":276,"column":28},"end":{"line":276,"column":null}},"180":{"start":{"line":277,"column":6},"end":{"line":283,"column":null}},"181":{"start":{"line":278,"column":20},"end":{"line":278,"column":null}},"182":{"start":{"line":279,"column":8},"end":{"line":279,"column":null}},"183":{"start":{"line":279,"column":18},"end":{"line":279,"column":null}},"184":{"start":{"line":280,"column":8},"end":{"line":280,"column":null}},"185":{"start":{"line":280,"column":31},"end":{"line":280,"column":null}},"186":{"start":{"line":281,"column":8},"end":{"line":281,"column":null}},"187":{"start":{"line":281,"column":31},"end":{"line":281,"column":null}},"188":{"start":{"line":282,"column":8},"end":{"line":282,"column":null}},"189":{"start":{"line":282,"column":36},"end":{"line":282,"column":null}},"190":{"start":{"line":285,"column":4},"end":{"line":285,"column":null}},"191":{"start":{"line":286,"column":4},"end":{"line":286,"column":null}},"192":{"start":{"line":298,"column":14},"end":{"line":298,"column":null}},"193":{"start":{"line":299,"column":13},"end":{"line":299,"column":null}},"194":{"start":{"line":300,"column":18},"end":{"line":300,"column":null}},"195":{"start":{"line":301,"column":15},"end":{"line":304,"column":null}},"196":{"start":{"line":301,"column":45},"end":{"line":304,"column":3}},"197":{"start":{"line":305,"column":15},"end":{"line":305,"column":null}},"198":{"start":{"line":306,"column":16},"end":{"line":306,"column":null}},"199":{"start":{"line":307,"column":2},"end":{"line":316,"column":null}},"200":{"start":{"line":308,"column":4},"end":{"line":311,"column":null}},"201":{"start":{"line":309,"column":6},"end":{"line":309,"column":null}},"202":{"start":{"line":310,"column":6},"end":{"line":310,"column":null}},"203":{"start":{"line":312,"column":4},"end":{"line":315,"column":null}},"204":{"start":{"line":313,"column":6},"end":{"line":313,"column":null}},"205":{"start":{"line":314,"column":6},"end":{"line":314,"column":null}},"206":{"start":{"line":317,"column":2},"end":{"line":329,"column":null}},"207":{"start":{"line":318,"column":14},"end":{"line":318,"column":null}},"208":{"start":{"line":319,"column":4},"end":{"line":322,"column":null}},"209":{"start":{"line":320,"column":6},"end":{"line":320,"column":null}},"210":{"start":{"line":321,"column":6},"end":{"line":321,"column":null}},"211":{"start":{"line":323,"column":21},"end":{"line":323,"column":null}},"212":{"start":{"line":324,"column":4},"end":{"line":328,"column":null}},"213":{"start":{"line":325,"column":19},"end":{"line":325,"column":null}},"214":{"start":{"line":326,"column":6},"end":{"line":326,"column":null}},"215":{"start":{"line":327,"column":6},"end":{"line":327,"column":null}},"216":{"start":{"line":330,"column":14},"end":{"line":330,"column":null}},"217":{"start":{"line":331,"column":22},"end":{"line":331,"column":null}},"218":{"start":{"line":332,"column":19},"end":{"line":339,"column":null}},"219":{"start":{"line":334,"column":6},"end":{"line":338,"column":51}},"220":{"start":{"line":340,"column":2},"end":{"line":343,"column":null}},"221":{"start":{"line":341,"column":4},"end":{"line":341,"column":null}},"222":{"start":{"line":342,"column":4},"end":{"line":342,"column":null}},"223":{"start":{"line":344,"column":2},"end":{"line":351,"column":null}},"224":{"start":{"line":352,"column":2},"end":{"line":352,"column":null}},"225":{"start":{"line":356,"column":2},"end":{"line":356,"column":null}},"226":{"start":{"line":356,"column":50},"end":{"line":356,"column":69}},"227":{"start":{"line":360,"column":12},"end":{"line":360,"column":null}},"228":{"start":{"line":360,"column":40},"end":{"line":360,"column":59}},"229":{"start":{"line":361,"column":2},"end":{"line":361,"column":null}},"230":{"start":{"line":361,"column":10},"end":{"line":361,"column":null}},"231":{"start":{"line":362,"column":2},"end":{"line":363,"column":null}},"232":{"start":{"line":362,"column":18},"end":{"line":362,"column":null}},"233":{"start":{"line":363,"column":7},"end":{"line":363,"column":null}},"234":{"start":{"line":367,"column":2},"end":{"line":374,"column":null}},"235":{"start":{"line":368,"column":4},"end":{"line":368,"column":null}},"236":{"start":{"line":368,"column":29},"end":{"line":368,"column":null}},"237":{"start":{"line":369,"column":17},"end":{"line":369,"column":null}},"238":{"start":{"line":370,"column":4},"end":{"line":372,"column":null}},"239":{"start":{"line":371,"column":6},"end":{"line":371,"column":null}},"240":{"start":{"line":373,"column":4},"end":{"line":373,"column":null}},"241":{"start":{"line":377,"column":24},"end":{"line":377,"column":null}},"242":{"start":{"line":377,"column":40},"end":{"line":377,"column":86}},"243":{"start":{"line":377,"column":73},"end":{"line":377,"column":82}},"244":{"start":{"line":379,"column":32},"end":{"line":383,"column":null}},"245":{"start":{"line":380,"column":13},"end":{"line":380,"column":null}},"246":{"start":{"line":381,"column":15},"end":{"line":381,"column":null}},"247":{"start":{"line":382,"column":2},"end":{"line":382,"column":null}},"248":{"start":{"line":385,"column":29},"end":{"line":389,"column":null}},"249":{"start":{"line":386,"column":13},"end":{"line":386,"column":null}},"250":{"start":{"line":387,"column":15},"end":{"line":387,"column":null}},"251":{"start":{"line":388,"column":2},"end":{"line":388,"column":null}},"252":{"start":{"line":388,"column":42},"end":{"line":388,"column":73}},"253":{"start":{"line":391,"column":29},"end":{"line":395,"column":null}},"254":{"start":{"line":392,"column":13},"end":{"line":392,"column":null}},"255":{"start":{"line":393,"column":15},"end":{"line":393,"column":null}},"256":{"start":{"line":394,"column":2},"end":{"line":394,"column":null}},"257":{"start":{"line":397,"column":32},"end":{"line":399,"column":null}},"258":{"start":{"line":398,"column":2},"end":{"line":398,"column":58}},"259":{"start":{"line":402,"column":13},"end":{"line":402,"column":null}},"260":{"start":{"line":403,"column":2},"end":{"line":406,"column":null}},"261":{"start":{"line":404,"column":4},"end":{"line":404,"column":null}},"262":{"start":{"line":405,"column":4},"end":{"line":405,"column":null}},"263":{"start":{"line":407,"column":12},"end":{"line":407,"column":null}},"264":{"start":{"line":408,"column":2},"end":{"line":411,"column":null}},"265":{"start":{"line":409,"column":4},"end":{"line":409,"column":null}},"266":{"start":{"line":410,"column":4},"end":{"line":410,"column":null}},"267":{"start":{"line":412,"column":13},"end":{"line":412,"column":null}},"268":{"start":{"line":413,"column":19},"end":{"line":415,"column":null}},"269":{"start":{"line":414,"column":11},"end":{"line":414,"column":77}},"270":{"start":{"line":416,"column":17},"end":{"line":416,"column":null}},"271":{"start":{"line":417,"column":2},"end":{"line":420,"column":null}},"272":{"start":{"line":418,"column":4},"end":{"line":418,"column":null}},"273":{"start":{"line":419,"column":4},"end":{"line":419,"column":null}},"274":{"start":{"line":421,"column":2},"end":{"line":427,"column":null}},"275":{"start":{"line":428,"column":2},"end":{"line":428,"column":null}},"276":{"start":{"line":432,"column":2},"end":{"line":432,"column":null}},"277":{"start":{"line":436,"column":12},"end":{"line":436,"column":null}},"278":{"start":{"line":437,"column":2},"end":{"line":437,"column":null}},"279":{"start":{"line":441,"column":12},"end":{"line":441,"column":null}},"280":{"start":{"line":442,"column":2},"end":{"line":442,"column":null}},"281":{"start":{"line":443,"column":2},"end":{"line":446,"column":null}},"282":{"start":{"line":444,"column":4},"end":{"line":444,"column":null}},"283":{"start":{"line":445,"column":4},"end":{"line":445,"column":null}},"284":{"start":{"line":447,"column":2},"end":{"line":456,"column":null}},"285":{"start":{"line":448,"column":14},"end":{"line":448,"column":null}},"286":{"start":{"line":449,"column":4},"end":{"line":449,"column":null}},"287":{"start":{"line":450,"column":4},"end":{"line":450,"column":null}},"288":{"start":{"line":451,"column":4},"end":{"line":451,"column":null}},"289":{"start":{"line":452,"column":4},"end":{"line":452,"column":null}},"290":{"start":{"line":454,"column":4},"end":{"line":454,"column":null}},"291":{"start":{"line":455,"column":4},"end":{"line":455,"column":null}},"292":{"start":{"line":460,"column":13},"end":{"line":460,"column":null}},"293":{"start":{"line":461,"column":12},"end":{"line":461,"column":null}},"294":{"start":{"line":462,"column":2},"end":{"line":462,"column":null}},"295":{"start":{"line":465,"column":26},"end":{"line":465,"column":null}},"296":{"start":{"line":467,"column":28},"end":{"line":467,"column":null}},"297":{"start":{"line":470,"column":2},"end":{"line":470,"column":null}},"298":{"start":{"line":471,"column":2},"end":{"line":472,"column":null}},"299":{"start":{"line":471,"column":10},"end":{"line":471,"column":null}},"300":{"start":{"line":472,"column":7},"end":{"line":472,"column":null}},"301":{"start":{"line":476,"column":2},"end":{"line":476,"column":null}},"302":{"start":{"line":480,"column":2},"end":{"line":480,"column":null}},"303":{"start":{"line":480,"column":22},"end":{"line":480,"column":null}},"304":{"start":{"line":481,"column":17},"end":{"line":481,"column":null}},"305":{"start":{"line":482,"column":2},"end":{"line":482,"column":null}},"306":{"start":{"line":486,"column":2},"end":{"line":489,"column":null}},"307":{"start":{"line":490,"column":2},"end":{"line":490,"column":null}},"308":{"start":{"line":494,"column":2},"end":{"line":494,"column":null}},"309":{"start":{"line":494,"column":21},"end":{"line":494,"column":null}},"310":{"start":{"line":495,"column":2},"end":{"line":497,"column":null}},"311":{"start":{"line":496,"column":19},"end":{"line":496,"column":39}},"312":{"start":{"line":497,"column":20},"end":{"line":497,"column":82}}},"fnMap":{"0":{"name":"showToast","decl":{"start":{"line":33,"column":16},"end":{"line":33,"column":25}},"loc":{"start":{"line":33,"column":48},"end":{"line":40,"column":null}},"line":33},"1":{"name":"(anonymous_1)","decl":{"start":{"line":36,"column":26},"end":{"line":36,"column":27}},"loc":{"start":{"line":36,"column":32},"end":{"line":39,"column":3}},"line":36},"2":{"name":"(anonymous_2)","decl":{"start":{"line":42,"column":38},"end":{"line":42,"column":39}},"loc":{"start":{"line":42,"column":44},"end":{"line":47,"column":1}},"line":42},"3":{"name":"(anonymous_3)","decl":{"start":{"line":46,"column":23},"end":{"line":46,"column":24}},"loc":{"start":{"line":46,"column":30},"end":{"line":46,"column":57}},"line":46},"4":{"name":"clearCart","decl":{"start":{"line":49,"column":16},"end":{"line":49,"column":25}},"loc":{"start":{"line":49,"column":28},"end":{"line":52,"column":null}},"line":49},"5":{"name":"setOrderDiscount","decl":{"start":{"line":54,"column":16},"end":{"line":54,"column":32}},"loc":{"start":{"line":54,"column":43},"end":{"line":56,"column":null}},"line":54},"6":{"name":"persistWaiterSession","decl":{"start":{"line":60,"column":9},"end":{"line":60,"column":29}},"loc":{"start":{"line":60,"column":39},"end":{"line":67,"column":null}},"line":60},"7":{"name":"restoreWaiterSession","decl":{"start":{"line":69,"column":9},"end":{"line":69,"column":29}},"loc":{"start":{"line":69,"column":32},"end":{"line":81,"column":null}},"line":69},"8":{"name":"validateWaiterSession","decl":{"start":{"line":85,"column":16},"end":{"line":85,"column":37}},"loc":{"start":{"line":85,"column":40},"end":{"line":110,"column":null}},"line":85},"9":{"name":"(anonymous_9)","decl":{"start":{"line":94,"column":27},"end":{"line":94,"column":28}},"loc":{"start":{"line":94,"column":34},"end":{"line":94,"column":66}},"line":94},"10":{"name":"(anonymous_10)","decl":{"start":{"line":101,"column":4},"end":{"line":101,"column":5}},"loc":{"start":{"line":101,"column":11},"end":{"line":101,"column":55}},"line":101},"11":{"name":"setWaiter","decl":{"start":{"line":112,"column":16},"end":{"line":112,"column":25}},"loc":{"start":{"line":112,"column":29},"end":{"line":127,"column":null}},"line":112},"12":{"name":"persistRegisterSession","decl":{"start":{"line":134,"column":9},"end":{"line":134,"column":31}},"loc":{"start":{"line":134,"column":41},"end":{"line":141,"column":null}},"line":134},"13":{"name":"restoreRegisterSession","decl":{"start":{"line":143,"column":9},"end":{"line":143,"column":31}},"loc":{"start":{"line":143,"column":34},"end":{"line":155,"column":null}},"line":143},"14":{"name":"validateRegisterSession","decl":{"start":{"line":159,"column":16},"end":{"line":159,"column":39}},"loc":{"start":{"line":159,"column":42},"end":{"line":187,"column":null}},"line":159},"15":{"name":"(anonymous_15)","decl":{"start":{"line":168,"column":27},"end":{"line":168,"column":28}},"loc":{"start":{"line":168,"column":34},"end":{"line":168,"column":66}},"line":168},"16":{"name":"(anonymous_16)","decl":{"start":{"line":175,"column":4},"end":{"line":175,"column":5}},"loc":{"start":{"line":175,"column":11},"end":{"line":175,"column":64}},"line":175},"17":{"name":"setRegisterSession","decl":{"start":{"line":189,"column":16},"end":{"line":189,"column":34}},"loc":{"start":{"line":189,"column":38},"end":{"line":204,"column":null}},"line":189},"18":{"name":"getArticle","decl":{"start":{"line":206,"column":16},"end":{"line":206,"column":26}},"loc":{"start":{"line":206,"column":38},"end":{"line":210,"column":null}},"line":206},"19":{"name":"cartQtyForArticle","decl":{"start":{"line":212,"column":16},"end":{"line":212,"column":33}},"loc":{"start":{"line":212,"column":67},"end":{"line":217,"column":null}},"line":212},"20":{"name":"(anonymous_20)","decl":{"start":{"line":215,"column":12},"end":{"line":215,"column":13}},"loc":{"start":{"line":215,"column":19},"end":{"line":215,"column":69}},"line":215},"21":{"name":"(anonymous_21)","decl":{"start":{"line":216,"column":12},"end":{"line":216,"column":13}},"loc":{"start":{"line":216,"column":22},"end":{"line":216,"column":31}},"line":216},"22":{"name":"cartQtyForAddition","decl":{"start":{"line":219,"column":16},"end":{"line":219,"column":34}},"loc":{"start":{"line":219,"column":69},"end":{"line":231,"column":null}},"line":219},"23":{"name":"availableAdditionQty","decl":{"start":{"line":233,"column":16},"end":{"line":233,"column":36}},"loc":{"start":{"line":233,"column":71},"end":{"line":238,"column":null}},"line":233},"24":{"name":"additionsSignature","decl":{"start":{"line":240,"column":16},"end":{"line":240,"column":34}},"loc":{"start":{"line":240,"column":46},"end":{"line":247,"column":null}},"line":240},"25":{"name":"(anonymous_25)","decl":{"start":{"line":241,"column":37},"end":{"line":241,"column":38}},"loc":{"start":{"line":241,"column":45},"end":{"line":244,"column":3}},"line":241},"26":{"name":"(anonymous_26)","decl":{"start":{"line":245,"column":12},"end":{"line":245,"column":13}},"loc":{"start":{"line":245,"column":22},"end":{"line":245,"column":49}},"line":245},"27":{"name":"discountSignature","decl":{"start":{"line":249,"column":16},"end":{"line":249,"column":33}},"loc":{"start":{"line":249,"column":44},"end":{"line":252,"column":null}},"line":249},"28":{"name":"availableQty","decl":{"start":{"line":255,"column":16},"end":{"line":255,"column":28}},"loc":{"start":{"line":255,"column":62},"end":{"line":260,"column":null}},"line":255},"29":{"name":"patchEventArticles","decl":{"start":{"line":262,"column":16},"end":{"line":262,"column":34}},"loc":{"start":{"line":262,"column":57},"end":{"line":288,"column":null}},"line":262},"30":{"name":"addCartLine","decl":{"start":{"line":290,"column":16},"end":{"line":290,"column":27}},"loc":{"start":{"line":297,"column":3},"end":{"line":353,"column":null}},"line":297},"31":{"name":"(anonymous_31)","decl":{"start":{"line":301,"column":37},"end":{"line":301,"column":38}},"loc":{"start":{"line":301,"column":45},"end":{"line":304,"column":3}},"line":301},"32":{"name":"(anonymous_32)","decl":{"start":{"line":333,"column":4},"end":{"line":333,"column":5}},"loc":{"start":{"line":334,"column":6},"end":{"line":338,"column":51}},"line":334},"33":{"name":"removeCartLine","decl":{"start":{"line":355,"column":16},"end":{"line":355,"column":30}},"loc":{"start":{"line":355,"column":39},"end":{"line":357,"column":null}},"line":355},"34":{"name":"(anonymous_34)","decl":{"start":{"line":356,"column":43},"end":{"line":356,"column":44}},"loc":{"start":{"line":356,"column":50},"end":{"line":356,"column":69}},"line":356},"35":{"name":"decrementCartLine","decl":{"start":{"line":359,"column":16},"end":{"line":359,"column":33}},"loc":{"start":{"line":359,"column":42},"end":{"line":364,"column":null}},"line":359},"36":{"name":"(anonymous_36)","decl":{"start":{"line":360,"column":33},"end":{"line":360,"column":34}},"loc":{"start":{"line":360,"column":40},"end":{"line":360,"column":59}},"line":360},"37":{"name":"updateCartLine","decl":{"start":{"line":366,"column":16},"end":{"line":366,"column":30}},"loc":{"start":{"line":366,"column":46},"end":{"line":375,"column":null}},"line":366},"38":{"name":"(anonymous_38)","decl":{"start":{"line":367,"column":40},"end":{"line":367,"column":41}},"loc":{"start":{"line":367,"column":47},"end":{"line":374,"column":3}},"line":367},"39":{"name":"(anonymous_39)","decl":{"start":{"line":377,"column":34},"end":{"line":377,"column":35}},"loc":{"start":{"line":377,"column":40},"end":{"line":377,"column":86}},"line":377},"40":{"name":"(anonymous_40)","decl":{"start":{"line":377,"column":63},"end":{"line":377,"column":64}},"loc":{"start":{"line":377,"column":73},"end":{"line":377,"column":82}},"line":377},"41":{"name":"(anonymous_41)","decl":{"start":{"line":379,"column":42},"end":{"line":379,"column":43}},"loc":{"start":{"line":379,"column":48},"end":{"line":383,"column":1}},"line":379},"42":{"name":"(anonymous_42)","decl":{"start":{"line":385,"column":39},"end":{"line":385,"column":40}},"loc":{"start":{"line":385,"column":45},"end":{"line":389,"column":1}},"line":385},"43":{"name":"(anonymous_43)","decl":{"start":{"line":388,"column":32},"end":{"line":388,"column":33}},"loc":{"start":{"line":388,"column":42},"end":{"line":388,"column":73}},"line":388},"44":{"name":"(anonymous_44)","decl":{"start":{"line":391,"column":39},"end":{"line":391,"column":40}},"loc":{"start":{"line":391,"column":45},"end":{"line":395,"column":1}},"line":391},"45":{"name":"(anonymous_45)","decl":{"start":{"line":397,"column":42},"end":{"line":397,"column":43}},"loc":{"start":{"line":398,"column":2},"end":{"line":398,"column":58}},"line":398},"46":{"name":"addVoucherCartLine","decl":{"start":{"line":401,"column":16},"end":{"line":401,"column":34}},"loc":{"start":{"line":401,"column":92},"end":{"line":429,"column":null}},"line":401},"47":{"name":"(anonymous_47)","decl":{"start":{"line":414,"column":4},"end":{"line":414,"column":5}},"loc":{"start":{"line":414,"column":11},"end":{"line":414,"column":77}},"line":414},"48":{"name":"cartLineLabel","decl":{"start":{"line":431,"column":16},"end":{"line":431,"column":29}},"loc":{"start":{"line":431,"column":36},"end":{"line":433,"column":null}},"line":431},"49":{"name":"bundleReady","decl":{"start":{"line":435,"column":16},"end":{"line":435,"column":27}},"loc":{"start":{"line":435,"column":30},"end":{"line":438,"column":null}},"line":435},"50":{"name":"refreshBundle","decl":{"start":{"line":440,"column":22},"end":{"line":440,"column":35}},"loc":{"start":{"line":440,"column":38},"end":{"line":457,"column":null}},"line":440},"51":{"name":"articleName","decl":{"start":{"line":459,"column":16},"end":{"line":459,"column":27}},"loc":{"start":{"line":459,"column":39},"end":{"line":463,"column":null}},"line":459},"52":{"name":"setAdminUnlocked","decl":{"start":{"line":469,"column":16},"end":{"line":469,"column":32}},"loc":{"start":{"line":469,"column":37},"end":{"line":473,"column":null}},"line":469},"53":{"name":"clearAdminSession","decl":{"start":{"line":475,"column":16},"end":{"line":475,"column":33}},"loc":{"start":{"line":475,"column":36},"end":{"line":477,"column":null}},"line":475},"54":{"name":"adminRequiresPin","decl":{"start":{"line":479,"column":16},"end":{"line":479,"column":32}},"loc":{"start":{"line":479,"column":35},"end":{"line":483,"column":null}},"line":479},"55":{"name":"verifyAdminPin","decl":{"start":{"line":485,"column":22},"end":{"line":485,"column":36}},"loc":{"start":{"line":485,"column":42},"end":{"line":491,"column":null}},"line":485},"56":{"name":"stockArticlesForEvent","decl":{"start":{"line":493,"column":16},"end":{"line":493,"column":37}},"loc":{"start":{"line":493,"column":42},"end":{"line":498,"column":null}},"line":493},"57":{"name":"(anonymous_57)","decl":{"start":{"line":496,"column":12},"end":{"line":496,"column":13}},"loc":{"start":{"line":496,"column":19},"end":{"line":496,"column":39}},"line":496},"58":{"name":"(anonymous_58)","decl":{"start":{"line":497,"column":10},"end":{"line":497,"column":11}},"loc":{"start":{"line":497,"column":20},"end":{"line":497,"column":82}},"line":497}},"branchMap":{"0":{"loc":{"start":{"line":33,"column":35},"end":{"line":33,"column":46}},"type":"default-arg","locations":[{"start":{"line":33,"column":42},"end":{"line":33,"column":46}}],"line":33},"1":{"loc":{"start":{"line":35,"column":2},"end":{"line":35,"column":null}},"type":"if","locations":[{"start":{"line":35,"column":2},"end":{"line":35,"column":null}},{"start":{},"end":{}}],"line":35},"2":{"loc":{"start":{"line":45,"column":2},"end":{"line":45,"column":null}},"type":"if","locations":[{"start":{"line":45,"column":2},"end":{"line":45,"column":null}},{"start":{},"end":{}}],"line":45},"3":{"loc":{"start":{"line":45,"column":6},"end":{"line":45,"column":30}},"type":"binary-expr","locations":[{"start":{"line":45,"column":6},"end":{"line":45,"column":16}},{"start":{"line":45,"column":20},"end":{"line":45,"column":30}}],"line":45},"4":{"loc":{"start":{"line":46,"column":9},"end":{"line":46,"column":null}},"type":"binary-expr","locations":[{"start":{"line":46,"column":9},"end":{"line":46,"column":58}},{"start":{"line":46,"column":62},"end":{"line":46,"column":null}}],"line":46},"5":{"loc":{"start":{"line":55,"column":24},"end":{"line":55,"column":null}},"type":"binary-expr","locations":[{"start":{"line":55,"column":24},"end":{"line":55,"column":32}},{"start":{"line":55,"column":36},"end":{"line":55,"column":null}}],"line":55},"6":{"loc":{"start":{"line":61,"column":2},"end":{"line":61,"column":null}},"type":"if","locations":[{"start":{"line":61,"column":2},"end":{"line":61,"column":null}},{"start":{},"end":{}}],"line":61},"7":{"loc":{"start":{"line":70,"column":2},"end":{"line":70,"column":null}},"type":"if","locations":[{"start":{"line":70,"column":2},"end":{"line":70,"column":null}},{"start":{},"end":{}}],"line":70},"8":{"loc":{"start":{"line":73,"column":4},"end":{"line":73,"column":null}},"type":"if","locations":[{"start":{"line":73,"column":4},"end":{"line":73,"column":null}},{"start":{},"end":{}}],"line":73},"9":{"loc":{"start":{"line":75,"column":4},"end":{"line":75,"column":null}},"type":"if","locations":[{"start":{"line":75,"column":4},"end":{"line":75,"column":null}},{"start":{},"end":{}}],"line":75},"10":{"loc":{"start":{"line":75,"column":8},"end":{"line":75,"column":43}},"type":"binary-expr","locations":[{"start":{"line":75,"column":8},"end":{"line":75,"column":19}},{"start":{"line":75,"column":23},"end":{"line":75,"column":43}}],"line":75},"11":{"loc":{"start":{"line":77,"column":59},"end":{"line":77,"column":74}},"type":"binary-expr","locations":[{"start":{"line":77,"column":59},"end":{"line":77,"column":68}},{"start":{"line":77,"column":72},"end":{"line":77,"column":74}}],"line":77},"12":{"loc":{"start":{"line":86,"column":2},"end":{"line":86,"column":null}},"type":"if","locations":[{"start":{"line":86,"column":2},"end":{"line":86,"column":null}},{"start":{},"end":{}}],"line":86},"13":{"loc":{"start":{"line":88,"column":2},"end":{"line":88,"column":null}},"type":"if","locations":[{"start":{"line":88,"column":2},"end":{"line":88,"column":null}},{"start":{},"end":{}}],"line":88},"14":{"loc":{"start":{"line":90,"column":2},"end":{"line":93,"column":null}},"type":"if","locations":[{"start":{"line":90,"column":2},"end":{"line":93,"column":null}},{"start":{},"end":{}}],"line":90},"15":{"loc":{"start":{"line":95,"column":2},"end":{"line":99,"column":null}},"type":"if","locations":[{"start":{"line":95,"column":2},"end":{"line":99,"column":null}},{"start":{},"end":{}}],"line":95},"16":{"loc":{"start":{"line":100,"column":22},"end":{"line":100,"column":59}},"type":"binary-expr","locations":[{"start":{"line":100,"column":22},"end":{"line":100,"column":53}},{"start":{"line":100,"column":57},"end":{"line":100,"column":59}}],"line":100},"17":{"loc":{"start":{"line":103,"column":2},"end":{"line":107,"column":null}},"type":"if","locations":[{"start":{"line":103,"column":2},"end":{"line":107,"column":null}},{"start":{},"end":{}}],"line":103},"18":{"loc":{"start":{"line":114,"column":2},"end":{"line":114,"column":null}},"type":"if","locations":[{"start":{"line":114,"column":2},"end":{"line":114,"column":null}},{"start":{},"end":{}}],"line":114},"19":{"loc":{"start":{"line":117,"column":2},"end":{"line":117,"column":null}},"type":"if","locations":[{"start":{"line":117,"column":2},"end":{"line":117,"column":null}},{"start":{},"end":{}}],"line":117},"20":{"loc":{"start":{"line":118,"column":2},"end":{"line":126,"column":null}},"type":"if","locations":[{"start":{"line":118,"column":2},"end":{"line":126,"column":null}},{"start":{"line":120,"column":9},"end":{"line":126,"column":null}}],"line":118},"21":{"loc":{"start":{"line":135,"column":2},"end":{"line":135,"column":null}},"type":"if","locations":[{"start":{"line":135,"column":2},"end":{"line":135,"column":null}},{"start":{},"end":{}}],"line":135},"22":{"loc":{"start":{"line":144,"column":2},"end":{"line":144,"column":null}},"type":"if","locations":[{"start":{"line":144,"column":2},"end":{"line":144,"column":null}},{"start":{},"end":{}}],"line":144},"23":{"loc":{"start":{"line":147,"column":4},"end":{"line":147,"column":null}},"type":"if","locations":[{"start":{"line":147,"column":4},"end":{"line":147,"column":null}},{"start":{},"end":{}}],"line":147},"24":{"loc":{"start":{"line":149,"column":4},"end":{"line":149,"column":null}},"type":"if","locations":[{"start":{"line":149,"column":4},"end":{"line":149,"column":null}},{"start":{},"end":{}}],"line":149},"25":{"loc":{"start":{"line":149,"column":8},"end":{"line":149,"column":43}},"type":"binary-expr","locations":[{"start":{"line":149,"column":8},"end":{"line":149,"column":19}},{"start":{"line":149,"column":23},"end":{"line":149,"column":43}}],"line":149},"26":{"loc":{"start":{"line":151,"column":68},"end":{"line":151,"column":83}},"type":"binary-expr","locations":[{"start":{"line":151,"column":68},"end":{"line":151,"column":77}},{"start":{"line":151,"column":81},"end":{"line":151,"column":83}}],"line":151},"27":{"loc":{"start":{"line":160,"column":2},"end":{"line":160,"column":null}},"type":"if","locations":[{"start":{"line":160,"column":2},"end":{"line":160,"column":null}},{"start":{},"end":{}}],"line":160},"28":{"loc":{"start":{"line":162,"column":2},"end":{"line":162,"column":null}},"type":"if","locations":[{"start":{"line":162,"column":2},"end":{"line":162,"column":null}},{"start":{},"end":{}}],"line":162},"29":{"loc":{"start":{"line":164,"column":2},"end":{"line":167,"column":null}},"type":"if","locations":[{"start":{"line":164,"column":2},"end":{"line":167,"column":null}},{"start":{},"end":{}}],"line":164},"30":{"loc":{"start":{"line":169,"column":2},"end":{"line":173,"column":null}},"type":"if","locations":[{"start":{"line":169,"column":2},"end":{"line":173,"column":null}},{"start":{},"end":{}}],"line":169},"31":{"loc":{"start":{"line":174,"column":22},"end":{"line":174,"column":60}},"type":"binary-expr","locations":[{"start":{"line":174,"column":22},"end":{"line":174,"column":54}},{"start":{"line":174,"column":58},"end":{"line":174,"column":60}}],"line":174},"32":{"loc":{"start":{"line":177,"column":2},"end":{"line":180,"column":null}},"type":"if","locations":[{"start":{"line":177,"column":2},"end":{"line":180,"column":null}},{"start":{},"end":{}}],"line":177},"33":{"loc":{"start":{"line":191,"column":2},"end":{"line":191,"column":null}},"type":"if","locations":[{"start":{"line":191,"column":2},"end":{"line":191,"column":null}},{"start":{},"end":{}}],"line":191},"34":{"loc":{"start":{"line":194,"column":2},"end":{"line":194,"column":null}},"type":"if","locations":[{"start":{"line":194,"column":2},"end":{"line":194,"column":null}},{"start":{},"end":{}}],"line":194},"35":{"loc":{"start":{"line":195,"column":2},"end":{"line":203,"column":null}},"type":"if","locations":[{"start":{"line":195,"column":2},"end":{"line":203,"column":null}},{"start":{"line":197,"column":9},"end":{"line":203,"column":null}}],"line":195},"36":{"loc":{"start":{"line":208,"column":2},"end":{"line":208,"column":null}},"type":"if","locations":[{"start":{"line":208,"column":2},"end":{"line":208,"column":null}},{"start":{},"end":{}}],"line":208},"37":{"loc":{"start":{"line":209,"column":9},"end":{"line":209,"column":null}},"type":"binary-expr","locations":[{"start":{"line":209,"column":9},"end":{"line":209,"column":39}},{"start":{"line":209,"column":43},"end":{"line":209,"column":65}},{"start":{"line":209,"column":69},"end":{"line":209,"column":null}}],"line":209},"38":{"loc":{"start":{"line":212,"column":45},"end":{"line":212,"column":65}},"type":"default-arg","locations":[{"start":{"line":212,"column":61},"end":{"line":212,"column":65}}],"line":212},"39":{"loc":{"start":{"line":215,"column":19},"end":{"line":215,"column":69}},"type":"binary-expr","locations":[{"start":{"line":215,"column":19},"end":{"line":215,"column":39}},{"start":{"line":215,"column":43},"end":{"line":215,"column":69}}],"line":215},"40":{"loc":{"start":{"line":219,"column":47},"end":{"line":219,"column":67}},"type":"default-arg","locations":[{"start":{"line":219,"column":63},"end":{"line":219,"column":67}}],"line":219},"41":{"loc":{"start":{"line":223,"column":4},"end":{"line":223,"column":null}},"type":"if","locations":[{"start":{"line":223,"column":4},"end":{"line":223,"column":null}},{"start":{},"end":{}}],"line":223},"42":{"loc":{"start":{"line":223,"column":8},"end":{"line":223,"column":51}},"type":"binary-expr","locations":[{"start":{"line":223,"column":8},"end":{"line":223,"column":21}},{"start":{"line":223,"column":25},"end":{"line":223,"column":51}}],"line":223},"43":{"loc":{"start":{"line":224,"column":22},"end":{"line":224,"column":39}},"type":"binary-expr","locations":[{"start":{"line":224,"column":22},"end":{"line":224,"column":33}},{"start":{"line":224,"column":37},"end":{"line":224,"column":39}}],"line":224},"44":{"loc":{"start":{"line":225,"column":6},"end":{"line":227,"column":null}},"type":"if","locations":[{"start":{"line":225,"column":6},"end":{"line":227,"column":null}},{"start":{},"end":{}}],"line":225},"45":{"loc":{"start":{"line":226,"column":37},"end":{"line":226,"column":57}},"type":"binary-expr","locations":[{"start":{"line":226,"column":37},"end":{"line":226,"column":52}},{"start":{"line":226,"column":56},"end":{"line":226,"column":57}}],"line":226},"46":{"loc":{"start":{"line":233,"column":49},"end":{"line":233,"column":69}},"type":"default-arg","locations":[{"start":{"line":233,"column":65},"end":{"line":233,"column":69}}],"line":233},"47":{"loc":{"start":{"line":235,"column":2},"end":{"line":235,"column":null}},"type":"if","locations":[{"start":{"line":235,"column":2},"end":{"line":235,"column":null}},{"start":{},"end":{}}],"line":235},"48":{"loc":{"start":{"line":236,"column":16},"end":{"line":236,"column":null}},"type":"binary-expr","locations":[{"start":{"line":236,"column":16},"end":{"line":236,"column":26}},{"start":{"line":236,"column":30},"end":{"line":236,"column":null}}],"line":236},"49":{"loc":{"start":{"line":241,"column":16},"end":{"line":241,"column":31}},"type":"binary-expr","locations":[{"start":{"line":241,"column":16},"end":{"line":241,"column":25}},{"start":{"line":241,"column":29},"end":{"line":241,"column":31}}],"line":241},"50":{"loc":{"start":{"line":243,"column":21},"end":{"line":243,"column":39}},"type":"binary-expr","locations":[{"start":{"line":243,"column":21},"end":{"line":243,"column":34}},{"start":{"line":243,"column":38},"end":{"line":243,"column":39}}],"line":243},"51":{"loc":{"start":{"line":251,"column":9},"end":{"line":251,"column":null}},"type":"cond-expr","locations":[{"start":{"line":251,"column":13},"end":{"line":251,"column":30}},{"start":{"line":251,"column":33},"end":{"line":251,"column":null}}],"line":251},"52":{"loc":{"start":{"line":255,"column":40},"end":{"line":255,"column":60}},"type":"default-arg","locations":[{"start":{"line":255,"column":56},"end":{"line":255,"column":60}}],"line":255},"53":{"loc":{"start":{"line":257,"column":2},"end":{"line":257,"column":null}},"type":"if","locations":[{"start":{"line":257,"column":2},"end":{"line":257,"column":null}},{"start":{},"end":{}}],"line":257},"54":{"loc":{"start":{"line":258,"column":16},"end":{"line":258,"column":null}},"type":"binary-expr","locations":[{"start":{"line":258,"column":16},"end":{"line":258,"column":26}},{"start":{"line":258,"column":30},"end":{"line":258,"column":null}}],"line":258},"55":{"loc":{"start":{"line":264,"column":2},"end":{"line":264,"column":null}},"type":"if","locations":[{"start":{"line":264,"column":2},"end":{"line":264,"column":null}},{"start":{},"end":{}}],"line":264},"56":{"loc":{"start":{"line":264,"column":6},"end":{"line":264,"column":32}},"type":"binary-expr","locations":[{"start":{"line":264,"column":6},"end":{"line":264,"column":16}},{"start":{"line":264,"column":20},"end":{"line":264,"column":32}}],"line":264},"57":{"loc":{"start":{"line":267,"column":4},"end":{"line":267,"column":null}},"type":"if","locations":[{"start":{"line":267,"column":4},"end":{"line":267,"column":null}},{"start":{},"end":{}}],"line":267},"58":{"loc":{"start":{"line":268,"column":17},"end":{"line":268,"column":null}},"type":"binary-expr","locations":[{"start":{"line":268,"column":17},"end":{"line":268,"column":28}},{"start":{"line":268,"column":32},"end":{"line":268,"column":null}}],"line":268},"59":{"loc":{"start":{"line":271,"column":23},"end":{"line":271,"column":null}},"type":"binary-expr","locations":[{"start":{"line":271,"column":23},"end":{"line":271,"column":30}},{"start":{"line":271,"column":34},"end":{"line":271,"column":null}}],"line":271},"60":{"loc":{"start":{"line":272,"column":6},"end":{"line":273,"column":null}},"type":"if","locations":[{"start":{"line":272,"column":6},"end":{"line":273,"column":null}},{"start":{"line":273,"column":11},"end":{"line":273,"column":null}}],"line":272},"61":{"loc":{"start":{"line":276,"column":6},"end":{"line":276,"column":null}},"type":"if","locations":[{"start":{"line":276,"column":6},"end":{"line":276,"column":null}},{"start":{},"end":{}}],"line":276},"62":{"loc":{"start":{"line":278,"column":20},"end":{"line":278,"column":null}},"type":"binary-expr","locations":[{"start":{"line":278,"column":20},"end":{"line":278,"column":48}},{"start":{"line":278,"column":52},"end":{"line":278,"column":null}}],"line":278},"63":{"loc":{"start":{"line":279,"column":8},"end":{"line":279,"column":null}},"type":"if","locations":[{"start":{"line":279,"column":8},"end":{"line":279,"column":null}},{"start":{},"end":{}}],"line":279},"64":{"loc":{"start":{"line":280,"column":8},"end":{"line":280,"column":null}},"type":"if","locations":[{"start":{"line":280,"column":8},"end":{"line":280,"column":null}},{"start":{},"end":{}}],"line":280},"65":{"loc":{"start":{"line":281,"column":8},"end":{"line":281,"column":null}},"type":"if","locations":[{"start":{"line":281,"column":8},"end":{"line":281,"column":null}},{"start":{},"end":{}}],"line":281},"66":{"loc":{"start":{"line":282,"column":8},"end":{"line":282,"column":null}},"type":"if","locations":[{"start":{"line":282,"column":8},"end":{"line":282,"column":null}},{"start":{},"end":{}}],"line":282},"67":{"loc":{"start":{"line":294,"column":2},"end":{"line":294,"column":11}},"type":"default-arg","locations":[{"start":{"line":294,"column":9},"end":{"line":294,"column":11}}],"line":294},"68":{"loc":{"start":{"line":295,"column":2},"end":{"line":295,"column":16}},"type":"default-arg","locations":[{"start":{"line":295,"column":14},"end":{"line":295,"column":16}}],"line":295},"69":{"loc":{"start":{"line":296,"column":2},"end":{"line":296,"column":22}},"type":"default-arg","locations":[{"start":{"line":296,"column":18},"end":{"line":296,"column":22}}],"line":296},"70":{"loc":{"start":{"line":299,"column":13},"end":{"line":299,"column":null}},"type":"cond-expr","locations":[{"start":{"line":299,"column":67},"end":{"line":299,"column":94}},{"start":{"line":299,"column":97},"end":{"line":299,"column":null}}],"line":299},"71":{"loc":{"start":{"line":299,"column":13},"end":{"line":299,"column":64}},"type":"binary-expr","locations":[{"start":{"line":299,"column":13},"end":{"line":299,"column":33}},{"start":{"line":299,"column":37},"end":{"line":299,"column":64}}],"line":299},"72":{"loc":{"start":{"line":300,"column":25},"end":{"line":300,"column":35}},"type":"binary-expr","locations":[{"start":{"line":300,"column":25},"end":{"line":300,"column":29}},{"start":{"line":300,"column":33},"end":{"line":300,"column":35}}],"line":300},"73":{"loc":{"start":{"line":301,"column":16},"end":{"line":301,"column":31}},"type":"binary-expr","locations":[{"start":{"line":301,"column":16},"end":{"line":301,"column":25}},{"start":{"line":301,"column":29},"end":{"line":301,"column":31}}],"line":301},"74":{"loc":{"start":{"line":303,"column":21},"end":{"line":303,"column":39}},"type":"binary-expr","locations":[{"start":{"line":303,"column":21},"end":{"line":303,"column":34}},{"start":{"line":303,"column":38},"end":{"line":303,"column":39}}],"line":303},"75":{"loc":{"start":{"line":305,"column":27},"end":{"line":305,"column":43}},"type":"binary-expr","locations":[{"start":{"line":305,"column":27},"end":{"line":305,"column":38}},{"start":{"line":305,"column":42},"end":{"line":305,"column":43}}],"line":305},"76":{"loc":{"start":{"line":307,"column":2},"end":{"line":316,"column":null}},"type":"if","locations":[{"start":{"line":307,"column":2},"end":{"line":316,"column":null}},{"start":{},"end":{}}],"line":307},"77":{"loc":{"start":{"line":308,"column":4},"end":{"line":311,"column":null}},"type":"if","locations":[{"start":{"line":308,"column":4},"end":{"line":311,"column":null}},{"start":{},"end":{}}],"line":308},"78":{"loc":{"start":{"line":312,"column":4},"end":{"line":315,"column":null}},"type":"if","locations":[{"start":{"line":312,"column":4},"end":{"line":315,"column":null}},{"start":{},"end":{}}],"line":312},"79":{"loc":{"start":{"line":319,"column":4},"end":{"line":322,"column":null}},"type":"if","locations":[{"start":{"line":319,"column":4},"end":{"line":322,"column":null}},{"start":{},"end":{}}],"line":319},"80":{"loc":{"start":{"line":320,"column":19},"end":{"line":320,"column":37}},"type":"binary-expr","locations":[{"start":{"line":320,"column":19},"end":{"line":320,"column":25}},{"start":{"line":320,"column":29},"end":{"line":320,"column":37}}],"line":320},"81":{"loc":{"start":{"line":324,"column":4},"end":{"line":328,"column":null}},"type":"if","locations":[{"start":{"line":324,"column":4},"end":{"line":328,"column":null}},{"start":{},"end":{}}],"line":324},"82":{"loc":{"start":{"line":324,"column":8},"end":{"line":324,"column":56}},"type":"binary-expr","locations":[{"start":{"line":324,"column":8},"end":{"line":324,"column":25}},{"start":{"line":324,"column":29},"end":{"line":324,"column":56}}],"line":324},"83":{"loc":{"start":{"line":325,"column":19},"end":{"line":325,"column":null}},"type":"binary-expr","locations":[{"start":{"line":325,"column":19},"end":{"line":325,"column":26}},{"start":{"line":325,"column":30},"end":{"line":325,"column":null}}],"line":325},"84":{"loc":{"start":{"line":334,"column":6},"end":{"line":338,"column":51}},"type":"binary-expr","locations":[{"start":{"line":334,"column":6},"end":{"line":334,"column":26}},{"start":{"line":335,"column":6},"end":{"line":335,"column":27}},{"start":{"line":336,"column":6},"end":{"line":336,"column":32}},{"start":{"line":337,"column":6},"end":{"line":337,"column":45}},{"start":{"line":338,"column":6},"end":{"line":338,"column":51}}],"line":334},"85":{"loc":{"start":{"line":340,"column":2},"end":{"line":343,"column":null}},"type":"if","locations":[{"start":{"line":340,"column":2},"end":{"line":343,"column":null}},{"start":{},"end":{}}],"line":340},"86":{"loc":{"start":{"line":361,"column":2},"end":{"line":361,"column":null}},"type":"if","locations":[{"start":{"line":361,"column":2},"end":{"line":361,"column":null}},{"start":{},"end":{}}],"line":361},"87":{"loc":{"start":{"line":362,"column":2},"end":{"line":363,"column":null}},"type":"if","locations":[{"start":{"line":362,"column":2},"end":{"line":363,"column":null}},{"start":{"line":363,"column":7},"end":{"line":363,"column":null}}],"line":362},"88":{"loc":{"start":{"line":368,"column":4},"end":{"line":368,"column":null}},"type":"if","locations":[{"start":{"line":368,"column":4},"end":{"line":368,"column":null}},{"start":{},"end":{}}],"line":368},"89":{"loc":{"start":{"line":370,"column":4},"end":{"line":372,"column":null}},"type":"if","locations":[{"start":{"line":370,"column":4},"end":{"line":372,"column":null}},{"start":{},"end":{}}],"line":370},"90":{"loc":{"start":{"line":370,"column":8},"end":{"line":370,"column":59}},"type":"binary-expr","locations":[{"start":{"line":370,"column":8},"end":{"line":370,"column":27}},{"start":{"line":370,"column":31},"end":{"line":370,"column":59}}],"line":370},"91":{"loc":{"start":{"line":381,"column":15},"end":{"line":381,"column":null}},"type":"binary-expr","locations":[{"start":{"line":381,"column":15},"end":{"line":381,"column":27}},{"start":{"line":381,"column":31},"end":{"line":381,"column":null}}],"line":381},"92":{"loc":{"start":{"line":387,"column":15},"end":{"line":387,"column":null}},"type":"binary-expr","locations":[{"start":{"line":387,"column":15},"end":{"line":387,"column":27}},{"start":{"line":387,"column":31},"end":{"line":387,"column":null}}],"line":387},"93":{"loc":{"start":{"line":393,"column":15},"end":{"line":393,"column":null}},"type":"binary-expr","locations":[{"start":{"line":393,"column":15},"end":{"line":393,"column":27}},{"start":{"line":393,"column":31},"end":{"line":393,"column":null}}],"line":393},"94":{"loc":{"start":{"line":401,"column":62},"end":{"line":401,"column":69}},"type":"default-arg","locations":[{"start":{"line":401,"column":68},"end":{"line":401,"column":69}}],"line":401},"95":{"loc":{"start":{"line":401,"column":71},"end":{"line":401,"column":88}},"type":"default-arg","locations":[{"start":{"line":401,"column":84},"end":{"line":401,"column":88}}],"line":401},"96":{"loc":{"start":{"line":403,"column":2},"end":{"line":406,"column":null}},"type":"if","locations":[{"start":{"line":403,"column":2},"end":{"line":406,"column":null}},{"start":{},"end":{}}],"line":403},"97":{"loc":{"start":{"line":408,"column":2},"end":{"line":411,"column":null}},"type":"if","locations":[{"start":{"line":408,"column":2},"end":{"line":411,"column":null}},{"start":{},"end":{}}],"line":408},"98":{"loc":{"start":{"line":408,"column":6},"end":{"line":408,"column":39}},"type":"binary-expr","locations":[{"start":{"line":408,"column":6},"end":{"line":408,"column":9}},{"start":{"line":408,"column":13},"end":{"line":408,"column":39}}],"line":408},"99":{"loc":{"start":{"line":412,"column":13},"end":{"line":412,"column":null}},"type":"cond-expr","locations":[{"start":{"line":412,"column":34},"end":{"line":412,"column":52}},{"start":{"line":412,"column":55},"end":{"line":412,"column":null}}],"line":412},"100":{"loc":{"start":{"line":412,"column":55},"end":{"line":412,"column":null}},"type":"binary-expr","locations":[{"start":{"line":412,"column":55},"end":{"line":412,"column":77}},{"start":{"line":412,"column":81},"end":{"line":412,"column":null}}],"line":412},"101":{"loc":{"start":{"line":414,"column":11},"end":{"line":414,"column":77}},"type":"binary-expr","locations":[{"start":{"line":414,"column":11},"end":{"line":414,"column":36}},{"start":{"line":414,"column":40},"end":{"line":414,"column":77}}],"line":414},"102":{"loc":{"start":{"line":416,"column":29},"end":{"line":416,"column":45}},"type":"binary-expr","locations":[{"start":{"line":416,"column":29},"end":{"line":416,"column":40}},{"start":{"line":416,"column":44},"end":{"line":416,"column":45}}],"line":416},"103":{"loc":{"start":{"line":417,"column":2},"end":{"line":420,"column":null}},"type":"if","locations":[{"start":{"line":417,"column":2},"end":{"line":420,"column":null}},{"start":{},"end":{}}],"line":417},"104":{"loc":{"start":{"line":437,"column":17},"end":{"line":437,"column":47}},"type":"binary-expr","locations":[{"start":{"line":437,"column":17},"end":{"line":437,"column":18}},{"start":{"line":437,"column":22},"end":{"line":437,"column":47}}],"line":437},"105":{"loc":{"start":{"line":442,"column":21},"end":{"line":442,"column":null}},"type":"binary-expr","locations":[{"start":{"line":442,"column":21},"end":{"line":442,"column":35}},{"start":{"line":442,"column":39},"end":{"line":442,"column":null}}],"line":442},"106":{"loc":{"start":{"line":443,"column":2},"end":{"line":446,"column":null}},"type":"if","locations":[{"start":{"line":443,"column":2},"end":{"line":446,"column":null}},{"start":{},"end":{}}],"line":443},"107":{"loc":{"start":{"line":452,"column":12},"end":{"line":452,"column":26}},"type":"binary-expr","locations":[{"start":{"line":452,"column":12},"end":{"line":452,"column":20}},{"start":{"line":452,"column":24},"end":{"line":452,"column":26}}],"line":452},"108":{"loc":{"start":{"line":461,"column":12},"end":{"line":461,"column":null}},"type":"binary-expr","locations":[{"start":{"line":461,"column":12},"end":{"line":461,"column":45}},{"start":{"line":461,"column":49},"end":{"line":461,"column":null}}],"line":461},"109":{"loc":{"start":{"line":462,"column":9},"end":{"line":462,"column":null}},"type":"binary-expr","locations":[{"start":{"line":462,"column":9},"end":{"line":462,"column":16}},{"start":{"line":462,"column":20},"end":{"line":462,"column":null}}],"line":462},"110":{"loc":{"start":{"line":471,"column":2},"end":{"line":472,"column":null}},"type":"if","locations":[{"start":{"line":471,"column":2},"end":{"line":472,"column":null}},{"start":{"line":472,"column":7},"end":{"line":472,"column":null}}],"line":471},"111":{"loc":{"start":{"line":480,"column":2},"end":{"line":480,"column":null}},"type":"if","locations":[{"start":{"line":480,"column":2},"end":{"line":480,"column":null}},{"start":{},"end":{}}],"line":480},"112":{"loc":{"start":{"line":482,"column":9},"end":{"line":482,"column":null}},"type":"binary-expr","locations":[{"start":{"line":482,"column":9},"end":{"line":482,"column":30}},{"start":{"line":482,"column":34},"end":{"line":482,"column":null}}],"line":482},"113":{"loc":{"start":{"line":494,"column":2},"end":{"line":494,"column":null}},"type":"if","locations":[{"start":{"line":494,"column":2},"end":{"line":494,"column":null}},{"start":{},"end":{}}],"line":494},"114":{"loc":{"start":{"line":496,"column":19},"end":{"line":496,"column":39}},"type":"binary-expr","locations":[{"start":{"line":496,"column":19},"end":{"line":496,"column":20}},{"start":{"line":496,"column":24},"end":{"line":496,"column":39}}],"line":496},"115":{"loc":{"start":{"line":497,"column":27},"end":{"line":497,"column":39}},"type":"binary-expr","locations":[{"start":{"line":497,"column":27},"end":{"line":497,"column":33}},{"start":{"line":497,"column":37},"end":{"line":497,"column":39}}],"line":497},"116":{"loc":{"start":{"line":497,"column":62},"end":{"line":497,"column":74}},"type":"binary-expr","locations":[{"start":{"line":497,"column":62},"end":{"line":497,"column":68}},{"start":{"line":497,"column":72},"end":{"line":497,"column":74}}],"line":497}},"s":{"0":2,"1":2,"2":2,"3":2,"4":2,"5":2,"6":2,"7":2,"8":2,"9":2,"10":2,"11":6,"12":6,"13":5,"14":6,"15":0,"16":0,"17":2,"18":18,"19":18,"20":18,"21":1,"22":17,"23":17,"24":6,"25":6,"26":2,"27":2,"28":2,"29":0,"30":2,"31":2,"32":2,"33":0,"34":2,"35":2,"36":2,"37":2,"38":0,"39":0,"40":0,"41":0,"42":0,"43":0,"44":2,"45":2,"46":0,"47":2,"48":2,"49":0,"50":2,"51":2,"52":0,"53":0,"54":2,"55":2,"56":2,"57":0,"58":0,"59":0,"60":2,"61":1,"62":2,"63":1,"64":1,"65":1,"66":1,"67":1,"68":3,"69":3,"70":1,"71":3,"72":3,"73":3,"74":0,"75":3,"76":2,"77":1,"78":2,"79":2,"80":2,"81":0,"82":2,"83":2,"84":2,"85":0,"86":2,"87":2,"88":2,"89":2,"90":0,"91":0,"92":0,"93":0,"94":0,"95":0,"96":2,"97":1,"98":0,"99":1,"100":1,"101":0,"102":1,"103":1,"104":0,"105":0,"106":1,"107":1,"108":1,"109":0,"110":0,"111":0,"112":1,"113":1,"114":1,"115":0,"116":0,"117":1,"118":1,"119":2,"120":2,"121":1,"122":2,"123":2,"124":2,"125":0,"126":2,"127":1,"128":1,"129":30,"130":30,"131":0,"132":30,"133":6,"134":6,"135":2,"136":2,"137":6,"138":6,"139":6,"140":3,"141":0,"142":3,"143":3,"144":3,"145":6,"146":5,"147":5,"148":0,"149":5,"150":5,"151":19,"152":4,"153":19,"154":0,"155":19,"156":19,"157":19,"158":20,"159":20,"160":14,"161":6,"162":20,"163":1,"164":1,"165":0,"166":1,"167":1,"168":1,"169":0,"170":1,"171":1,"172":1,"173":1,"174":1,"175":1,"176":0,"177":1,"178":3,"179":1,"180":2,"181":1,"182":1,"183":0,"184":1,"185":1,"186":1,"187":0,"188":1,"189":1,"190":1,"191":1,"192":19,"193":19,"194":19,"195":19,"196":5,"197":19,"198":19,"199":19,"200":5,"201":1,"202":1,"203":4,"204":1,"205":1,"206":18,"207":5,"208":5,"209":1,"210":1,"211":4,"212":4,"213":1,"214":1,"215":1,"216":16,"217":16,"218":16,"219":4,"220":16,"221":2,"222":2,"223":14,"224":14,"225":2,"226":2,"227":3,"228":3,"229":3,"230":0,"231":3,"232":1,"233":2,"234":3,"235":3,"236":0,"237":3,"238":3,"239":1,"240":3,"241":2,"242":1,"243":1,"244":2,"245":1,"246":1,"247":1,"248":2,"249":0,"250":0,"251":0,"252":0,"253":2,"254":1,"255":1,"256":1,"257":2,"258":0,"259":4,"260":4,"261":1,"262":1,"263":3,"264":3,"265":1,"266":1,"267":2,"268":4,"269":1,"270":4,"271":4,"272":1,"273":1,"274":1,"275":1,"276":1,"277":12,"278":12,"279":0,"280":0,"281":0,"282":0,"283":0,"284":0,"285":0,"286":0,"287":0,"288":0,"289":0,"290":0,"291":0,"292":2,"293":2,"294":2,"295":2,"296":2,"297":32,"298":32,"299":1,"300":31,"301":31,"302":3,"303":1,"304":2,"305":3,"306":0,"307":0,"308":2,"309":1,"310":1,"311":4,"312":3},"f":{"0":6,"1":0,"2":18,"3":17,"4":6,"5":2,"6":2,"7":2,"8":2,"9":2,"10":1,"11":3,"12":2,"13":2,"14":1,"15":1,"16":1,"17":2,"18":30,"19":6,"20":2,"21":2,"22":6,"23":5,"24":19,"25":4,"26":0,"27":19,"28":20,"29":1,"30":19,"31":5,"32":4,"33":2,"34":2,"35":3,"36":3,"37":3,"38":3,"39":1,"40":1,"41":1,"42":0,"43":0,"44":1,"45":0,"46":4,"47":1,"48":1,"49":12,"50":0,"51":2,"52":32,"53":31,"54":3,"55":0,"56":2,"57":4,"58":3},"b":{"0":[6],"1":[5,1],"2":[1,17],"3":[18,18],"4":[17,0],"5":[2,0],"6":[0,2],"7":[0,2],"8":[2,0],"9":[0,0],"10":[0,0],"11":[0,0],"12":[0,2],"13":[0,2],"14":[0,2],"15":[0,2],"16":[2,1],"17":[1,1],"18":[1,2],"19":[0,3],"20":[2,1],"21":[0,2],"22":[0,2],"23":[2,0],"24":[0,0],"25":[0,0],"26":[0,0],"27":[0,1],"28":[0,1],"29":[0,1],"30":[0,1],"31":[1,0],"32":[0,1],"33":[1,1],"34":[0,2],"35":[1,1],"36":[0,30],"37":[30,0,0],"38":[6],"39":[2,2],"40":[6],"41":[0,3],"42":[3,0],"43":[3,0],"44":[3,0],"45":[3,0],"46":[5],"47":[0,5],"48":[5,0],"49":[19,0],"50":[4,0],"51":[1,18],"52":[20],"53":[14,6],"54":[6,0],"55":[0,1],"56":[1,1],"57":[0,1],"58":[1,0],"59":[1,0],"60":[1,0],"61":[1,2],"62":[1,0],"63":[0,1],"64":[1,0],"65":[0,1],"66":[1,0],"67":[19],"68":[19],"69":[19],"70":[2,17],"71":[19,2],"72":[19,17],"73":[19,0],"74":[5,0],"75":[19,0],"76":[5,14],"77":[1,4],"78":[1,3],"79":[1,4],"80":[1,0],"81":[1,3],"82":[4,4],"83":[1,0],"84":[4,4,4,3,3],"85":[2,14],"86":[0,3],"87":[1,2],"88":[0,3],"89":[1,2],"90":[3,3],"91":[1,0],"92":[0,0],"93":[1,0],"94":[4],"95":[4],"96":[1,3],"97":[1,2],"98":[3,2],"99":[0,2],"100":[2,0],"101":[1,1],"102":[4,0],"103":[1,3],"104":[12,6],"105":[0,0],"106":[0,0],"107":[0,0],"108":[2,1],"109":[2,1],"110":[1,31],"111":[1,2],"112":[3,2],"113":[1,1],"114":[4,4],"115":[3,0],"116":[3,0]},"meta":{"lastBranch":117,"lastFunction":59,"lastStatement":313,"seen":{"s:13:21:13:Infinity":0,"s:14:25:14:Infinity":1,"s:15:24:15:Infinity":2,"s:16:19:16:Infinity":3,"s:18:30:18:Infinity":4,"s:20:21:20:Infinity":5,"s:21:32:21:Infinity":6,"s:24:24:24:Infinity":7,"s:27:28:27:Infinity":8,"s:30:20:30:Infinity":9,"s:32:17:32:Infinity":10,"f:33:16:33:25":0,"b:33:42:33:46":0,"s:34:2:34:Infinity":11,"b:35:2:35:Infinity:undefined:undefined:undefined:undefined":1,"s:35:2:35:Infinity":12,"s:35:18:35:Infinity":13,"s:36:2:39:Infinity":14,"f:36:26:36:27":1,"s:37:4:37:Infinity":15,"s:38:4:38:Infinity":16,"s:42:28:47:Infinity":17,"f:42:38:42:39":2,"s:43:12:43:Infinity":18,"s:44:13:44:Infinity":19,"b:45:2:45:Infinity:undefined:undefined:undefined:undefined":2,"s:45:2:45:Infinity":20,"b:45:6:45:16:45:20:45:30":3,"s:45:32:45:Infinity":21,"s:46:2:46:Infinity":22,"b:46:9:46:58:46:62:46:Infinity":4,"f:46:23:46:24":3,"s:46:30:46:57":23,"f:49:16:49:25":4,"s:50:2:50:Infinity":24,"s:51:2:51:Infinity":25,"f:54:16:54:32":5,"s:55:2:55:Infinity":26,"b:55:24:55:32:55:36:55:Infinity":5,"s:58:27:58:Infinity":27,"f:60:9:60:29":6,"b:61:2:61:Infinity:undefined:undefined:undefined:undefined":6,"s:61:2:61:Infinity":28,"s:61:43:61:Infinity":29,"s:62:2:66:Infinity":30,"s:63:4:63:Infinity":31,"f:69:9:69:29":7,"b:70:2:70:Infinity:undefined:undefined:undefined:undefined":7,"s:70:2:70:Infinity":32,"s:70:43:70:Infinity":33,"s:71:2:80:Infinity":34,"s:72:16:72:Infinity":35,"b:73:4:73:Infinity:undefined:undefined:undefined:undefined":8,"s:73:4:73:Infinity":36,"s:73:14:73:Infinity":37,"s:74:17:74:Infinity":38,"b:75:4:75:Infinity:undefined:undefined:undefined:undefined":9,"s:75:4:75:Infinity":39,"b:75:8:75:19:75:23:75:43":10,"s:75:45:75:Infinity":40,"s:76:4:76:Infinity":41,"s:77:4:77:Infinity":42,"b:77:59:77:68:77:72:77:74":11,"s:79:4:79:Infinity":43,"s:83:0:83:Infinity":44,"f:85:16:85:37":8,"b:86:2:86:Infinity:undefined:undefined:undefined:undefined":12,"s:86:2:86:Infinity":45,"s:86:21:86:Infinity":46,"s:87:12:87:Infinity":47,"b:88:2:88:Infinity:undefined:undefined:undefined:undefined":13,"s:88:2:88:Infinity":48,"s:88:18:88:Infinity":49,"s:89:18:89:Infinity":50,"b:90:2:93:Infinity:undefined:undefined:undefined:undefined":14,"s:90:2:93:Infinity":51,"s:91:4:91:Infinity":52,"s:92:4:92:Infinity":53,"s:94:13:94:Infinity":54,"f:94:27:94:28":9,"s:94:34:94:66":55,"b:95:2:99:Infinity:undefined:undefined:undefined:undefined":15,"s:95:2:99:Infinity":56,"s:96:4:96:Infinity":57,"s:97:4:97:Infinity":58,"s:98:4:98:Infinity":59,"s:100:21:102:Infinity":60,"b:100:22:100:53:100:57:100:59":16,"f:101:4:101:5":10,"s:101:11:101:55":61,"b:103:2:107:Infinity:undefined:undefined:undefined:undefined":17,"s:103:2:107:Infinity":62,"s:104:4:104:Infinity":63,"s:105:4:105:Infinity":64,"s:106:4:106:Infinity":65,"s:108:2:108:Infinity":66,"s:109:2:109:Infinity":67,"f:112:16:112:25":11,"s:113:2:113:Infinity":68,"b:114:2:114:Infinity:undefined:undefined:undefined:undefined":18,"s:114:2:114:Infinity":69,"s:114:17:114:Infinity":70,"s:115:2:115:Infinity":71,"s:116:2:116:Infinity":72,"b:117:2:117:Infinity:undefined:undefined:undefined:undefined":19,"s:117:2:117:Infinity":73,"s:117:43:117:Infinity":74,"b:118:2:126:Infinity:120:9:126:Infinity":20,"s:118:2:126:Infinity":75,"s:119:4:119:Infinity":76,"s:121:4:125:Infinity":77,"s:129:29:129:Infinity":78,"s:132:30:132:Infinity":79,"f:134:9:134:31":12,"b:135:2:135:Infinity:undefined:undefined:undefined:undefined":21,"s:135:2:135:Infinity":80,"s:135:43:135:Infinity":81,"s:136:2:140:Infinity":82,"s:137:4:137:Infinity":83,"f:143:9:143:31":13,"b:144:2:144:Infinity:undefined:undefined:undefined:undefined":22,"s:144:2:144:Infinity":84,"s:144:43:144:Infinity":85,"s:145:2:154:Infinity":86,"s:146:16:146:Infinity":87,"b:147:4:147:Infinity:undefined:undefined:undefined:undefined":23,"s:147:4:147:Infinity":88,"s:147:14:147:Infinity":89,"s:148:17:148:Infinity":90,"b:149:4:149:Infinity:undefined:undefined:undefined:undefined":24,"s:149:4:149:Infinity":91,"b:149:8:149:19:149:23:149:43":25,"s:149:45:149:Infinity":92,"s:150:4:150:Infinity":93,"s:151:4:151:Infinity":94,"b:151:68:151:77:151:81:151:83":26,"s:153:4:153:Infinity":95,"s:157:0:157:Infinity":96,"f:159:16:159:39":14,"b:160:2:160:Infinity:undefined:undefined:undefined:undefined":27,"s:160:2:160:Infinity":97,"s:160:30:160:Infinity":98,"s:161:12:161:Infinity":99,"b:162:2:162:Infinity:undefined:undefined:undefined:undefined":28,"s:162:2:162:Infinity":100,"s:162:18:162:Infinity":101,"s:163:18:163:Infinity":102,"b:164:2:167:Infinity:undefined:undefined:undefined:undefined":29,"s:164:2:167:Infinity":103,"s:165:4:165:Infinity":104,"s:166:4:166:Infinity":105,"s:168:13:168:Infinity":106,"f:168:27:168:28":15,"s:168:34:168:66":107,"b:169:2:173:Infinity:undefined:undefined:undefined:undefined":30,"s:169:2:173:Infinity":108,"s:170:4:170:Infinity":109,"s:171:4:171:Infinity":110,"s:172:4:172:Infinity":111,"s:174:21:176:Infinity":112,"b:174:22:174:54:174:58:174:60":31,"f:175:4:175:5":16,"s:175:11:175:64":113,"b:177:2:180:Infinity:undefined:undefined:undefined:undefined":32,"s:177:2:180:Infinity":114,"s:178:4:178:Infinity":115,"s:179:4:179:Infinity":116,"s:181:2:181:Infinity":117,"s:182:2:186:Infinity":118,"f:189:16:189:34":17,"s:190:2:190:Infinity":119,"b:191:2:191:Infinity:undefined:undefined:undefined:undefined":33,"s:191:2:191:Infinity":120,"s:191:17:191:Infinity":121,"s:192:2:192:Infinity":122,"s:193:2:193:Infinity":123,"b:194:2:194:Infinity:undefined:undefined:undefined:undefined":34,"s:194:2:194:Infinity":124,"s:194:43:194:Infinity":125,"b:195:2:203:Infinity:197:9:203:Infinity":35,"s:195:2:203:Infinity":126,"s:196:4:196:Infinity":127,"s:198:4:202:Infinity":128,"f:206:16:206:26":18,"s:207:13:207:Infinity":129,"b:208:2:208:Infinity:undefined:undefined:undefined:undefined":36,"s:208:2:208:Infinity":130,"s:208:21:208:Infinity":131,"s:209:2:209:Infinity":132,"b:209:9:209:39:209:43:209:65:209:69:209:Infinity":37,"f:212:16:212:33":19,"b:212:61:212:65":38,"s:213:14:213:Infinity":133,"s:214:2:216:Infinity":134,"f:215:12:215:13":20,"s:215:19:215:69":135,"b:215:19:215:39:215:43:215:69":39,"f:216:12:216:13":21,"s:216:22:216:31":136,"f:219:16:219:34":22,"b:219:63:219:67":40,"s:220:14:220:Infinity":137,"s:221:14:221:Infinity":138,"s:222:2:229:Infinity":139,"b:223:4:223:Infinity:undefined:undefined:undefined:undefined":41,"s:223:4:223:Infinity":140,"b:223:8:223:21:223:25:223:51":42,"s:223:53:223:Infinity":141,"s:224:4:228:Infinity":142,"b:224:22:224:33:224:37:224:39":43,"b:225:6:227:Infinity:undefined:undefined:undefined:undefined":44,"s:225:6:227:Infinity":143,"s:226:8:226:Infinity":144,"b:226:37:226:52:226:56:226:57":45,"s:230:2:230:Infinity":145,"f:233:16:233:36":23,"b:233:65:233:69":46,"s:234:12:234:Infinity":146,"b:235:2:235:Infinity:undefined:undefined:undefined:undefined":47,"s:235:2:235:Infinity":147,"s:235:25:235:Infinity":148,"s:236:16:236:Infinity":149,"b:236:16:236:26:236:30:236:Infinity":48,"s:237:2:237:Infinity":150,"f:240:16:240:34":24,"s:241:15:244:Infinity":151,"b:241:16:241:25:241:29:241:31":49,"f:241:37:241:38":25,"s:241:45:244:3":152,"b:243:21:243:34:243:38:243:39":50,"s:245:2:245:Infinity":153,"f:245:12:245:13":26,"s:245:22:245:49":154,"s:246:2:246:Infinity":155,"f:249:16:249:33":27,"s:250:11:250:Infinity":156,"s:251:2:251:Infinity":157,"b:251:13:251:30:251:33:251:Infinity":51,"f:255:16:255:28":28,"b:255:56:255:60":52,"s:256:12:256:Infinity":158,"b:257:2:257:Infinity:undefined:undefined:undefined:undefined":53,"s:257:2:257:Infinity":159,"s:257:25:257:Infinity":160,"s:258:16:258:Infinity":161,"b:258:16:258:26:258:30:258:Infinity":54,"s:259:2:259:Infinity":162,"f:262:16:262:34":29,"s:263:12
[...]
,"/Users/christophosswald/kDrive-Privat/Software/order-platform/pi/frontend/src/utils/paymentTypes.js": {"path":"/Users/christophosswald/kDrive-Privat/Software/order-platform/pi/frontend/src/utils/paymentTypes.js","statementMap":{"0":{"start":{"line":1,"column":34},"end":{"line":1,"column":null}},"1":{"start":{"line":3,"column":35},"end":{"line":8,"column":null}},"2":{"start":{"line":11,"column":14},"end":{"line":11,"column":null}},"3":{"start":{"line":12,"column":2},"end":{"line":12,"column":null}},"4":{"start":{"line":17,"column":14},"end":{"line":17,"column":null}},"5":{"start":{"line":18,"column":2},"end":{"line":18,"column":null}},"6":{"start":{"line":18,"column":42},"end":{"line":18,"column":null}},"7":{"start":{"line":19,"column":14},"end":{"line":19,"column":null}},"8":{"start":{"line":20,"column":2},"end":{"line":22,"column":null}},"9":{"start":{"line":21,"column":4},"end":{"line":21,"column":null}},"10":{"start":{"line":21,"column":23},"end":{"line":21,"column":46}},"11":{"start":{"line":21,"column":61},"end":{"line":21,"column":null}},"12":{"start":{"line":23,"column":2},"end":{"line":23,"column":null}},"13":{"start":{"line":28,"column":14},"end":{"line":28,"column":null}},"14":{"start":{"line":29,"column":2},"end":{"line":29,"column":null}},"15":{"start":{"line":29,"column":59},"end":{"line":29,"column":null}},"16":{"start":{"line":30,"column":2},"end":{"line":30,"column":null}},"17":{"start":{"line":34,"column":2},"end":{"line":34,"column":null}},"18":{"start":{"line":38,"column":2},"end":{"line":44,"column":null}}},"fnMap":{"0":{"name":"paymentTypeLabel","decl":{"start":{"line":10,"column":16},"end":{"line":10,"column":32}},"loc":{"start":{"line":10,"column":39},"end":{"line":13,"column":null}},"line":10},"1":{"name":"eventPaymentTypes","decl":{"start":{"line":16,"column":16},"end":{"line":16,"column":33}},"loc":{"start":{"line":16,"column":41},"end":{"line":24,"column":null}},"line":16},"2":{"name":"(anonymous_2)","decl":{"start":{"line":21,"column":16},"end":{"line":21,"column":17}},"loc":{"start":{"line":21,"column":23},"end":{"line":21,"column":46}},"line":21},"3":{"name":"eventTwintQrDataUrl","decl":{"start":{"line":27,"column":16},"end":{"line":27,"column":35}},"loc":{"start":{"line":27,"column":43},"end":{"line":31,"column":null}},"line":27},"4":{"name":"buildPayment","decl":{"start":{"line":33,"column":16},"end":{"line":33,"column":28}},"loc":{"start":{"line":33,"column":48},"end":{"line":35,"column":null}},"line":33},"5":{"name":"buildStripeTerminalPayment","decl":{"start":{"line":37,"column":16},"end":{"line":37,"column":42}},"loc":{"start":{"line":37,"column":73},"end":{"line":45,"column":null}},"line":37}},"branchMap":{"0":{"loc":{"start":{"line":11,"column":21},"end":{"line":11,"column":31}},"type":"binary-expr","locations":[{"start":{"line":11,"column":21},"end":{"line":11,"column":25}},{"start":{"line":11,"column":29},"end":{"line":11,"column":31}}],"line":11},"1":{"loc":{"start":{"line":12,"column":9},"end":{"line":12,"column":null}},"type":"binary-expr","locations":[{"start":{"line":12,"column":9},"end":{"line":12,"column":33}},{"start":{"line":12,"column":37},"end":{"line":12,"column":40}},{"start":{"line":12,"column":44},"end":{"line":12,"column":null}}],"line":12},"2":{"loc":{"start":{"line":18,"column":2},"end":{"line":18,"column":null}},"type":"if","locations":[{"start":{"line":18,"column":2},"end":{"line":18,"column":null}},{"start":{},"end":{}}],"line":18},"3":{"loc":{"start":{"line":18,"column":6},"end":{"line":18,"column":40}},"type":"binary-expr","locations":[{"start":{"line":18,"column":6},"end":{"line":18,"column":25}},{"start":{"line":18,"column":29},"end":{"line":18,"column":40}}],"line":18},"4":{"loc":{"start":{"line":21,"column":4},"end":{"line":21,"column":null}},"type":"if","locations":[{"start":{"line":21,"column":4},"end":{"line":21,"column":null}},{"start":{},"end":{}}],"line":21},"5":{"loc":{"start":{"line":23,"column":9},"end":{"line":23,"column":null}},"type":"cond-expr","locations":[{"start":{"line":23,"column":22},"end":{"line":23,"column":25}},{"start":{"line":23,"column":28},"end":{"line":23,"column":null}}],"line":23},"6":{"loc":{"start":{"line":29,"column":2},"end":{"line":29,"column":null}},"type":"if","locations":[{"start":{"line":29,"column":2},"end":{"line":29,"column":null}},{"start":{},"end":{}}],"line":29},"7":{"loc":{"start":{"line":29,"column":6},"end":{"line":29,"column":57}},"type":"binary-expr","locations":[{"start":{"line":29,"column":6},"end":{"line":29,"column":29}},{"start":{"line":29,"column":33},"end":{"line":29,"column":57}}],"line":29},"8":{"loc":{"start":{"line":34,"column":44},"end":{"line":34,"column":68}},"type":"binary-expr","locations":[{"start":{"line":34,"column":44},"end":{"line":34,"column":63}},{"start":{"line":34,"column":67},"end":{"line":34,"column":68}}],"line":34},"9":{"loc":{"start":{"line":41,"column":32},"end":{"line":41,"column":56}},"type":"binary-expr","locations":[{"start":{"line":41,"column":32},"end":{"line":41,"column":51}},{"start":{"line":41,"column":55},"end":{"line":41,"column":56}}],"line":41},"10":{"loc":{"start":{"line":42,"column":39},"end":{"line":42,"column":60}},"type":"binary-expr","locations":[{"start":{"line":42,"column":39},"end":{"line":42,"column":54}},{"start":{"line":42,"column":58},"end":{"line":42,"column":60}}],"line":42}},"s":{"0":2,"1":2,"2":3,"3":3,"4":2,"5":2,"6":1,"7":1,"8":1,"9":4,"10":12,"11":3,"12":1,"13":2,"14":2,"15":1,"16":1,"17":3,"18":2},"f":{"0":3,"1":2,"2":12,"3":2,"4":3,"5":2},"b":{"0":[3,0],"1":[3,1,0],"2":[1,1],"3":[2,1],"4":[3,1],"5":[1,0],"6":[1,1],"7":[2,2],"8":[3,0],"9":[2,0],"10":[2,0]},"meta":{"lastBranch":11,"lastFunction":6,"lastStatement":19,"seen":{"s:1:34:1:Infinity":0,"s:3:35:8:Infinity":1,"f:10:16:10:32":0,"s:11:14:11:Infinity":2,"b:11:21:11:25:11:29:11:31":0,"s:12:2:12:Infinity":3,"b:12:9:12:33:12:37:12:40:12:44:12:Infinity":1,"f:16:16:16:33":1,"s:17:14:17:Infinity":4,"b:18:2:18:Infinity:undefined:undefined:undefined:undefined":2,"s:18:2:18:Infinity":5,"b:18:6:18:25:18:29:18:40":3,"s:18:42:18:Infinity":6,"s:19:14:19:Infinity":7,"s:20:2:22:Infinity":8,"b:21:4:21:Infinity:undefined:undefined:undefined:undefined":4,"s:21:4:21:Infinity":9,"f:21:16:21:17":2,"s:21:23:21:46":10,"s:21:61:21:Infinity":11,"s:23:2:23:Infinity":12,"b:23:22:23:25:23:28:23:Infinity":5,"f:27:16:27:35":3,"s:28:14:28:Infinity":13,"b:29:2:29:Infinity:undefined:undefined:undefined:undefined":6,"s:29:2:29:Infinity":14,"b:29:6:29:29:29:33:29:57":7,"s:29:59:29:Infinity":15,"s:30:2:30:Infinity":16,"f:33:16:33:28":4,"s:34:2:34:Infinity":17,"b:34:44:34:63:34:67:34:68":8,"f:37:16:37:42":5,"s:38:2:44:Infinity":18,"b:41:32:41:51:41:55:41:56":9,"b:42:39:42:54:42:58:42:60":10}}}
,"/Users/christophosswald/kDrive-Privat/Software/order-platform/pi/frontend/src/utils/resolvePayment.js": {"path":"/Users/christophosswald/kDrive-Privat/Software/order-platform/pi/frontend/src/utils/resolvePayment.js","statementMap":{"0":{"start":{"line":11,"column":34},"end":{"line":11,"column":null}},"1":{"start":{"line":14,"column":18},"end":{"line":14,"column":null}},"2":{"start":{"line":15,"column":2},"end":{"line":17,"column":null}},"3":{"start":{"line":16,"column":4},"end":{"line":16,"column":null}},"4":{"start":{"line":19,"column":22},"end":{"line":19,"column":null}},"5":{"start":{"line":20,"column":36},"end":{"line":20,"column":null}},"6":{"start":{"line":21,"column":14},"end":{"line":21,"column":null}},"7":{"start":{"line":22,"column":2},"end":{"line":24,"column":null}},"8":{"start":{"line":23,"column":4},"end":{"line":23,"column":null}},"9":{"start":{"line":26,"column":2},"end":{"line":26,"column":null}},"10":{"start":{"line":27,"column":2},"end":{"line":37,"column":null}},"11":{"start":{"line":28,"column":20},"end":{"line":33,"column":null}},"12":{"start":{"line":34,"column":4},"end":{"line":34,"column":null}},"13":{"start":{"line":36,"column":4},"end":{"line":36,"column":null}}},"fnMap":{"0":{"name":"resolvePaymentsForAmount","decl":{"start":{"line":13,"column":22},"end":{"line":13,"column":46}},"loc":{"start":{"line":13,"column":101},"end":{"line":38,"column":null}},"line":13}},"branchMap":{"0":{"loc":{"start":{"line":13,"column":67},"end":{"line":13,"column":87}},"type":"default-arg","locations":[{"start":{"line":13,"column":83},"end":{"line":13,"column":87}}],"line":13},"1":{"loc":{"start":{"line":13,"column":89},"end":{"line":13,"column":99}},"type":"default-arg","locations":[{"start":{"line":13,"column":97},"end":{"line":13,"column":99}}],"line":13},"2":{"loc":{"start":{"line":15,"column":2},"end":{"line":17,"column":null}},"type":"if","locations":[{"start":{"line":15,"column":2},"end":{"line":17,"column":null}},{"start":{},"end":{}}],"line":15},"3":{"loc":{"start":{"line":22,"column":2},"end":{"line":24,"column":null}},"type":"if","locations":[{"start":{"line":22,"column":2},"end":{"line":24,"column":null}},{"start":{},"end":{}}],"line":22}},"s":{"0":1,"1":4,"2":4,"3":1,"4":3,"5":3,"6":3,"7":3,"8":2,"9":1,"10":1,"11":1,"12":1,"13":1},"f":{"0":4},"b":{"0":[4],"1":[4],"2":[1,3],"3":[2,1]},"meta":{"lastBranch":4,"lastFunction":1,"lastStatement":14,"seen":{"s:11:34:11:Infinity":0,"f:13:22:13:46":0,"b:13:83:13:87":0,"b:13:97:13:99":1,"s:14:18:14:Infinity":1,"b:15:2:17:Infinity:undefined:undefined:undefined:undefined":2,"s:15:2:17:Infinity":2,"s:16:4:16:Infinity":3,"s:19:22:19:Infinity":4,"s:20:36:20:Infinity":5,"s:21:14:21:Infinity":6,"b:22:2:24:Infinity:undefined:undefined:undefined:undefined":3,"s:22:2:24:Infinity":7,"s:23:4:23:Infinity":8,"s:26:2:26:Infinity":9,"s:27:2:37:Infinity":10,"s:28:20:33:Infinity":11,"s:34:4:34:Infinity":12,"s:36:4:36:Infinity":13}}}
,"/Users/christophosswald/kDrive-Privat/Software/order-platform/pi/frontend/src/utils/splitPay.js": {"path":"/Users/christophosswald/kDrive-Privat/Software/order-platform/pi/frontend/src/utils/splitPay.js","statementMap":{"0":{"start":{"line":3,"column":14},"end":{"line":3,"column":null}},"1":{"start":{"line":4,"column":19},"end":{"line":4,"column":null}},"2":{"start":{"line":5,"column":20},"end":{"line":5,"column":null}},"3":{"start":{"line":6,"column":2},"end":{"line":8,"column":null}},"4":{"start":{"line":7,"column":4},"end":{"line":7,"column":null}},"5":{"start":{"line":9,"column":2},"end":{"line":9,"column":null}},"6":{"start":{"line":13,"column":2},"end":{"line":13,"column":null}},"7":{"start":{"line":13,"column":41},"end":{"line":13,"column":64}},"8":{"start":{"line":17,"column":2},"end":{"line":20,"column":null}},"9":{"start":{"line":18,"column":14},"end":{"line":18,"column":59}},"10":{"start":{"line":24,"column":2},"end":{"line":24,"column":null}}},"fnMap":{"0":{"name":"groupBasketCents","decl":{"start":{"line":2,"column":16},"end":{"line":2,"column":32}},"loc":{"start":{"line":2,"column":36},"end":{"line":10,"column":null}},"line":2},"1":{"name":"sumGroupBasketCents","decl":{"start":{"line":12,"column":16},"end":{"line":12,"column":35}},"loc":{"start":{"line":12,"column":44},"end":{"line":14,"column":null}},"line":12},"2":{"name":"(anonymous_2)","decl":{"start":{"line":13,"column":31},"end":{"line":13,"column":32}},"loc":{"start":{"line":13,"column":41},"end":{"line":13,"column":64}},"line":13},"3":{"name":"sumVoucherCreditCents","decl":{"start":{"line":16,"column":16},"end":{"line":16,"column":37}},"loc":{"start":{"line":16,"column":51},"end":{"line":21,"column":null}},"line":16},"4":{"name":"(anonymous_4)","decl":{"start":{"line":18,"column":4},"end":{"line":18,"column":5}},"loc":{"start":{"line":18,"column":14},"end":{"line":18,"column":59}},"line":18},"5":{"name":"basketCentsAfterVoucher","decl":{"start":{"line":23,"column":16},"end":{"line":23,"column":39}},"loc":{"start":{"line":23,"column":76},"end":{"line":25,"column":null}},"line":23}},"branchMap":{"0":{"loc":{"start":{"line":3,"column":26},"end":{"line":3,"column":50}},"type":"binary-expr","locations":[{"start":{"line":3,"column":26},"end":{"line":3,"column":45}},{"start":{"line":3,"column":49},"end":{"line":3,"column":50}}],"line":3},"1":{"loc":{"start":{"line":4,"column":31},"end":{"line":4,"column":54}},"type":"binary-expr","locations":[{"start":{"line":4,"column":31},"end":{"line":4,"column":49}},{"start":{"line":4,"column":53},"end":{"line":4,"column":54}}],"line":4},"2":{"loc":{"start":{"line":5,"column":32},"end":{"line":5,"column":61}},"type":"binary-expr","locations":[{"start":{"line":5,"column":32},"end":{"line":5,"column":56}},{"start":{"line":5,"column":60},"end":{"line":5,"column":61}}],"line":5},"3":{"loc":{"start":{"line":6,"column":2},"end":{"line":8,"column":null}},"type":"if","locations":[{"start":{"line":6,"column":2},"end":{"line":8,"column":null}},{"start":{},"end":{}}],"line":6},"4":{"loc":{"start":{"line":9,"column":21},"end":{"line":9,"column":45}},"type":"binary-expr","locations":[{"start":{"line":9,"column":21},"end":{"line":9,"column":40}},{"start":{"line":9,"column":44},"end":{"line":9,"column":45}}],"line":9},"5":{"loc":{"start":{"line":13,"column":10},"end":{"line":13,"column":22}},"type":"binary-expr","locations":[{"start":{"line":13,"column":10},"end":{"line":13,"column":16}},{"start":{"line":13,"column":20},"end":{"line":13,"column":22}}],"line":13},"6":{"loc":{"start":{"line":17,"column":10},"end":{"line":17,"column":27}},"type":"binary-expr","locations":[{"start":{"line":17,"column":10},"end":{"line":17,"column":21}},{"start":{"line":17,"column":25},"end":{"line":17,"column":27}}],"line":17},"7":{"loc":{"start":{"line":18,"column":30},"end":{"line":18,"column":58}},"type":"binary-expr","locations":[{"start":{"line":18,"column":30},"end":{"line":18,"column":53}},{"start":{"line":18,"column":57},"end":{"line":18,"column":58}}],"line":18}},"s":{"0":6,"1":6,"2":6,"3":6,"4":4,"5":2,"6":1,"7":2,"8":1,"9":3,"10":2},"f":{"0":6,"1":1,"2":2,"3":1,"4":3,"5":2},"b":{"0":[6,1],"1":[6,0],"2":[6,2],"3":[4,2],"4":[2,0],"5":[1,0],"6":[1,0],"7":[3,0]},"meta":{"lastBranch":8,"lastFunction":6,"lastStatement":11,"seen":{"f:2:16:2:32":0,"s:3:14:3:Infinity":0,"b:3:26:3:45:3:49:3:50":0,"s:4:19:4:Infinity":1,"b:4:31:4:49:4:53:4:54":1,"s:5:20:5:Infinity":2,"b:5:32:5:56:5:60:5:61":2,"b:6:2:8:Infinity:undefined:undefined:undefined:undefined":3,"s:6:2:8:Infinity":3,"s:7:4:7:Infinity":4,"s:9:2:9:Infinity":5,"b:9:21:9:40:9:44:9:45":4,"f:12:16:12:35":1,"s:13:2:13:Infinity":6,"b:13:10:13:16:13:20:13:22":5,"f:13:31:13:32":2,"s:13:41:13:64":7,"f:16:16:16:37":3,"s:17:2:20:Infinity":8,"b:17:10:17:21:17:25:17:27":6,"f:18:4:18:5":4,"s:18:14:18:59":9,"b:18:30:18:53:18:57:18:58":7,"f:23:16:23:39":5,"s:24:2:24:Infinity":10}}}
,"/Users/christophosswald/kDrive-Privat/Software/order-platform/pi/frontend/src/utils/stripeTerminalAvailability.js": {"path":"/Users/christophosswald/kDrive-Privat/Software/order-platform/pi/frontend/src/utils/stripeTerminalAvailability.js","statementMap":{"0":{"start":{"line":4,"column":17},"end":{"line":4,"column":null}},"1":{"start":{"line":5,"column":17},"end":{"line":5,"column":null}},"2":{"start":{"line":8,"column":2},"end":{"line":8,"column":null}},"3":{"start":{"line":12,"column":14},"end":{"line":12,"column":null}},"4":{"start":{"line":13,"column":2},"end":{"line":15,"column":null}},"5":{"start":{"line":14,"column":4},"end":{"line":14,"column":null}},"6":{"start":{"line":16,"column":2},"end":{"line":25,"column":null}},"7":{"start":{"line":17,"column":16},"end":{"line":17,"column":null}},"8":{"start":{"line":18,"column":4},"end":{"line":22,"column":null}},"9":{"start":{"line":24,"column":4},"end":{"line":24,"column":null}},"10":{"start":{"line":26,"column":2},"end":{"line":26,"column":null}},"11":{"start":{"line":30,"column":2},"end":{"line":30,"column":null}},"12":{"start":{"line":30,"column":21},"end":{"line":30,"column":null}},"13":{"start":{"line":31,"column":2},"end":{"line":31,"column":null}},"14":{"start":{"line":31,"column":19},"end":{"line":31,"column":null}},"15":{"start":{"line":32,"column":2},"end":{"line":32,"column":null}},"16":{"start":{"line":36,"column":23},"end":{"line":36,"column":null}},"17":{"start":{"line":37,"column":36},"end":{"line":37,"column":null}},"18":{"start":{"line":38,"column":15},"end":{"line":38,"column":null}},"19":{"start":{"line":39,"column":2},"end":{"line":43,"column":null}}},"fnMap":{"0":{"name":"isStripeTerminalAndroidReady","decl":{"start":{"line":7,"column":16},"end":{"line":7,"column":44}},"loc":{"start":{"line":7,"column":47},"end":{"line":9,"column":null}},"line":7},"1":{"name":"checkCloudReachable","decl":{"start":{"line":11,"column":22},"end":{"line":11,"column":41}},"loc":{"start":{"line":11,"column":57},"end":{"line":27,"column":null}},"line":11},"2":{"name":"stripeTerminalDisabledHint","decl":{"start":{"line":29,"column":16},"end":{"line":29,"column":42}},"loc":{"start":{"line":29,"column":69},"end":{"line":33,"column":null}},"line":29},"3":{"name":"stripeTerminalPickerEntry","decl":{"start":{"line":35,"column":22},"end":{"line":35,"column":47}},"loc":{"start":{"line":35,"column":50},"end":{"line":44,"column":null}},"line":35}},"branchMap":{"0":{"loc":{"start":{"line":8,"column":8},"end":{"line":8,"column":null}},"type":"binary-expr","locations":[{"start":{"line":8,"column":8},"end":{"line":8,"column":37}},{"start":{"line":8,"column":40},"end":{"line":8,"column":null}}],"line":8},"1":{"loc":{"start":{"line":11,"column":42},"end":{"line":11,"column":55}},"type":"default-arg","locations":[{"start":{"line":11,"column":50},"end":{"line":11,"column":55}}],"line":11},"2":{"loc":{"start":{"line":13,"column":2},"end":{"line":15,"column":null}},"type":"if","locations":[{"start":{"line":13,"column":2},"end":{"line":15,"column":null}},{"start":{},"end":{}}],"line":13},"3":{"loc":{"start":{"line":13,"column":6},"end":{"line":13,"column":46}},"type":"binary-expr","locations":[{"start":{"line":13,"column":6},"end":{"line":13,"column":12}},{"start":{"line":13,"column":16},"end":{"line":13,"column":46}}],"line":13},"4":{"loc":{"start":{"line":21,"column":14},"end":{"line":21,"column":33}},"type":"binary-expr","locations":[{"start":{"line":21,"column":14},"end":{"line":21,"column":25}},{"start":{"line":21,"column":29},"end":{"line":21,"column":33}}],"line":21},"5":{"loc":{"start":{"line":30,"column":2},"end":{"line":30,"column":null}},"type":"if","locations":[{"start":{"line":30,"column":2},"end":{"line":30,"column":null}},{"start":{},"end":{}}],"line":30},"6":{"loc":{"start":{"line":31,"column":2},"end":{"line":31,"column":null}},"type":"if","locations":[{"start":{"line":31,"column":2},"end":{"line":31,"column":null}},{"start":{},"end":{}}],"line":31},"7":{"loc":{"start":{"line":42,"column":10},"end":{"line":42,"column":27}},"type":"binary-expr","locations":[{"start":{"line":42,"column":10},"end":{"line":42,"column":14}},{"start":{"line":42,"column":18},"end":{"line":42,"column":27}}],"line":42}},"s":{"0":2,"1":2,"2":2,"3":6,"4":6,"5":1,"6":5,"7":5,"8":4,"9":1,"10":5,"11":7,"12":3,"13":4,"14":4,"15":2,"16":1,"17":1,"18":1,"19":1},"f":{"0":2,"1":6,"2":7,"3":1},"b":{"0":[2,1],"1":[6],"2":[1,5],"3":[6,3],"4":[6,3],"5":[3,4],"6":[2,2],"7":[1,0]},"meta":{"lastBranch":8,"lastFunction":4,"lastStatement":20,"seen":{"s:4:17:4:Infinity":0,"s:5:17:5:Infinity":1,"f:7:16:7:44":0,"s:8:2:8:Infinity":2,"b:8:8:8:37:8:40:8:Infinity":0,"f:11:22:11:41":1,"b:11:50:11:55":1,"s:12:14:12:Infinity":3,"b:13:2:15:Infinity:undefined:undefined:undefined:undefined":2,"s:13:2:15:Infinity":4,"b:13:6:13:12:13:16:13:46":3,"s:14:4:14:Infinity":5,"s:16:2:25:Infinity":6,"s:17:16:17:Infinity":7,"s:18:4:22:Infinity":8,"b:21:14:21:25:21:29:21:33":4,"s:24:4:24:Infinity":9,"s:26:2:26:Infinity":10,"f:29:16:29:42":2,"b:30:2:30:Infinity:undefined:undefined:undefined:undefined":5,"s:30:2:30:Infinity":11,"s:30:21:30:Infinity":12,"b:31:2:31:Infinity:undefined:undefined:undefined:undefined":6,"s:31:2:31:Infinity":13,"s:31:19:31:Infinity":14,"s:32:2:32:Infinity":15,"f:35:22:35:47":3,"s:36:23:36:Infinity":16,"s:37:36:37:Infinity":17,"s:38:15:38:Infinity":18,"s:39:2:43:Infinity":19,"b:42:10:42:14:42:18:42:27":7}}}
}
