<?xml version="1.0" encoding="UTF-8"?>
<coverage generated="1780603812468" clover="3.2.0">
  <project timestamp="1780603812468" name="All files">
    <metrics statements="63" coveredstatements="57" conditionals="103" coveredconditionals="88" methods="18" coveredmethods="17" elements="184" coveredelements="162" complexity="0" loc="63" ncloc="63" packages="1" files="2" classes="2"/>
    <file name="dashboardMetrics.js" path="/Users/christophosswald/kDrive-Privat/Software/order-platform/cloud/frontend/src/utils/dashboardMetrics.js">
      <metrics statements="39" coveredstatements="38" conditionals="64" coveredconditionals="55" methods="7" coveredmethods="7"/>
      <line num="2" count="1" type="stmt"/>
      <line num="10" count="3" type="cond" truecount="2" falsecount="0"/>
      <line num="11" count="3" type="cond" truecount="3" falsecount="0"/>
      <line num="15" count="1" type="stmt"/>
      <line num="16" count="1" type="cond" truecount="1" falsecount="1"/>
      <line num="17" count="4" type="cond" truecount="1" falsecount="1"/>
      <line num="18" count="4" type="cond" truecount="1" falsecount="1"/>
      <line num="20" count="1" type="stmt"/>
      <line num="24" count="2" type="stmt"/>
      <line num="25" count="2" type="cond" truecount="1" falsecount="1"/>
      <line num="26" count="6" type="cond" truecount="1" falsecount="1"/>
      <line num="27" count="6" type="cond" truecount="4" falsecount="0"/>
      <line num="28" count="4" type="cond" truecount="1" falsecount="1"/>
      <line num="29" count="6" type="cond" truecount="1" falsecount="1"/>
      <line num="30" count="6" type="cond" truecount="4" falsecount="0"/>
      <line num="38" count="2" type="stmt"/>
      <line num="39" count="2" type="stmt"/>
      <line num="41" count="2" type="cond" truecount="1" falsecount="1"/>
      <line num="42" count="2" type="cond" truecount="1" falsecount="1"/>
      <line num="43" count="2" type="cond" truecount="2" falsecount="0"/>
      <line num="45" count="2" type="cond" truecount="5" falsecount="0"/>
      <line num="46" count="1" type="stmt"/>
      <line num="54" count="2" type="cond" truecount="6" falsecount="0"/>
      <line num="55" count="1" type="stmt"/>
      <line num="64" count="2" type="stmt"/>
      <line num="68" count="2" type="cond" truecount="4" falsecount="0"/>
      <line num="69" count="1" type="stmt"/>
      <line num="70" count="1" type="stmt"/>
      <line num="71" count="1" type="stmt"/>
      <line num="72" count="1" type="stmt"/>
      <line num="73" count="1" type="stmt"/>
      <line num="75" count="0" type="stmt"/>
      <line num="80" count="2" type="cond" truecount="4" falsecount="0"/>
      <line num="81" count="2" type="cond" truecount="2" falsecount="0"/>
      <line num="82" count="2" type="stmt"/>
      <line num="83" count="2" type="cond" truecount="2" falsecount="0"/>
      <line num="84" count="2" type="cond" truecount="2" falsecount="0"/>
      <line num="85" count="2" type="cond" truecount="2" falsecount="0"/>
      <line num="86" count="2" type="cond" truecount="2" falsecount="0"/>
    </file>
    <file name="formRules.js" path="/Users/christophosswald/kDrive-Privat/Software/order-platform/cloud/frontend/src/utils/formRules.js">
      <metrics statements="24" coveredstatements="19" conditionals="39" coveredconditionals="33" methods="11" coveredmethods="10"/>
      <line num="1" count="2" type="stmt"/>
      <line num="4" count="7" type="cond" truecount="4" falsecount="0"/>
      <line num="5" count="6" type="cond" truecount="1" falsecount="1"/>
      <line num="6" count="0" type="cond" truecount="0" falsecount="2"/>
      <line num="7" count="0" type="stmt"/>
      <line num="10" count="2" type="stmt"/>
      <line num="11" count="4" type="cond" truecount="2" falsecount="0"/>
      <line num="14" count="2" type="cond" truecount="3" falsecount="0"/>
      <line num="17" count="3" type="cond" truecount="3" falsecount="0"/>
      <line num="20" count="3" type="cond" truecount="5" falsecount="0"/>
      <line num="21" count="2" type="stmt"/>
      <line num="22" count="2" type="cond" truecount="2" falsecount="0"/>
      <line num="25" count="1" type="stmt"/>
      <line num="26" count="2" type="cond" truecount="4" falsecount="1"/>
      <line num="27" count="2" type="stmt"/>
      <line num="28" count="2" type="cond" truecount="3" falsecount="0"/>
      <line num="32" count="3" type="cond" truecount="2" falsecount="0"/>
      <line num="33" count="2" type="stmt"/>
      <line num="34" count="2" type="cond" truecount="2" falsecount="0"/>
      <line num="37" count="1" type="stmt"/>
      <line num="38" count="2" type="cond" truecount="2" falsecount="0"/>
      <line num="43" count="0" type="cond" truecount="0" falsecount="2"/>
      <line num="44" count="0" type="stmt"/>
      <line num="45" count="0" type="stmt"/>
    </file>
  </project>
</coverage>
