<?xml version="1.0" encoding="UTF-8"?>
<coverage generated="1780602654375" clover="3.2.0">
  <project timestamp="1780602654375" name="All files">
    <metrics statements="114" coveredstatements="89" conditionals="59" coveredconditionals="49" methods="15" coveredmethods="12" elements="188" coveredelements="150" complexity="0" loc="114" ncloc="114" packages="1" files="2" classes="2"/>
    <file name="dashboardMetrics.js" path="/Users/christophosswald/kDrive-Privat/Software/order-platform/cloud/frontend/src/utils/dashboardMetrics.js">
      <metrics statements="77" coveredstatements="59" conditionals="32" coveredconditionals="24" methods="6" coveredmethods="4"/>
      <line num="1" count="1" type="stmt"/>
      <line num="2" count="1" type="stmt"/>
      <line num="3" count="1" type="stmt"/>
      <line num="4" count="1" type="stmt"/>
      <line num="5" count="1" type="stmt"/>
      <line num="6" count="1" type="stmt"/>
      <line num="7" count="1" type="stmt"/>
      <line num="9" count="1" type="cond" truecount="1" falsecount="0"/>
      <line num="10" count="3" type="cond" truecount="1" falsecount="0"/>
      <line num="11" count="3" type="cond" truecount="2" falsecount="0"/>
      <line num="12" count="3" type="stmt"/>
      <line num="14" count="1" type="cond" truecount="1" falsecount="0"/>
      <line num="15" count="1" type="stmt"/>
      <line num="16" count="1" type="cond" truecount="1" falsecount="1"/>
      <line num="17" count="4" type="cond" truecount="0" falsecount="1"/>
      <line num="18" count="4" type="stmt"/>
      <line num="19" count="4" type="stmt"/>
      <line num="20" count="1" type="stmt"/>
      <line num="21" count="1" type="stmt"/>
      <line num="23" count="1" type="cond" truecount="1" falsecount="0"/>
      <line num="24" count="2" type="stmt"/>
      <line num="25" count="2" type="cond" truecount="1" falsecount="1"/>
      <line num="26" count="6" type="cond" truecount="0" falsecount="1"/>
      <line num="27" count="6" type="cond" truecount="3" falsecount="0"/>
      <line num="28" count="6" type="cond" truecount="0" falsecount="1"/>
      <line num="29" count="6" type="cond" truecount="1" falsecount="1"/>
      <line num="30" count="6" type="cond" truecount="3" falsecount="0"/>
      <line num="31" count="2" type="stmt"/>
      <line num="32" count="2" type="stmt"/>
      <line num="34" count="1" type="stmt"/>
      <line num="35" count="1" type="stmt"/>
      <line num="36" count="1" type="stmt"/>
      <line num="37" count="1" type="cond" truecount="1" falsecount="0"/>
      <line num="38" count="2" type="stmt"/>
      <line num="39" count="2" type="stmt"/>
      <line num="41" count="2" type="cond" truecount="0" falsecount="1"/>
      <line num="42" count="2" type="cond" truecount="0" falsecount="1"/>
      <line num="43" count="2" type="cond" truecount="2" falsecount="0"/>
      <line num="45" count="2" type="cond" truecount="3" falsecount="0"/>
      <line num="46" count="1" type="stmt"/>
      <line num="47" count="1" type="stmt"/>
      <line num="48" count="1" type="stmt"/>
      <line num="49" count="1" type="stmt"/>
      <line num="50" count="1" type="stmt"/>
      <line num="51" count="1" type="stmt"/>
      <line num="52" count="1" type="stmt"/>
      <line num="54" count="2" type="cond" truecount="3" falsecount="0"/>
      <line num="55" count="1" type="stmt"/>
      <line num="56" count="1" type="stmt"/>
      <line num="57" count="1" type="stmt"/>
      <line num="58" count="1" type="stmt"/>
      <line num="59" count="1" type="stmt"/>
      <line num="60" count="1" type="stmt"/>
      <line num="61" count="1" type="stmt"/>
      <line num="62" count="2" type="stmt"/>
      <line num="64" count="2" type="stmt"/>
      <line num="65" count="2" type="stmt"/>
      <line num="67" count="1" type="stmt"/>
      <line num="68" count="0" type="stmt"/>
      <line num="69" count="0" type="stmt"/>
      <line num="70" count="0" type="stmt"/>
      <line num="71" count="0" type="stmt"/>
      <line num="72" count="0" type="stmt"/>
      <line num="73" count="0" type="stmt"/>
      <line num="74" count="0" type="stmt"/>
      <line num="75" count="0" type="stmt"/>
      <line num="76" count="0" type="stmt"/>
      <line num="77" count="0" type="stmt"/>
      <line num="79" count="1" type="stmt"/>
      <line num="80" count="0" type="stmt"/>
      <line num="81" count="0" type="stmt"/>
      <line num="82" count="0" type="stmt"/>
      <line num="83" count="0" type="stmt"/>
      <line num="84" count="0" type="stmt"/>
      <line num="85" count="0" type="stmt"/>
      <line num="86" count="0" type="stmt"/>
      <line num="87" count="0" type="stmt"/>
    </file>
    <file name="formRules.js" path="/Users/christophosswald/kDrive-Privat/Software/order-platform/cloud/frontend/src/utils/formRules.js">
      <metrics statements="37" coveredstatements="30" conditionals="27" coveredconditionals="25" methods="9" coveredmethods="8"/>
      <line num="1" count="1" type="stmt"/>
      <line num="3" count="7" type="cond" truecount="1" falsecount="0"/>
      <line num="4" count="7" type="cond" truecount="3" falsecount="0"/>
      <line num="5" count="6" type="cond" truecount="0" falsecount="1"/>
      <line num="6" count="0" type="stmt"/>
      <line num="7" count="0" type="stmt"/>
      <line num="8" count="0" type="stmt"/>
      <line num="10" count="1" type="stmt"/>
      <line num="11" count="1" type="cond" truecount="2" falsecount="0"/>
      <line num="13" count="1" type="cond" truecount="1" falsecount="0"/>
      <line num="14" count="1" type="cond" truecount="1" falsecount="0"/>
      <line num="16" count="1" type="cond" truecount="1" falsecount="0"/>
      <line num="17" count="1" type="cond" truecount="2" falsecount="0"/>
      <line num="19" count="1" type="cond" truecount="1" falsecount="0"/>
      <line num="20" count="3" type="cond" truecount="2" falsecount="0"/>
      <line num="21" count="2" type="stmt"/>
      <line num="22" count="3" type="cond" truecount="1" falsecount="0"/>
      <line num="23" count="1" type="stmt"/>
      <line num="25" count="1" type="cond" truecount="2" falsecount="0"/>
      <line num="26" count="2" type="cond" truecount="0" falsecount="1"/>
      <line num="27" count="2" type="stmt"/>
      <line num="28" count="2" type="cond" truecount="1" falsecount="0"/>
      <line num="29" count="1" type="stmt"/>
      <line num="31" count="1" type="cond" truecount="1" falsecount="0"/>
      <line num="32" count="3" type="cond" truecount="2" falsecount="0"/>
      <line num="33" count="2" type="stmt"/>
      <line num="34" count="3" type="cond" truecount="1" falsecount="0"/>
      <line num="35" count="1" type="stmt"/>
      <line num="37" count="1" type="cond" truecount="2" falsecount="0"/>
      <line num="38" count="1" type="cond" truecount="1" falsecount="0"/>
      <line num="39" count="1" type="stmt"/>
      <line num="41" count="1" type="stmt"/>
      <line num="42" count="1" type="stmt"/>
      <line num="43" count="0" type="stmt"/>
      <line num="44" count="0" type="stmt"/>
      <line num="45" count="0" type="stmt"/>
      <line num="46" count="0" type="stmt"/>
    </file>
  </project>
</coverage>
