{"/Users/christophosswald/kDrive-Privat/Software/order-platform/cloud/frontend/src/utils/dashboardMetrics.js": {"path":"/Users/christophosswald/kDrive-Privat/Software/order-platform/cloud/frontend/src/utils/dashboardMetrics.js","all":false,"statementMap":{"0":{"start":{"line":1,"column":0},"end":{"line":1,"column":76}},"1":{"start":{"line":2,"column":0},"end":{"line":2,"column":36}},"2":{"start":{"line":3,"column":0},"end":{"line":3,"column":26}},"3":{"start":{"line":4,"column":0},"end":{"line":4,"column":22}},"4":{"start":{"line":5,"column":0},"end":{"line":5,"column":27}},"5":{"start":{"line":6,"column":0},"end":{"line":6,"column":24}},"6":{"start":{"line":7,"column":0},"end":{"line":7,"column":1}},"8":{"start":{"line":9,"column":0},"end":{"line":9,"column":37}},"9":{"start":{"line":10,"column":0},"end":{"line":10,"column":48}},"10":{"start":{"line":11,"column":0},"end":{"line":11,"column":50}},"11":{"start":{"line":12,"column":0},"end":{"line":12,"column":1}},"13":{"start":{"line":14,"column":0},"end":{"line":14,"column":40}},"14":{"start":{"line":15,"column":0},"end":{"line":15,"column":60}},"15":{"start":{"line":16,"column":0},"end":{"line":16,"column":37}},"16":{"start":{"line":17,"column":0},"end":{"line":17,"column":62}},"17":{"start":{"line":18,"column":0},"end":{"line":18,"column":39}},"18":{"start":{"line":19,"column":0},"end":{"line":19,"column":3}},"19":{"start":{"line":20,"column":0},"end":{"line":20,"column":15}},"20":{"start":{"line":21,"column":0},"end":{"line":21,"column":1}},"22":{"start":{"line":23,"column":0},"end":{"line":23,"column":57}},"23":{"start":{"line":24,"column":0},"end":{"line":24,"column":25}},"24":{"start":{"line":25,"column":0},"end":{"line":25,"column":43}},"25":{"start":{"line":26,"column":0},"end":{"line":26,"column":59}},"26":{"start":{"line":27,"column":0},"end":{"line":27,"column":60}},"27":{"start":{"line":28,"column":0},"end":{"line":28,"column":69}},"28":{"start":{"line":29,"column":0},"end":{"line":29,"column":63}},"29":{"start":{"line":30,"column":0},"end":{"line":30,"column":79}},"30":{"start":{"line":31,"column":0},"end":{"line":31,"column":4}},"31":{"start":{"line":32,"column":0},"end":{"line":32,"column":1}},"33":{"start":{"line":34,"column":0},"end":{"line":34,"column":3}},"34":{"start":{"line":35,"column":0},"end":{"line":35,"column":77}},"35":{"start":{"line":36,"column":0},"end":{"line":36,"column":3}},"36":{"start":{"line":37,"column":0},"end":{"line":37,"column":58}},"37":{"start":{"line":38,"column":0},"end":{"line":38,"column":57}},"38":{"start":{"line":39,"column":0},"end":{"line":39,"column":18}},"40":{"start":{"line":41,"column":0},"end":{"line":41,"column":37}},"41":{"start":{"line":42,"column":0},"end":{"line":42,"column":59}},"42":{"start":{"line":43,"column":0},"end":{"line":43,"column":70}},"44":{"start":{"line":45,"column":0},"end":{"line":45,"column":67}},"45":{"start":{"line":46,"column":0},"end":{"line":46,"column":18}},"46":{"start":{"line":47,"column":0},"end":{"line":47,"column":37}},"47":{"start":{"line":48,"column":0},"end":{"line":48,"column":27}},"48":{"start":{"line":49,"column":0},"end":{"line":49,"column":31}},"49":{"start":{"line":50,"column":0},"end":{"line":50,"column":79}},"50":{"start":{"line":51,"column":0},"end":{"line":51,"column":8}},"51":{"start":{"line":52,"column":0},"end":{"line":52,"column":5}},"53":{"start":{"line":54,"column":0},"end":{"line":54,"column":116}},"54":{"start":{"line":55,"column":0},"end":{"line":55,"column":18}},"55":{"start":{"line":56,"column":0},"end":{"line":56,"column":33}},"56":{"start":{"line":57,"column":0},"end":{"line":57,"column":27}},"57":{"start":{"line":58,"column":0},"end":{"line":58,"column":31}},"58":{"start":{"line":59,"column":0},"end":{"line":59,"column":79}},"59":{"start":{"line":60,"column":0},"end":{"line":60,"column":8}},"60":{"start":{"line":61,"column":0},"end":{"line":61,"column":5}},"61":{"start":{"line":62,"column":0},"end":{"line":62,"column":3}},"63":{"start":{"line":64,"column":0},"end":{"line":64,"column":14}},"64":{"start":{"line":65,"column":0},"end":{"line":65,"column":1}},"66":{"start":{"line":67,"column":0},"end":{"line":67,"column":56}},"67":{"start":{"line":68,"column":0},"end":{"line":68,"column":38}},"68":{"start":{"line":69,"column":0},"end":{"line":69,"column":7}},"69":{"start":{"line":70,"column":0},"end":{"line":70,"column":59}},"70":{"start":{"line":71,"column":0},"end":{"line":71,"column":66}},"71":{"start":{"line":72,"column":0},"end":{"line":72,"column":62}},"72":{"start":{"line":73,"column":0},"end":{"line":73,"column":30}},"73":{"start":{"line":74,"column":0},"end":{"line":74,"column":11}},"74":{"start":{"line":75,"column":0},"end":{"line":75,"column":14}},"75":{"start":{"line":76,"column":0},"end":{"line":76,"column":3}},"76":{"start":{"line":77,"column":0},"end":{"line":77,"column":1}},"78":{"start":{"line":79,"column":0},"end":{"line":79,"column":62}},"79":{"start":{"line":80,"column":0},"end":{"line":80,"column":70}},"80":{"start":{"line":81,"column":0},"end":{"line":81,"column":42}},"81":{"start":{"line":82,"column":0},"end":{"line":82,"column":18}},"82":{"start":{"line":83,"column":0},"end":{"line":83,"column":65}},"83":{"start":{"line":84,"column":0},"end":{"line":84,"column":47}},"84":{"start":{"line":85,"column":0},"end":{"line":85,"column":58}},"85":{"start":{"line":86,"column":0},"end":{"line":86,"column":67}},"86":{"start":{"line":87,"column":0},"end":{"line":87,"column":1}}},"s":{"0":1,"1":1,"2":1,"3":1,"4":1,"5":1,"6":1,"8":1,"9":3,"10":3,"11":3,"13":1,"14":1,"15":1,"16":4,"17":4,"18":4,"19":1,"20":1,"22":1,"23":2,"24":2,"25":6,"26":6,"27":6,"28":6,"29":6,"30":2,"31":2,"33":1,"34":1,"35":1,"36":1,"37":2,"38":2,"40":2,"41":2,"42":2,"44":2,"45":1,"46":1,"47":1,"48":1,"49":1,"50":1,"51":1,"53":2,"54":1,"55":1,"56":1,"57":1,"58":1,"59":1,"60":1,"61":2,"63":2,"64":2,"66":1,"67":0,"68":0,"69":0,"70":0,"71":0,"72":0,"73":0,"74":0,"75":0,"76":0,"78":1,"79":0,"80":0,"81":0,"82":0,"83":0,"84":0,"85":0,"86":0},"branchMap":{"0":{"type":"branch","line":9,"loc":{"start":{"line":9,"column":7},"end":{"line":12,"column":1}},"locations":[{"start":{"line":9,"column":7},"end":{"line":12,"column":1}}]},"1":{"type":"branch","line":10,"loc":{"start":{"line":10,"column":28},"end":{"line":10,"column":33}},"locations":[{"start":{"line":10,"column":28},"end":{"line":10,"column":33}}]},"2":{"type":"branch","line":11,"loc":{"start":{"line":11,"column":34},"end":{"line":11,"column":43}},"locations":[{"start":{"line":11,"column":34},"end":{"line":11,"column":43}}]},"3":{"type":"branch","line":11,"loc":{"start":{"line":11,"column":44},"end":{"line":11,"column":50}},"locations":[{"start":{"line":11,"column":44},"end":{"line":11,"column":50}}]},"4":{"type":"branch","line":14,"loc":{"start":{"line":14,"column":7},"end":{"line":21,"column":1}},"locations":[{"start":{"line":14,"column":7},"end":{"line":21,"column":1}}]},"5":{"type":"branch","line":16,"loc":{"start":{"line":16,"column":29},"end":{"line":16,"column":34}},"locations":[{"start":{"line":16,"column":29},"end":{"line":16,"column":34}}]},"6":{"type":"branch","line":16,"loc":{"start":{"line":16,"column":36},"end":{"line":19,"column":3}},"locations":[{"start":{"line":16,"column":36},"end":{"line":19,"column":3}}]},"7":{"type":"branch","line":17,"loc":{"start":{"line":17,"column":36},"end":{"line":17,"column":47}},"locations":[{"start":{"line":17,"column":36},"end":{"line":17,"column":47}}]},"8":{"type":"branch","line":23,"loc":{"start":{"line":23,"column":7},"end":{"line":32,"column":1}},"locations":[{"start":{"line":23,"column":7},"end":{"line":32,"column":1}}]},"9":{"type":"branch","line":25,"loc":{"start":{"line":25,"column":17},"end":{"line":25,"column":22}},"locations":[{"start":{"line":25,"column":17},"end":{"line":25,"column":22}}]},"10":{"type":"branch","line":25,"loc":{"start":{"line":25,"column":31},"end":{"line":31,"column":3}},"locations":[{"start":{"line":25,"column":31},"end":{"line":31,"column":3}}]},"11":{"type":"branch","line":26,"loc":{"start":{"line":26,"column":39},"end":{"line":26,"column":44}},"locations":[{"start":{"line":26,"column":39},"end":{"line":26,"column":44}}]},"12":{"type":"branch","line":27,"loc":{"start":{"line":27,"column":26},"end":{"line":27,"column":46}},"locations":[{"start":{"line":27,"column":26},"end":{"line":27,"column":46}}]},"13":{"type":"branch","line":27,"loc":{"start":{"line":27,"column":48},"end":{"line":27,"column":60}},"locations":[{"start":{"line":27,"column":48},"end":{"line":27,"column":60}}]},"14":{"type":"branch","line":27,"loc":{"start":{"line":27,"column":55},"end":{"line":28,"column":63}},"locations":[{"start":{"line":27,"column":55},"end":{"line":28,"column":63}}]},"15":{"type":"branch","line":28,"loc":{"start":{"line":28,"column":64},"end":{"line":28,"column":69}},"locations":[{"start":{"line":28,"column":64},"end":{"line":28,"column":69}}]},"16":{"type":"branch","line":29,"loc":{"start":{"line":29,"column":26},"end":{"line":29,"column":57}},"locations":[{"start":{"line":29,"column":26},"end":{"line":29,"column":57}}]},"17":{"type":"branch","line":29,"loc":{"start":{"line":29,"column":58},"end":{"line":29,"column":63}},"locations":[{"start":{"line":29,"column":58},"end":{"line":29,"column":63}}]},"18":{"type":"branch","line":30,"loc":{"start":{"line":30,"column":32},"end":{"line":30,"column":53}},"locations":[{"start":{"line":30,"column":32},"end":{"line":30,"column":53}}]},"19":{"type":"branch","line":30,"loc":{"start":{"line":30,"column":54},"end":{"line":30,"column":67}},"locations":[{"start":{"line":30,"column":54},"end":{"line":30,"column":67}}]},"20":{"type":"branch","line":30,"loc":{"start":{"line":30,"column":68},"end":{"line":30,"column":79}},"locations":[{"start":{"line":30,"column":68},"end":{"line":30,"column":79}}]},"21":{"type":"branch","line":37,"loc":{"start":{"line":37,"column":7},"end":{"line":65,"column":1}},"locations":[{"start":{"line":37,"column":7},"end":{"line":65,"column":1}}]},"22":{"type":"branch","line":41,"loc":{"start":{"line":41,"column":29},"end":{"line":41,"column":34}},"locations":[{"start":{"line":41,"column":29},"end":{"line":41,"column":34}}]},"23":{"type":"branch","line":42,"loc":{"start":{"line":42,"column":39},"end":{"line":42,"column":44}},"locations":[{"start":{"line":42,"column":39},"end":{"line":42,"column":44}}]},"24":{"type":"branch","line":43,"loc":{"start":{"line":43,"column":30},"end":{"line":43,"column":63}},"locations":[{"start":{"line":43,"column":30},"end":{"line":43,"column":63}}]},"25":{"type":"branch","line":43,"loc":{"start":{"line":43,"column":64},"end":{"line":43,"column":70}},"locations":[{"start":{"line":43,"column":64},"end":{"line":43,"column":70}}]},"26":{"type":"branch","line":45,"loc":{"start":{"line":45,"column":28},"end":{"line":45,"column":44}},"locations":[{"start":{"line":45,"column":28},"end":{"line":45,"column":44}}]},"27":{"type":"branch","line":45,"loc":{"start":{"line":45,"column":45},"end":{"line":45,"column":64}},"locations":[{"start":{"line":45,"column":45},"end":{"line":45,"column":64}}]},"28":{"type":"branch","line":45,"loc":{"start":{"line":45,"column":66},"end":{"line":52,"column":5}},"locations":[{"start":{"line":45,"column":66},"end":{"line":52,"column":5}}]},"29":{"type":"branch","line":54,"loc":{"start":{"line":54,"column":49},"end":{"line":54,"column":90}},"locations":[{"start":{"line":54,"column":49},"end":{"line":54,"column":90}}]},"30":{"type":"branch","line":54,"loc":{"start":{"line":54,"column":91},"end":{"line":54,"column":113}},"locations":[{"start":{"line":54,"column":91},"end":{"line":54,"column":113}}]},"31":{"type":"branch","line":54,"loc":{"start":{"line":54,"column":115},"end":{"line":61,"column":5}},"locations":[{"start":{"line":54,"column":115},"end":{"line":61,"column":5}}]}},"b":{"0":[3],"1":[1],"2":[2],"3":[1],"4":[1],"5":[0],"6":[4],"7":[0],"8":[2],"9":[0],"10":[6],"11":[0],"12":[4],"13":[2],"14":[4],"15":[0],"16":[4],"17":[0],"18":[4],"19":[4],"20":[2],"21":[2],"22":[0],"23":[0],"24":[1],"25":[1],"26":[1],"27":[1],"28":[1],"29":[1],"30":[1],"31":[1]},"fnMap":{"0":{"name":"statusLabel","decl":{"start":{"line":9,"column":7},"end":{"line":12,"column":1}},"loc":{"start":{"line":9,"column":7},"end":{"line":12,"column":1}},"line":9},"1":{"name":"eventsByStatus","decl":{"start":{"line":14,"column":7},"end":{"line":21,"column":1}},"loc":{"start":{"line":14,"column":7},"end":{"line":21,"column":1}},"line":14},"2":{"name":"runningEvents","decl":{"start":{"line":23,"column":7},"end":{"line":32,"column":1}},"loc":{"start":{"line":23,"column":7},"end":{"line":32,"column":1}},"line":23},"3":{"name":"attentionItems","decl":{"start":{"line":37,"column":7},"end":{"line":65,"column":1}},"loc":{"start":{"line":37,"column":7},"end":{"line":65,"column":1}},"line":37},"4":{"name":"formatEventDateRange","decl":{"start":{"line":67,"column":7},"end":{"line":77,"column":1}},"loc":{"start":{"line":67,"column":7},"end":{"line":77,"column":1}},"line":67},"5":{"name":"eventsStatDetail","decl":{"start":{"line":79,"column":7},"end":{"line":87,"column":1}},"loc":{"start":{"line":79,"column":7},"end":{"line":87,"column":1}},"line":79}},"f":{"0":3,"1":1,"2":2,"3":2,"4":0,"5":0}}
,"/Users/christophosswald/kDrive-Privat/Software/order-platform/cloud/frontend/src/utils/formRules.js": {"path":"/Users/christophosswald/kDrive-Privat/Software/order-platform/cloud/frontend/src/utils/formRules.js","all":false,"statementMap":{"0":{"start":{"line":1,"column":0},"end":{"line":1,"column":25}},"2":{"start":{"line":3,"column":0},"end":{"line":3,"column":25}},"3":{"start":{"line":4,"column":0},"end":{"line":4,"column":56}},"4":{"start":{"line":5,"column":0},"end":{"line":5,"column":59}},"5":{"start":{"line":6,"column":0},"end":{"line":6,"column":53}},"6":{"start":{"line":7,"column":0},"end":{"line":7,"column":14}},"7":{"start":{"line":8,"column":0},"end":{"line":8,"column":1}},"9":{"start":{"line":10,"column":0},"end":{"line":10,"column":22}},"10":{"start":{"line":11,"column":0},"end":{"line":11,"column":46}},"12":{"start":{"line":13,"column":0},"end":{"line":13,"column":27}},"13":{"start":{"line":14,"column":0},"end":{"line":14,"column":54}},"15":{"start":{"line":16,"column":0},"end":{"line":16,"column":26}},"16":{"start":{"line":17,"column":0},"end":{"line":17,"column":69}},"18":{"start":{"line":19,"column":0},"end":{"line":19,"column":30}},"19":{"start":{"line":20,"column":0},"end":{"line":20,"column":73}},"20":{"start":{"line":21,"column":0},"end":{"line":21,"column":27}},"21":{"start":{"line":22,"column":0},"end":{"line":22,"column":36}},"22":{"start":{"line":23,"column":0},"end":{"line":23,"column":4}},"24":{"start":{"line":25,"column":0},"end":{"line":25,"column":34}},"25":{"start":{"line":26,"column":0},"end":{"line":26,"column":73}},"26":{"start":{"line":27,"column":0},"end":{"line":27,"column":27}},"27":{"start":{"line":28,"column":0},"end":{"line":28,"column":48}},"28":{"start":{"line":29,"column":0},"end":{"line":29,"column":4}},"30":{"start":{"line":31,"column":0},"end":{"line":31,"column":21}},"31":{"start":{"line":32,"column":0},"end":{"line":32,"column":34}},"32":{"start":{"line":33,"column":0},"end":{"line":33,"column":34}},"33":{"start":{"line":34,"column":0},"end":{"line":34,"column":77}},"34":{"start":{"line":35,"column":0},"end":{"line":35,"column":4}},"36":{"start":{"line":37,"column":0},"end":{"line":37,"column":38}},"37":{"start":{"line":38,"column":0},"end":{"line":38,"column":58}},"38":{"start":{"line":39,"column":0},"end":{"line":39,"column":1}},"40":{"start":{"line":41,"column":0},"end":{"line":41,"column":54}},"41":{"start":{"line":42,"column":0},"end":{"line":42,"column":45}},"42":{"start":{"line":43,"column":0},"end":{"line":43,"column":34}},"43":{"start":{"line":44,"column":0},"end":{"line":44,"column":47}},"44":{"start":{"line":45,"column":0},"end":{"line":45,"column":21}},"45":{"start":{"line":46,"column":0},"end":{"line":46,"column":1}}},"s":{"0":1,"2":7,"3":7,"4":6,"5":0,"6":0,"7":0,"9":1,"10":1,"12":1,"13":1,"15":1,"16":1,"18":1,"19":3,"20":2,"21":3,"22":1,"24":1,"25":2,"26":2,"27":2,"28":1,"30":1,"31":3,"32":2,"33":3,"34":1,"36":1,"37":1,"38":1,"40":1,"41":1,"42":0,"43":0,"44":0,"45":0},"branchMap":{"0":{"type":"branch","line":3,"loc":{"start":{"line":3,"column":0},"end":{"line":8,"column":1}},"locations":[{"start":{"line":3,"column":0},"end":{"line":8,"column":1}}]},"1":{"type":"branch","line":4,"loc":{"start":{"line":4,"column":21},"end":{"line":4,"column":43}},"locations":[{"start":{"line":4,"column":21},"end":{"line":4,"column":43}}]},"2":{"type":"branch","line":4,"loc":{"start":{"line":4,"column":45},"end":{"line":4,"column":56}},"locations":[{"start":{"line":4,"column":45},"end":{"line":4,"column":56}}]},"3":{"type":"branch","line":4,"loc":{"start":{"line":4,"column":52},"end":{"line":5,"column":59}},"locations":[{"start":{"line":4,"column":52},"end":{"line":5,"column":59}}]},"4":{"type":"branch","line":5,"loc":{"start":{"line":5,"column":58},"end":{"line":8,"column":1}},"locations":[{"start":{"line":5,"column":58},"end":{"line":8,"column":1}}]},"5":{"type":"branch","line":11,"loc":{"start":{"line":11,"column":12},"end":{"line":11,"column":45}},"locations":[{"start":{"line":11,"column":12},"end":{"line":11,"column":45}}]},"6":{"type":"branch","line":11,"loc":{"start":{"line":11,"column":39},"end":{"line":11,"column":45}},"locations":[{"start":{"line":11,"column":39},"end":{"line":11,"column":45}}]},"7":{"type":"branch","line":13,"loc":{"start":{"line":13,"column":17},"end":{"line":14,"column":53}},"locations":[{"start":{"line":13,"column":17},"end":{"line":14,"column":53}}]},"8":{"type":"branch","line":14,"loc":{"start":{"line":14,"column":47},"end":{"line":14,"column":53}},"locations":[{"start":{"line":14,"column":47},"end":{"line":14,"column":53}}]},"9":{"type":"branch","line":16,"loc":{"start":{"line":16,"column":16},"end":{"line":17,"column":68}},"locations":[{"start":{"line":16,"column":16},"end":{"line":17,"column":68}}]},"10":{"type":"branch","line":17,"loc":{"start":{"line":17,"column":27},"end":{"line":17,"column":60}},"locations":[{"start":{"line":17,"column":27},"end":{"line":17,"column":60}}]},"11":{"type":"branch","line":17,"loc":{"start":{"line":17,"column":62},"end":{"line":17,"column":68}},"locations":[{"start":{"line":17,"column":62},"end":{"line":17,"column":68}}]},"12":{"type":"branch","line":19,"loc":{"start":{"line":19,"column":18},"end":{"line":23,"column":3}},"locations":[{"start":{"line":19,"column":18},"end":{"line":23,"column":3}}]},"13":{"type":"branch","line":20,"loc":{"start":{"line":20,"column":63},"end":{"line":20,"column":73}},"locations":[{"start":{"line":20,"column":63},"end":{"line":20,"column":73}}]},"14":{"type":"branch","line":20,"loc":{"start":{"line":20,"column":70},"end":{"line":22,"column":30}},"locations":[{"start":{"line":20,"column":70},"end":{"line":22,"column":30}}]},"15":{"type":"branch","line":22,"loc":{"start":{"line":22,"column":30},"end":{"line":22,"column":36}},"locations":[{"start":{"line":22,"column":30},"end":{"line":22,"column":36}}]},"16":{"type":"branch","line":25,"loc":{"start":{"line":25,"column":13},"end":{"line":29,"column":3}},"locations":[{"start":{"line":25,"column":13},"end":{"line":29,"column":3}}]},"17":{"type":"branch","line":25,"loc":{"start":{"line":25,"column":22},"end":{"line":29,"column":3}},"locations":[{"start":{"line":25,"column":22},"end":{"line":29,"column":3}}]},"18":{"type":"branch","line":26,"loc":{"start":{"line":26,"column":63},"end":{"line":26,"column":73}},"locations":[{"start":{"line":26,"column":63},"end":{"line":26,"column":73}}]},"19":{"type":"branch","line":28,"loc":{"start":{"line":28,"column":42},"end":{"line":28,"column":48}},"locations":[{"start":{"line":28,"column":42},"end":{"line":28,"column":48}}]},"20":{"type":"branch","line":31,"loc":{"start":{"line":31,"column":9},"end":{"line":35,"column":3}},"locations":[{"start":{"line":31,"column":9},"end":{"line":35,"column":3}}]},"21":{"type":"branch","line":32,"loc":{"start":{"line":32,"column":24},"end":{"line":32,"column":34}},"locations":[{"start":{"line":32,"column":24},"end":{"line":32,"column":34}}]},"22":{"type":"branch","line":32,"loc":{"start":{"line":32,"column":31},"end":{"line":34,"column":48}},"locations":[{"start":{"line":32,"column":31},"end":{"line":34,"column":48}}]},"23":{"type":"branch","line":34,"loc":{"start":{"line":34,"column":48},"end":{"line":34,"column":77}},"locations":[{"start":{"line":34,"column":48},"end":{"line":34,"column":77}}]},"24":{"type":"branch","line":37,"loc":{"start":{"line":37,"column":17},"end":{"line":38,"column":57}},"locations":[{"start":{"line":37,"column":17},"end":{"line":38,"column":57}}]},"25":{"type":"branch","line":37,"loc":{"start":{"line":37,"column":28},"end":{"line":38,"column":57}},"locations":[{"start":{"line":37,"column":28},"end":{"line":38,"column":57}}]},"26":{"type":"branch","line":38,"loc":{"start":{"line":38,"column":20},"end":{"line":38,"column":57}},"locations":[{"start":{"line":38,"column":20},"end":{"line":38,"column":57}}]}},"b":{"0":[7],"1":[6],"2":[1],"3":[6],"4":[0],"5":[4],"6":[3],"7":[2],"8":[1],"9":[3],"10":[2],"11":[2],"12":[3],"13":[1],"14":[2],"15":[1],"16":[1],"17":[2],"18":[0],"19":[1],"20":[3],"21":[1],"22":[2],"23":[1],"24":[1],"25":[2],"26":[1]},"fnMap":{"0":{"name":"isEmpty","decl":{"start":{"line":3,"column":0},"end":{"line":8,"column":1}},"loc":{"start":{"line":3,"column":0},"end":{"line":8,"column":1}},"line":3},"1":{"name":"required","decl":{"start":{"line":11,"column":12},"end":{"line":11,"column":45}},"loc":{"start":{"line":11,"column":12},"end":{"line":11,"column":45}},"line":11},"2":{"name":"requiredArray","decl":{"start":{"line":13,"column":17},"end":{"line":14,"column":53}},"loc":{"start":{"line":13,"column":17},"end":{"line":14,"column":53}},"line":13},"3":{"name":"requiredDate","decl":{"start":{"line":16,"column":16},"end":{"line":17,"column":68}},"loc":{"start":{"line":16,"column":16},"end":{"line":17,"column":68}},"line":16},"4":{"name":"requiredNumber","decl":{"start":{"line":19,"column":18},"end":{"line":23,"column":3}},"loc":{"start":{"line":19,"column":18},"end":{"line":23,"column":3}},"line":19},"5":{"name":"minNumber","decl":{"start":{"line":25,"column":13},"end":{"line":29,"column":3}},"loc":{"start":{"line":25,"column":13},"end":{"line":29,"column":3}},"line":25},"6":{"name":"email","decl":{"start":{"line":31,"column":9},"end":{"line":35,"column":3}},"loc":{"start":{"line":31,"column":9},"end":{"line":35,"column":3}},"line":31},"7":{"name":"passwordMatch","decl":{"start":{"line":37,"column":17},"end":{"line":38,"column":57}},"loc":{"start":{"line":37,"column":17},"end":{"line":38,"column":57}},"line":37},"8":{"name":"validateForm","decl":{"start":{"line":42,"column":7},"end":{"line":46,"column":1}},"loc":{"start":{"line":42,"column":7},"end":{"line":46,"column":1}},"line":42}},"f":{"0":7,"1":4,"2":2,"3":3,"4":3,"5":1,"6":3,"7":1,"8":0}}
}
