{"/Users/christophosswald/kDrive-Privat/Software/order-platform/cloud/frontend/src/utils/dashboardMetrics.js": {"path":"/Users/christophosswald/kDrive-Privat/Software/order-platform/cloud/frontend/src/utils/dashboardMetrics.js","statementMap":{"0":{"start":{"line":2,"column":35},"end":{"line":7,"column":null}},"1":{"start":{"line":10,"column":14},"end":{"line":10,"column":null}},"2":{"start":{"line":11,"column":2},"end":{"line":11,"column":null}},"3":{"start":{"line":15,"column":17},"end":{"line":15,"column":null}},"4":{"start":{"line":16,"column":2},"end":{"line":19,"column":null}},"5":{"start":{"line":17,"column":16},"end":{"line":17,"column":null}},"6":{"start":{"line":18,"column":4},"end":{"line":18,"column":null}},"7":{"start":{"line":18,"column":23},"end":{"line":18,"column":null}},"8":{"start":{"line":20,"column":2},"end":{"line":20,"column":null}},"9":{"start":{"line":24,"column":12},"end":{"line":24,"column":null}},"10":{"start":{"line":25,"column":2},"end":{"line":31,"column":null}},"11":{"start":{"line":26,"column":19},"end":{"line":26,"column":null}},"12":{"start":{"line":27,"column":4},"end":{"line":27,"column":null}},"13":{"start":{"line":27,"column":48},"end":{"line":27,"column":null}},"14":{"start":{"line":28,"column":18},"end":{"line":28,"column":null}},"15":{"start":{"line":29,"column":16},"end":{"line":29,"column":null}},"16":{"start":{"line":30,"column":4},"end":{"line":30,"column":null}},"17":{"start":{"line":38,"column":18},"end":{"line":38,"column":null}},"18":{"start":{"line":39,"column":16},"end":{"line":39,"column":null}},"19":{"start":{"line":41,"column":2},"end":{"line":62,"column":null}},"20":{"start":{"line":42,"column":19},"end":{"line":42,"column":null}},"21":{"start":{"line":43,"column":18},"end":{"line":43,"column":null}},"22":{"start":{"line":45,"column":4},"end":{"line":52,"column":null}},"23":{"start":{"line":46,"column":6},"end":{"line":51,"column":null}},"24":{"start":{"line":54,"column":4},"end":{"line":61,"column":null}},"25":{"start":{"line":55,"column":6},"end":{"line":60,"column":null}},"26":{"start":{"line":64,"column":2},"end":{"line":64,"column":null}},"27":{"start":{"line":68,"column":2},"end":{"line":68,"column":null}},"28":{"start":{"line":68,"column":28},"end":{"line":68,"column":null}},"29":{"start":{"line":69,"column":2},"end":{"line":76,"column":null}},"30":{"start":{"line":70,"column":17},"end":{"line":70,"column":null}},"31":{"start":{"line":71,"column":18},"end":{"line":71,"column":null}},"32":{"start":{"line":72,"column":16},"end":{"line":72,"column":null}},"33":{"start":{"line":73,"column":4},"end":{"line":73,"column":null}},"34":{"start":{"line":75,"column":4},"end":{"line":75,"column":null}},"35":{"start":{"line":80,"column":17},"end":{"line":80,"column":null}},"36":{"start":{"line":81,"column":17},"end":{"line":81,"column":null}},"37":{"start":{"line":82,"column":16},"end":{"line":82,"column":null}},"38":{"start":{"line":83,"column":2},"end":{"line":83,"column":null}},"39":{"start":{"line":83,"column":24},"end":{"line":83,"column":null}},"40":{"start":{"line":84,"column":2},"end":{"line":84,"column":null}},"41":{"start":{"line":84,"column":18},"end":{"line":84,"column":null}},"42":{"start":{"line":85,"column":2},"end":{"line":85,"column":null}},"43":{"start":{"line":85,"column":18},"end":{"line":85,"column":null}},"44":{"start":{"line":86,"column":2},"end":{"line":86,"column":null}}},"fnMap":{"0":{"name":"statusLabel","decl":{"start":{"line":9,"column":16},"end":{"line":9,"column":27}},"loc":{"start":{"line":9,"column":36},"end":{"line":12,"column":null}},"line":9},"1":{"name":"eventsByStatus","decl":{"start":{"line":14,"column":16},"end":{"line":14,"column":30}},"loc":{"start":{"line":14,"column":39},"end":{"line":21,"column":null}},"line":14},"2":{"name":"runningEvents","decl":{"start":{"line":23,"column":16},"end":{"line":23,"column":29}},"loc":{"start":{"line":23,"column":56},"end":{"line":32,"column":null}},"line":23},"3":{"name":"(anonymous_3)","decl":{"start":{"line":25,"column":31},"end":{"line":25,"column":32}},"loc":{"start":{"line":25,"column":42},"end":{"line":31,"column":3}},"line":25},"4":{"name":"attentionItems","decl":{"start":{"line":37,"column":16},"end":{"line":37,"column":30}},"loc":{"start":{"line":37,"column":57},"end":{"line":65,"column":null}},"line":37},"5":{"name":"formatEventDateRange","decl":{"start":{"line":67,"column":16},"end":{"line":67,"column":36}},"loc":{"start":{"line":67,"column":55},"end":{"line":77,"column":null}},"line":67},"6":{"name":"eventsStatDetail","decl":{"start":{"line":79,"column":16},"end":{"line":79,"column":32}},"loc":{"start":{"line":79,"column":61},"end":{"line":87,"column":null}},"line":79}},"branchMap":{"0":{"loc":{"start":{"line":10,"column":21},"end":{"line":10,"column":33}},"type":"binary-expr","locations":[{"start":{"line":10,"column":21},"end":{"line":10,"column":27}},{"start":{"line":10,"column":31},"end":{"line":10,"column":33}}],"line":10},"1":{"loc":{"start":{"line":11,"column":9},"end":{"line":11,"column":null}},"type":"binary-expr","locations":[{"start":{"line":11,"column":9},"end":{"line":11,"column":33}},{"start":{"line":11,"column":37},"end":{"line":11,"column":43}},{"start":{"line":11,"column":47},"end":{"line":11,"column":null}}],"line":11},"2":{"loc":{"start":{"line":16,"column":22},"end":{"line":16,"column":34}},"type":"binary-expr","locations":[{"start":{"line":16,"column":22},"end":{"line":16,"column":28}},{"start":{"line":16,"column":32},"end":{"line":16,"column":34}}],"line":16},"3":{"loc":{"start":{"line":17,"column":23},"end":{"line":17,"column":47}},"type":"binary-expr","locations":[{"start":{"line":17,"column":23},"end":{"line":17,"column":35}},{"start":{"line":17,"column":39},"end":{"line":17,"column":47}}],"line":17},"4":{"loc":{"start":{"line":18,"column":4},"end":{"line":18,"column":null}},"type":"if","locations":[{"start":{"line":18,"column":4},"end":{"line":18,"column":null}},{"start":{},"end":{}}],"line":18},"5":{"loc":{"start":{"line":23,"column":38},"end":{"line":23,"column":54}},"type":"default-arg","locations":[{"start":{"line":23,"column":44},"end":{"line":23,"column":54}}],"line":23},"6":{"loc":{"start":{"line":25,"column":10},"end":{"line":25,"column":22}},"type":"binary-expr","locations":[{"start":{"line":25,"column":10},"end":{"line":25,"column":16}},{"start":{"line":25,"column":20},"end":{"line":25,"column":22}}],"line":25},"7":{"loc":{"start":{"line":26,"column":26},"end":{"line":26,"column":44}},"type":"binary-expr","locations":[{"start":{"line":26,"column":26},"end":{"line":26,"column":38}},{"start":{"line":26,"column":42},"end":{"line":26,"column":44}}],"line":26},"8":{"loc":{"start":{"line":27,"column":4},"end":{"line":27,"column":null}},"type":"if","locations":[{"start":{"line":27,"column":4},"end":{"line":27,"column":null}},{"start":{},"end":{}}],"line":27},"9":{"loc":{"start":{"line":27,"column":8},"end":{"line":27,"column":46}},"type":"binary-expr","locations":[{"start":{"line":27,"column":8},"end":{"line":27,"column":25}},{"start":{"line":27,"column":29},"end":{"line":27,"column":46}}],"line":27},"10":{"loc":{"start":{"line":28,"column":18},"end":{"line":28,"column":null}},"type":"cond-expr","locations":[{"start":{"line":28,"column":32},"end":{"line":28,"column":63}},{"start":{"line":28,"column":66},"end":{"line":28,"column":null}}],"line":28},"11":{"loc":{"start":{"line":29,"column":16},"end":{"line":29,"column":null}},"type":"cond-expr","locations":[{"start":{"line":29,"column":28},"end":{"line":29,"column":57}},{"start":{"line":29,"column":60},"end":{"line":29,"column":null}}],"line":29},"12":{"loc":{"start":{"line":30,"column":11},"end":{"line":30,"column":null}},"type":"binary-expr","locations":[{"start":{"line":30,"column":11},"end":{"line":30,"column":31}},{"start":{"line":30,"column":35},"end":{"line":30,"column":53}},{"start":{"line":30,"column":57},"end":{"line":30,"column":67}},{"start":{"line":30,"column":71},"end":{"line":30,"column":null}}],"line":30},"13":{"loc":{"start":{"line":37,"column":39},"end":{"line":37,"column":55}},"type":"default-arg","locations":[{"start":{"line":37,"column":45},"end":{"line":37,"column":55}}],"line":37},"14":{"loc":{"start":{"line":41,"column":22},"end":{"line":41,"column":34}},"type":"binary-expr","locations":[{"start":{"line":41,"column":22},"end":{"line":41,"column":28}},{"start":{"line":41,"column":32},"end":{"line":41,"column":34}}],"line":41},"15":{"loc":{"start":{"line":42,"column":26},"end":{"line":42,"column":44}},"type":"binary-expr","locations":[{"start":{"line":42,"column":26},"end":{"line":42,"column":38}},{"start":{"line":42,"column":42},"end":{"line":42,"column":44}}],"line":42},"16":{"loc":{"start":{"line":43,"column":18},"end":{"line":43,"column":null}},"type":"cond-expr","locations":[{"start":{"line":43,"column":32},"end":{"line":43,"column":63}},{"start":{"line":43,"column":66},"end":{"line":43,"column":null}}],"line":43},"17":{"loc":{"start":{"line":45,"column":4},"end":{"line":52,"column":null}},"type":"if","locations":[{"start":{"line":45,"column":4},"end":{"line":52,"column":null}},{"start":{},"end":{}}],"line":45},"18":{"loc":{"start":{"line":45,"column":8},"end":{"line":45,"column":64}},"type":"binary-expr","locations":[{"start":{"line":45,"column":8},"end":{"line":45,"column":27}},{"start":{"line":45,"column":31},"end":{"line":45,"column":44}},{"start":{"line":45,"column":48},"end":{"line":45,"column":64}}],"line":45},"19":{"loc":{"start":{"line":54,"column":4},"end":{"line":61,"column":null}},"type":"if","locations":[{"start":{"line":54,"column":4},"end":{"line":61,"column":null}},{"start":{},"end":{}}],"line":54},"20":{"loc":{"start":{"line":54,"column":8},"end":{"line":54,"column":113}},"type":"binary-expr","locations":[{"start":{"line":54,"column":9},"end":{"line":54,"column":26}},{"start":{"line":54,"column":30},"end":{"line":54,"column":47}},{"start":{"line":54,"column":52},"end":{"line":54,"column":90}},{"start":{"line":54,"column":94},"end":{"line":54,"column":113}}],"line":54},"21":{"loc":{"start":{"line":68,"column":2},"end":{"line":68,"column":null}},"type":"if","locations":[{"start":{"line":68,"column":2},"end":{"line":68,"column":null}},{"start":{},"end":{}}],"line":68},"22":{"loc":{"start":{"line":68,"column":6},"end":{"line":68,"column":26}},"type":"binary-expr","locations":[{"start":{"line":68,"column":6},"end":{"line":68,"column":15}},{"start":{"line":68,"column":19},"end":{"line":68,"column":26}}],"line":68},"23":{"loc":{"start":{"line":80,"column":18},"end":{"line":80,"column":41}},"type":"binary-expr","locations":[{"start":{"line":80,"column":18},"end":{"line":80,"column":36}},{"start":{"line":80,"column":40},"end":{"line":80,"column":41}}],"line":80},"24":{"loc":{"start":{"line":80,"column":46},"end":{"line":80,"column":69}},"type":"binary-expr","locations":[{"start":{"line":80,"column":46},"end":{"line":80,"column":64}},{"start":{"line":80,"column":68},"end":{"line":80,"column":69}}],"line":80},"25":{"loc":{"start":{"line":81,"column":17},"end":{"line":81,"column":null}},"type":"binary-expr","locations":[{"start":{"line":81,"column":17},"end":{"line":81,"column":37}},{"start":{"line":81,"column":41},"end":{"line":81,"column":null}}],"line":81},"26":{"loc":{"start":{"line":83,"column":2},"end":{"line":83,"column":null}},"type":"if","locations":[{"start":{"line":83,"column":2},"end":{"line":83,"column":null}},{"start":{},"end":{}}],"line":83},"27":{"loc":{"start":{"line":84,"column":2},"end":{"line":84,"column":null}},"type":"if","locations":[{"start":{"line":84,"column":2},"end":{"line":84,"column":null}},{"start":{},"end":{}}],"line":84},"28":{"loc":{"start":{"line":85,"column":2},"end":{"line":85,"column":null}},"type":"if","locations":[{"start":{"line":85,"column":2},"end":{"line":85,"column":null}},{"start":{},"end":{}}],"line":85},"29":{"loc":{"start":{"line":86,"column":9},"end":{"line":86,"column":null}},"type":"cond-expr","locations":[{"start":{"line":86,"column":24},"end":{"line":86,"column":41}},{"start":{"line":86,"column":44},"end":{"line":86,"column":null}}],"line":86}},"s":{"0":1,"1":3,"2":3,"3":1,"4":1,"5":4,"6":4,"7":4,"8":1,"9":2,"10":2,"11":6,"12":6,"13":2,"14":4,"15":6,"16":6,"17":2,"18":2,"19":2,"20":2,"21":2,"22":2,"23":1,"24":2,"25":1,"26":2,"27":2,"28":1,"29":1,"30":1,"31":1,"32":1,"33":1,"34":0,"35":2,"36":2,"37":2,"38":2,"39":1,"40":2,"41":1,"42":2,"43":1,"44":2},"f":{"0":3,"1":1,"2":2,"3":6,"4":2,"5":2,"6":2},"b":{"0":[3,1],"1":[3,2,1],"2":[1,0],"3":[4,0],"4":[4,0],"5":[2],"6":[2,0],"7":[6,0],"8":[2,4],"9":[6,4],"10":[4,0],"11":[4,0],"12":[6,4,4,2],"13":[2],"14":[2,0],"15":[2,0],"16":[1,1],"17":[1,1],"18":[2,1,1],"19":[1,1],"20":[2,2,1,1],"21":[1,1],"22":[2,1],"23":[2,1],"24":[2,1],"25":[2,1],"26":[1,1],"27":[1,1],"28":[1,1],"29":[1,1]},"meta":{"lastBranch":30,"lastFunction":7,"lastStatement":45,"seen":{"s:2:35:7:Infinity":0,"f:9:16:9:27":0,"s:10:14:10:Infinity":1,"b:10:21:10:27:10:31:10:33":0,"s:11:2:11:Infinity":2,"b:11:9:11:33:11:37:11:43:11:47:11:Infinity":1,"f:14:16:14:30":1,"s:15:17:15:Infinity":3,"s:16:2:19:Infinity":4,"b:16:22:16:28:16:32:16:34":2,"s:17:16:17:Infinity":5,"b:17:23:17:35:17:39:17:47":3,"b:18:4:18:Infinity:undefined:undefined:undefined:undefined":4,"s:18:4:18:Infinity":6,"s:18:23:18:Infinity":7,"s:20:2:20:Infinity":8,"f:23:16:23:29":2,"b:23:44:23:54":5,"s:24:12:24:Infinity":9,"s:25:2:31:Infinity":10,"b:25:10:25:16:25:20:25:22":6,"f:25:31:25:32":3,"s:26:19:26:Infinity":11,"b:26:26:26:38:26:42:26:44":7,"b:27:4:27:Infinity:undefined:undefined:undefined:undefined":8,"s:27:4:27:Infinity":12,"b:27:8:27:25:27:29:27:46":9,"s:27:48:27:Infinity":13,"s:28:18:28:Infinity":14,"b:28:32:28:63:28:66:28:Infinity":10,"s:29:16:29:Infinity":15,"b:29:28:29:57:29:60:29:Infinity":11,"s:30:4:30:Infinity":16,"b:30:11:30:31:30:35:30:53:30:57:30:67:30:71:30:Infinity":12,"f:37:16:37:30":4,"b:37:45:37:55":13,"s:38:18:38:Infinity":17,"s:39:16:39:Infinity":18,"s:41:2:62:Infinity":19,"b:41:22:41:28:41:32:41:34":14,"s:42:19:42:Infinity":20,"b:42:26:42:38:42:42:42:44":15,"s:43:18:43:Infinity":21,"b:43:32:43:63:43:66:43:Infinity":16,"b:45:4:52:Infinity:undefined:undefined:undefined:undefined":17,"s:45:4:52:Infinity":22,"b:45:8:45:27:45:31:45:44:45:48:45:64":18,"s:46:6:51:Infinity":23,"b:54:4:61:Infinity:undefined:undefined:undefined:undefined":19,"s:54:4:61:Infinity":24,"b:54:9:54:26:54:30:54:47:54:52:54:90:54:94:54:113":20,"s:55:6:60:Infinity":25,"s:64:2:64:Infinity":26,"f:67:16:67:36":5,"b:68:2:68:Infinity:undefined:undefined:undefined:undefined":21,"s:68:2:68:Infinity":27,"b:68:6:68:15:68:19:68:26":22,"s:68:28:68:Infinity":28,"s:69:2:76:Infinity":29,"s:70:17:70:Infinity":30,"s:71:18:71:Infinity":31,"s:72:16:72:Infinity":32,"s:73:4:73:Infinity":33,"s:75:4:75:Infinity":34,"f:79:16:79:32":6,"s:80:17:80:Infinity":35,"b:80:18:80:36:80:40:80:41":23,"b:80:46:80:64:80:68:80:69":24,"s:81:17:81:Infinity":36,"b:81:17:81:37:81:41:81:Infinity":25,"s:82:16:82:Infinity":37,"b:83:2:83:Infinity:undefined:undefined:undefined:undefined":26,"s:83:2:83:Infinity":38,"s:83:24:83:Infinity":39,"b:84:2:84:Infinity:undefined:undefined:undefined:undefined":27,"s:84:2:84:Infinity":40,"s:84:18:84:Infinity":41,"b:85:2:85:Infinity:undefined:undefined:undefined:undefined":28,"s:85:2:85:Infinity":42,"s:85:18:85:Infinity":43,"s:86:2:86:Infinity":44,"b:86:24:86:41:86:44:86:Infinity":29}}}
,"/Users/christophosswald/kDrive-Privat/Software/order-platform/cloud/frontend/src/utils/formRules.js": {"path":"/Users/christophosswald/kDrive-Privat/Software/order-platform/cloud/frontend/src/utils/formRules.js","statementMap":{"0":{"start":{"line":1,"column":12},"end":{"line":1,"column":null}},"1":{"start":{"line":4,"column":2},"end":{"line":4,"column":null}},"2":{"start":{"line":4,"column":45},"end":{"line":4,"column":null}},"3":{"start":{"line":5,"column":2},"end":{"line":5,"column":null}},"4":{"start":{"line":5,"column":33},"end":{"line":5,"column":null}},"5":{"start":{"line":6,"column":2},"end":{"line":6,"column":null}},"6":{"start":{"line":6,"column":28},"end":{"line":6,"column":null}},"7":{"start":{"line":7,"column":2},"end":{"line":7,"column":null}},"8":{"start":{"line":10,"column":21},"end":{"line":39,"column":null}},"9":{"start":{"line":11,"column":23},"end":{"line":11,"column":45}},"10":{"start":{"line":14,"column":4},"end":{"line":14,"column":53}},"11":{"start":{"line":17,"column":4},"end":{"line":17,"column":68}},"12":{"start":{"line":20,"column":4},"end":{"line":20,"column":null}},"13":{"start":{"line":20,"column":63},"end":{"line":20,"column":null}},"14":{"start":{"line":21,"column":14},"end":{"line":21,"column":null}},"15":{"start":{"line":22,"column":4},"end":{"line":22,"column":null}},"16":{"start":{"line":25,"column":22},"end":{"line":29,"column":3}},"17":{"start":{"line":26,"column":4},"end":{"line":26,"column":null}},"18":{"start":{"line":26,"column":63},"end":{"line":26,"column":null}},"19":{"start":{"line":27,"column":14},"end":{"line":27,"column":null}},"20":{"start":{"line":28,"column":4},"end":{"line":28,"column":null}},"21":{"start":{"line":32,"column":4},"end":{"line":32,"column":null}},"22":{"start":{"line":32,"column":24},"end":{"line":32,"column":null}},"23":{"start":{"line":33,"column":14},"end":{"line":33,"column":null}},"24":{"start":{"line":34,"column":4},"end":{"line":34,"column":null}},"25":{"start":{"line":37,"column":28},"end":{"line":38,"column":57}},"26":{"start":{"line":38,"column":4},"end":{"line":38,"column":57}},"27":{"start":{"line":43,"column":2},"end":{"line":43,"column":null}},"28":{"start":{"line":43,"column":23},"end":{"line":43,"column":null}},"29":{"start":{"line":44,"column":17},"end":{"line":44,"column":null}},"30":{"start":{"line":45,"column":2},"end":{"line":45,"column":null}}},"fnMap":{"0":{"name":"isEmpty","decl":{"start":{"line":3,"column":9},"end":{"line":3,"column":16}},"loc":{"start":{"line":3,"column":24},"end":{"line":8,"column":null}},"line":3},"1":{"name":"(anonymous_1)","decl":{"start":{"line":11,"column":12},"end":{"line":11,"column":13}},"loc":{"start":{"line":11,"column":23},"end":{"line":11,"column":45}},"line":11},"2":{"name":"(anonymous_2)","decl":{"start":{"line":13,"column":17},"end":{"line":13,"column":18}},"loc":{"start":{"line":14,"column":4},"end":{"line":14,"column":53}},"line":14},"3":{"name":"(anonymous_3)","decl":{"start":{"line":16,"column":16},"end":{"line":16,"column":17}},"loc":{"start":{"line":17,"column":4},"end":{"line":17,"column":68}},"line":17},"4":{"name":"(anonymous_4)","decl":{"start":{"line":19,"column":18},"end":{"line":19,"column":19}},"loc":{"start":{"line":19,"column":29},"end":{"line":23,"column":3}},"line":19},"5":{"name":"(anonymous_5)","decl":{"start":{"line":25,"column":13},"end":{"line":25,"column":14}},"loc":{"start":{"line":25,"column":22},"end":{"line":29,"column":3}},"line":25},"6":{"name":"(anonymous_6)","decl":{"start":{"line":25,"column":22},"end":{"line":25,"column":23}},"loc":{"start":{"line":25,"column":33},"end":{"line":29,"column":3}},"line":25},"7":{"name":"(anonymous_7)","decl":{"start":{"line":31,"column":9},"end":{"line":31,"column":10}},"loc":{"start":{"line":31,"column":20},"end":{"line":35,"column":3}},"line":31},"8":{"name":"(anonymous_8)","decl":{"start":{"line":37,"column":17},"end":{"line":37,"column":18}},"loc":{"start":{"line":37,"column":28},"end":{"line":38,"column":57}},"line":37},"9":{"name":"(anonymous_9)","decl":{"start":{"line":37,"column":28},"end":{"line":37,"column":29}},"loc":{"start":{"line":38,"column":4},"end":{"line":38,"column":57}},"line":38},"10":{"name":"validateForm","decl":{"start":{"line":42,"column":22},"end":{"line":42,"column":34}},"loc":{"start":{"line":42,"column":44},"end":{"line":46,"column":null}},"line":42}},"branchMap":{"0":{"loc":{"start":{"line":4,"column":2},"end":{"line":4,"column":null}},"type":"if","locations":[{"start":{"line":4,"column":2},"end":{"line":4,"column":null}},{"start":{},"end":{}}],"line":4},"1":{"loc":{"start":{"line":4,"column":6},"end":{"line":4,"column":43}},"type":"binary-expr","locations":[{"start":{"line":4,"column":6},"end":{"line":4,"column":20}},{"start":{"line":4,"column":24},"end":{"line":4,"column":43}}],"line":4},"2":{"loc":{"start":{"line":5,"column":2},"end":{"line":5,"column":null}},"type":"if","locations":[{"start":{"line":5,"column":2},"end":{"line":5,"column":null}},{"start":{},"end":{}}],"line":5},"3":{"loc":{"start":{"line":6,"column":2},"end":{"line":6,"column":null}},"type":"if","locations":[{"start":{"line":6,"column":2},"end":{"line":6,"column":null}},{"start":{},"end":{}}],"line":6},"4":{"loc":{"start":{"line":11,"column":23},"end":{"line":11,"column":45}},"type":"binary-expr","locations":[{"start":{"line":11,"column":23},"end":{"line":11,"column":38}},{"start":{"line":11,"column":42},"end":{"line":11,"column":45}}],"line":11},"5":{"loc":{"start":{"line":14,"column":4},"end":{"line":14,"column":53}},"type":"binary-expr","locations":[{"start":{"line":14,"column":5},"end":{"line":14,"column":25}},{"start":{"line":14,"column":29},"end":{"line":14,"column":45}},{"start":{"line":14,"column":50},"end":{"line":14,"column":53}}],"line":14},"6":{"loc":{"start":{"line":17,"column":4},"end":{"line":17,"column":68}},"type":"binary-expr","locations":[{"start":{"line":17,"column":5},"end":{"line":17,"column":26}},{"start":{"line":17,"column":30},"end":{"line":17,"column":60}},{"start":{"line":17,"column":65},"end":{"line":17,"column":68}}],"line":17},"7":{"loc":{"start":{"line":20,"column":4},"end":{"line":20,"column":null}},"type":"if","locations":[{"start":{"line":20,"column":4},"end":{"line":20,"column":null}},{"start":{},"end":{}}],"line":20},"8":{"loc":{"start":{"line":20,"column":8},"end":{"line":20,"column":61}},"type":"binary-expr","locations":[{"start":{"line":20,"column":8},"end":{"line":20,"column":22}},{"start":{"line":20,"column":26},"end":{"line":20,"column":45}},{"start":{"line":20,"column":49},"end":{"line":20,"column":61}}],"line":20},"9":{"loc":{"start":{"line":22,"column":11},"end":{"line":22,"column":null}},"type":"binary-expr","locations":[{"start":{"line":22,"column":12},"end":{"line":22,"column":28}},{"start":{"line":22,"column":33},"end":{"line":22,"column":null}}],"line":22},"10":{"loc":{"start":{"line":26,"column":4},"end":{"line":26,"column":null}},"type":"if","locations":[{"start":{"line":26,"column":4},"end":{"line":26,"column":null}},{"start":{},"end":{}}],"line":26},"11":{"loc":{"start":{"line":26,"column":8},"end":{"line":26,"column":61}},"type":"binary-expr","locations":[{"start":{"line":26,"column":8},"end":{"line":26,"column":22}},{"start":{"line":26,"column":26},"end":{"line":26,"column":45}},{"start":{"line":26,"column":49},"end":{"line":26,"column":61}}],"line":26},"12":{"loc":{"start":{"line":28,"column":11},"end":{"line":28,"column":null}},"type":"binary-expr","locations":[{"start":{"line":28,"column":12},"end":{"line":28,"column":28}},{"start":{"line":28,"column":32},"end":{"line":28,"column":40}},{"start":{"line":28,"column":45},"end":{"line":28,"column":null}}],"line":28},"13":{"loc":{"start":{"line":32,"column":4},"end":{"line":32,"column":null}},"type":"if","locations":[{"start":{"line":32,"column":4},"end":{"line":32,"column":null}},{"start":{},"end":{}}],"line":32},"14":{"loc":{"start":{"line":34,"column":11},"end":{"line":34,"column":null}},"type":"binary-expr","locations":[{"start":{"line":34,"column":11},"end":{"line":34,"column":47}},{"start":{"line":34,"column":51},"end":{"line":34,"column":null}}],"line":34},"15":{"loc":{"start":{"line":38,"column":4},"end":{"line":38,"column":57}},"type":"binary-expr","locations":[{"start":{"line":38,"column":4},"end":{"line":38,"column":19}},{"start":{"line":38,"column":23},"end":{"line":38,"column":57}}],"line":38},"16":{"loc":{"start":{"line":43,"column":2},"end":{"line":43,"column":null}},"type":"if","locations":[{"start":{"line":43,"column":2},"end":{"line":43,"column":null}},{"start":{},"end":{}}],"line":43}},"s":{"0":2,"1":7,"2":1,"3":6,"4":6,"5":0,"6":0,"7":0,"8":2,"9":4,"10":2,"11":3,"12":3,"13":1,"14":2,"15":2,"16":1,"17":2,"18":0,"19":2,"20":2,"21":3,"22":1,"23":2,"24":2,"25":1,"26":2,"27":0,"28":0,"29":0,"30":0},"f":{"0":7,"1":4,"2":2,"3":3,"4":3,"5":1,"6":2,"7":3,"8":1,"9":2,"10":0},"b":{"0":[1,6],"1":[7,6],"2":[6,0],"3":[0,0],"4":[4,3],"5":[2,2,1],"6":[3,2,2],"7":[1,2],"8":[3,3,3],"9":[2,1],"10":[0,2],"11":[2,2,2],"12":[2,2,1],"13":[1,2],"14":[2,1],"15":[2,1],"16":[0,0]},"meta":{"lastBranch":17,"lastFunction":11,"lastStatement":31,"seen":{"s:1:12:1:Infinity":0,"f:3:9:3:16":0,"b:4:2:4:Infinity:undefined:undefined:undefined:undefined":0,"s:4:2:4:Infinity":1,"b:4:6:4:20:4:24:4:43":1,"s:4:45:4:Infinity":2,"b:5:2:5:Infinity:undefined:undefined:undefined:undefined":2,"s:5:2:5:Infinity":3,"s:5:33:5:Infinity":4,"b:6:2:6:Infinity:undefined:undefined:undefined:undefined":3,"s:6:2:6:Infinity":5,"s:6:28:6:Infinity":6,"s:7:2:7:Infinity":7,"s:10:21:39:Infinity":8,"f:11:12:11:13":1,"s:11:23:11:45":9,"b:11:23:11:38:11:42:11:45":4,"f:13:17:13:18":2,"s:14:4:14:53":10,"b:14:5:14:25:14:29:14:45:14:50:14:53":5,"f:16:16:16:17":3,"s:17:4:17:68":11,"b:17:5:17:26:17:30:17:60:17:65:17:68":6,"f:19:18:19:19":4,"b:20:4:20:Infinity:undefined:undefined:undefined:undefined":7,"s:20:4:20:Infinity":12,"b:20:8:20:22:20:26:20:45:20:49:20:61":8,"s:20:63:20:Infinity":13,"s:21:14:21:Infinity":14,"s:22:4:22:Infinity":15,"b:22:12:22:28:22:33:22:Infinity":9,"f:25:13:25:14":5,"s:25:22:29:3":16,"f:25:22:25:23":6,"b:26:4:26:Infinity:undefined:undefined:undefined:undefined":10,"s:26:4:26:Infinity":17,"b:26:8:26:22:26:26:26:45:26:49:26:61":11,"s:26:63:26:Infinity":18,"s:27:14:27:Infinity":19,"s:28:4:28:Infinity":20,"b:28:12:28:28:28:32:28:40:28:45:28:Infinity":12,"f:31:9:31:10":7,"b:32:4:32:Infinity:undefined:undefined:undefined:undefined":13,"s:32:4:32:Infinity":21,"s:32:24:32:Infinity":22,"s:33:14:33:Infinity":23,"s:34:4:34:Infinity":24,"b:34:11:34:47:34:51:34:Infinity":14,"f:37:17:37:18":8,"s:37:28:38:57":25,"f:37:28:37:29":9,"s:38:4:38:57":26,"b:38:4:38:19:38:23:38:57":15,"f:42:22:42:34":10,"b:43:2:43:Infinity:undefined:undefined:undefined:undefined":16,"s:43:2:43:Infinity":27,"s:43:23:43:Infinity":28,"s:44:17:44:Infinity":29,"s:45:2:45:Infinity":30}}}
}
